Loading required package: foreach
Loading required package: iterators
Loading required package: parallel
i Loading pmInequalityAnalysis

Attaching package: 'dplyr'

The following objects are masked from 'package:stats':

    filter, lag

The following objects are masked from 'package:base':

    intersect, setdiff, setequal, union

Warning message:
The total burden data from CDC wonder need to be downloaded 
i Loading pmInequalityAnalysis
i Loading pmInequalityAnalysis
i Loading pmInequalityAnalysis
i Loading pmInequalityAnalysis
i Loading pmInequalityAnalysis
i Loading pmInequalityAnalysis
i Loading pmInequalityAnalysis
i Loading pmInequalityAnalysis
i Loading pmInequalityAnalysis
i Loading pmInequalityAnalysis
i Loading pmInequalityAnalysis
i Loading pmInequalityAnalysis
i Loading pmInequalityAnalysis
i Loading pmInequalityAnalysis
i Loading pmInequalityAnalysis
i Loading pmInequalityAnalysis
i Loading pmInequalityAnalysis
i Loading pmInequalityAnalysis
i Loading pmInequalityAnalysis
i Loading pmInequalityAnalysis
i Loading pmInequalityAnalysis
i Loading pmInequalityAnalysis
i Loading pmInequalityAnalysis
i Loading pmInequalityAnalysis
i Loading pmInequalityAnalysis
i Loading pmInequalityAnalysis
i Loading pmInequalityAnalysis

Attaching package: 'tidyr'


Attaching package: 'tidyr'

The following object is masked from 'package:magrittr':

    extract

The following object is masked from 'package:magrittr':

    extract


Attaching package: 'tidyr'


Attaching package: 'tidyr'


Attaching package: 'tidyr'

The following object is masked from 'package:magrittr':

    extract

The following object is masked from 'package:magrittr':

    extract

The following object is masked from 'package:magrittr':

    extract


Attaching package: 'tidyr'


Attaching package: 'tidyr'


Attaching package: 'tidyr'

The following object is masked from 'package:magrittr':

    extract

The following object is masked from 'package:magrittr':

    extract


Attaching package: 'tidyr'

The following object is masked from 'package:magrittr':

    extract


Attaching package: 'tidyr'


Attaching package: 'tidyr'

The following object is masked from 'package:magrittr':

    extract

The following object is masked from 'package:magrittr':

    extract


Attaching package: 'tidyr'


Attaching package: 'tidyr'

The following object is masked from 'package:magrittr':

    extract


Attaching package: 'tidyr'

The following object is masked from 'package:magrittr':

    extract


Attaching package: 'tidyr'


Attaching package: 'tidyr'

The following object is masked from 'package:magrittr':

    extract

The following object is masked from 'package:magrittr':

    extract


Attaching package: 'tidyr'

The following object is masked from 'package:magrittr':

    extract


Attaching package: 'tidyr'

The following object is masked from 'package:magrittr':

    extract

The following object is masked from 'package:magrittr':

    extract

The following object is masked from 'package:magrittr':

    extract


Attaching package: 'tidyr'


Attaching package: 'tidyr'

The following object is masked from 'package:magrittr':

    extract

The following object is masked from 'package:magrittr':

    extract


Attaching package: 'tidyr'

The following object is masked from 'package:magrittr':

    extract


Attaching package: 'tidyr'


Attaching package: 'tidyr'

The following object is masked from 'package:magrittr':

    extract


Attaching package: 'tidyr'


Attaching package: 'tidyr'


Attaching package: 'tidyr'

The following object is masked from 'package:magrittr':

    extract

The following object is masked from 'package:magrittr':

    extract

The following object is masked from 'package:magrittr':

    extract

The following object is masked from 'package:magrittr':

    extract


Attaching package: 'tidyr'

The following object is masked from 'package:magrittr':

    extract

Error in `summarise()`:
i In argument: `mean = sum(mean)`.
Caused by error in `sum()`:
! invalid 'type' (closure) of argument
Backtrace:
     x
  1. +-... %>% ungroup()
  2. +-dplyr::ungroup(.)
  3. +-dplyr::summarise(., mean = sum(mean), lower = sum(lower), upper = sum(upper))
  4. +-dplyr:::summarise.data.frame(., mean = sum(mean), lower = sum(lower), upper = sum(upper))
  5. | \-dplyr:::summarise_cols(.data, dplyr_quosures(...), by, "summarise")
  6. |   +-base::withCallingHandlers(...)
  7. |   \-dplyr:::map(quosures, summarise_eval_one, mask = mask)
  8. |     \-base::lapply(.x, .f, ...)
  9. |       \-dplyr (local) FUN(X[[i]], ...)
 10. |         \-mask$eval_all_summarise(quo)
 11. |           \-dplyr (local) eval()
 12. \-base::.handleSimpleError(...)
 13.   \-dplyr (local) h(simpleError(msg, call))
 14.     \-dplyr (local) handler(cnd)
 15.       \-rlang::abort(message, class = error_class, parent = parent, call = error_call)
Execution halted
i Loading pmInequalityAnalysis
i Loading pmInequalityAnalysis
i Loading pmInequalityAnalysis
i Loading pmInequalityAnalysis
i Loading pmInequalityAnalysis
i Loading pmInequalityAnalysis
i Loading pmInequalityAnalysis
i Loading pmInequalityAnalysis
i Loading pmInequalityAnalysis
i Loading pmInequalityAnalysis
i Loading pmInequalityAnalysis
i Loading pmInequalityAnalysis
i Loading pmInequalityAnalysis
i Loading pmInequalityAnalysis
i Loading pmInequalityAnalysis
i Loading pmInequalityAnalysis
i Loading pmInequalityAnalysis
i Loading pmInequalityAnalysis
i Loading pmInequalityAnalysis
i Loading pmInequalityAnalysis
i Loading pmInequalityAnalysis
i Loading pmInequalityAnalysis
i Loading pmInequalityAnalysis
i Loading pmInequalityAnalysis
i Loading pmInequalityAnalysis
i Loading pmInequalityAnalysis

Attaching package: 'tidyr'

The following object is masked from 'package:magrittr':

    extract


Attaching package: 'tidyr'

The following object is masked from 'package:magrittr':

    extract


Attaching package: 'tidyr'

The following object is masked from 'package:magrittr':

    extract


Attaching package: 'tidyr'


Attaching package: 'tidyr'


Attaching package: 'tidyr'

The following object is masked from 'package:magrittr':

    extract


Attaching package: 'tidyr'

The following object is masked from 'package:magrittr':

    extract

The following object is masked from 'package:magrittr':

    extract


Attaching package: 'tidyr'

The following object is masked from 'package:magrittr':

    extract


Attaching package: 'tidyr'

The following object is masked from 'package:magrittr':

    extract


Attaching package: 'tidyr'

The following object is masked from 'package:magrittr':

    extract

i Loading pmInequalityAnalysis
The following object is masked from 'package:magrittr':

    extract


Attaching package: 'tidyr'


Attaching package: 'tidyr'

The following object is masked from 'package:magrittr':

    extract

The following object is masked from 'package:magrittr':

    extract


Attaching package: 'tidyr'


Attaching package: 'tidyr'

The following object is masked from 'package:magrittr':

    extract

The following object is masked from 'package:magrittr':

    extract


Attaching package: 'tidyr'


Attaching package: 'tidyr'

The following object is masked from 'package:magrittr':

    extract

The following object is masked from 'package:magrittr':

    extract


Attaching package: 'tidyr'


Attaching package: 'tidyr'


Attaching package: 'tidyr'

The following object is masked from 'package:magrittr':

    extract

The following object is masked from 'package:magrittr':

    extract

The following object is masked from 'package:magrittr':

    extract


Attaching package: 'tidyr'


Attaching package: 'tidyr'


Attaching package: 'tidyr'

The following object is masked from 'package:magrittr':

    extract

The following object is masked from 'package:magrittr':

    extract

The following object is masked from 'package:magrittr':

    extract


Attaching package: 'tidyr'

The following object is masked from 'package:magrittr':

    extract


Attaching package: 'tidyr'

The following object is masked from 'package:magrittr':

    extract


Attaching package: 'tidyr'

The following object is masked from 'package:magrittr':

    extract


Attaching package: 'tidyr'

The following object is masked from 'package:magrittr':

    extract


Attaching package: 'tidyr'

The following object is masked from 'package:magrittr':

    extract

Error: 'data/15_sum_higher_geog_level/county/attr_burden_age_adjusted_1994.csv' does not exist in current working directory ('/share/pi/mkiang/dfridljand_air_pollution/pm25_inequality').
Execution halted
Error: 'data/16_sum_higher_geog_level_total/county/total_burden_age_adjusted_1990.csv' does not exist in current working directory ('/share/pi/mkiang/dfridljand_air_pollution/pm25_inequality').
Execution halted
Warning message:
renv took longer than expected (18 seconds) to activate the sandbox.

The sandbox can be disabled by setting:

    RENV_CONFIG_SANDBOX_ENABLED = FALSE

within an appropriate start-up .Renviron file.

See `?renv::config` for more details. 
Warning message:
renv took longer than expected (13 seconds) to activate the sandbox.

The sandbox can be disabled by setting:

    RENV_CONFIG_SANDBOX_ENABLED = FALSE

within an appropriate start-up .Renviron file.

See `?renv::config` for more details. 
Warning message:
renv took longer than expected (17 seconds) to activate the sandbox.

The sandbox can be disabled by setting:

    RENV_CONFIG_SANDBOX_ENABLED = FALSE

within an appropriate start-up .Renviron file.

See `?renv::config` for more details. 
Warning message:
renv took longer than expected (14 seconds) to activate the sandbox.

The sandbox can be disabled by setting:

    RENV_CONFIG_SANDBOX_ENABLED = FALSE

within an appropriate start-up .Renviron file.

See `?renv::config` for more details. 
Warning message:
renv took longer than expected (19 seconds) to activate the sandbox.

The sandbox can be disabled by setting:

    RENV_CONFIG_SANDBOX_ENABLED = FALSE

within an appropriate start-up .Renviron file.

See `?renv::config` for more details. 
Warning message:
renv took longer than expected (14 seconds) to activate the sandbox.

The sandbox can be disabled by setting:

    RENV_CONFIG_SANDBOX_ENABLED = FALSE

within an appropriate start-up .Renviron file.

See `?renv::config` for more details. 
Warning message:
renv took longer than expected (15 seconds) to activate the sandbox.

The sandbox can be disabled by setting:

    RENV_CONFIG_SANDBOX_ENABLED = FALSE

within an appropriate start-up .Renviron file.

See `?renv::config` for more details. 
Warning message:
renv took longer than expected (21 seconds) to activate the sandbox.

The sandbox can be disabled by setting:

    RENV_CONFIG_SANDBOX_ENABLED = FALSE

within an appropriate start-up .Renviron file.

See `?renv::config` for more details. 
Warning message:
renv took longer than expected (21 seconds) to activate the sandbox.

The sandbox can be disabled by setting:

    RENV_CONFIG_SANDBOX_ENABLED = FALSE

within an appropriate start-up .Renviron file.

See `?renv::config` for more details. 
Warning message:
renv took longer than expected (10 seconds) to activate the sandbox.

The sandbox can be disabled by setting:

    RENV_CONFIG_SANDBOX_ENABLED = FALSE

within an appropriate start-up .Renviron file.

See `?renv::config` for more details. 
Warning message:
renv took longer than expected (21 seconds) to activate the sandbox.

The sandbox can be disabled by setting:

    RENV_CONFIG_SANDBOX_ENABLED = FALSE

within an appropriate start-up .Renviron file.

See `?renv::config` for more details. 
Warning message:
renv took longer than expected (24 seconds) to activate the sandbox.

The sandbox can be disabled by setting:

    RENV_CONFIG_SANDBOX_ENABLED = FALSE

within an appropriate start-up .Renviron file.

See `?renv::config` for more details. 
Warning message:
renv took longer than expected (24 seconds) to activate the sandbox.

The sandbox can be disabled by setting:

    RENV_CONFIG_SANDBOX_ENABLED = FALSE

within an appropriate start-up .Renviron file.

See `?renv::config` for more details. 
Warning message:
renv took longer than expected (12 seconds) to activate the sandbox.

The sandbox can be disabled by setting:

    RENV_CONFIG_SANDBOX_ENABLED = FALSE

within an appropriate start-up .Renviron file.

See `?renv::config` for more details. 
Warning message:
renv took longer than expected (18 seconds) to activate the sandbox.

The sandbox can be disabled by setting:

    RENV_CONFIG_SANDBOX_ENABLED = FALSE

within an appropriate start-up .Renviron file.

See `?renv::config` for more details. 
i Loading pmInequalityAnalysis
i Loading pmInequalityAnalysis

Attaching package: 'tidyr'

The following object is masked from 'package:magrittr':

    extract

Warning message:
renv took longer than expected (39 seconds) to activate the sandbox.

The sandbox can be disabled by setting:

    RENV_CONFIG_SANDBOX_ENABLED = FALSE

within an appropriate start-up .Renviron file.

See `?renv::config` for more details. 

Attaching package: 'tidyr'

The following object is masked from 'package:magrittr':

    extract

i Loading pmInequalityAnalysis
i Loading pmInequalityAnalysis
i Loading pmInequalityAnalysis
i Loading pmInequalityAnalysis
i Loading pmInequalityAnalysis
i Loading pmInequalityAnalysis
i Loading pmInequalityAnalysis
i Loading pmInequalityAnalysis
i Loading pmInequalityAnalysis
i Loading pmInequalityAnalysis
i Loading pmInequalityAnalysis
i Loading pmInequalityAnalysis
i Loading pmInequalityAnalysis
i Loading pmInequalityAnalysis
i Loading pmInequalityAnalysis
Warning message:
renv took longer than expected (59 seconds) to activate the sandbox.

The sandbox can be disabled by setting:

    RENV_CONFIG_SANDBOX_ENABLED = FALSE

within an appropriate start-up .Renviron file.

See `?renv::config` for more details. 
i Loading pmInequalityAnalysis

Attaching package: 'tidyr'

The following object is masked from 'package:magrittr':

    extract


Attaching package: 'tidyr'


Attaching package: 'tidyr'


Attaching package: 'tidyr'


Attaching package: 'tidyr'

The following object is masked from 'package:magrittr':

    extract

The following object is masked from 'package:magrittr':

    extract

The following object is masked from 'package:magrittr':

    extract

The following object is masked from 'package:magrittr':

    extract


Attaching package: 'tidyr'


Attaching package: 'tidyr'

The following object is masked from 'package:magrittr':

    extract


Attaching package: 'tidyr'

The following object is masked from 'package:magrittr':

    extract


Attaching package: 'tidyr'

The following object is masked from 'package:magrittr':

    extract


Attaching package: 'tidyr'

The following object is masked from 'package:magrittr':

    extract

The following object is masked from 'package:magrittr':

    extract


Attaching package: 'tidyr'

Warning message:
renv took longer than expected (86 seconds) to activate the sandbox.

The sandbox can be disabled by setting:

    RENV_CONFIG_SANDBOX_ENABLED = FALSE

within an appropriate start-up .Renviron file.

See `?renv::config` for more details. 
The following object is masked from 'package:magrittr':

    extract


Attaching package: 'tidyr'


Attaching package: 'tidyr'


Attaching package: 'tidyr'

The following object is masked from 'package:magrittr':

    extract

The following object is masked from 'package:magrittr':

    extract

The following object is masked from 'package:magrittr':

    extract


Attaching package: 'tidyr'

The following object is masked from 'package:magrittr':

    extract


Attaching package: 'tidyr'

The following object is masked from 'package:magrittr':

    extract

i Loading pmInequalityAnalysis
i Loading pmInequalityAnalysis
Warning message:
renv took longer than expected (13 seconds) to activate the sandbox.

The sandbox can be disabled by setting:

    RENV_CONFIG_SANDBOX_ENABLED = FALSE

within an appropriate start-up .Renviron file.

See `?renv::config` for more details. 
Warning message:
renv took longer than expected (21 seconds) to activate the sandbox.

The sandbox can be disabled by setting:

    RENV_CONFIG_SANDBOX_ENABLED = FALSE

within an appropriate start-up .Renviron file.

See `?renv::config` for more details. 

Attaching package: 'tidyr'

i Loading pmInequalityAnalysis

Attaching package: 'tidyr'

The following object is masked from 'package:magrittr':

    extract

The following object is masked from 'package:magrittr':

    extract

i Loading pmInequalityAnalysis

Attaching package: 'tidyr'

The following object is masked from 'package:magrittr':

    extract

i Loading pmInequalityAnalysis

Attaching package: 'tidyr'

The following object is masked from 'package:magrittr':

    extract

i Loading pmInequalityAnalysis
i Loading pmInequalityAnalysis
i Loading pmInequalityAnalysis

Attaching package: 'tidyr'

The following object is masked from 'package:magrittr':

    extract


Attaching package: 'tidyr'

The following object is masked from 'package:magrittr':

    extract


Attaching package: 'tidyr'

The following object is masked from 'package:magrittr':

    extract


Attaching package: 'tidyr'

i Loading pmInequalityAnalysis
i Loading pmInequalityAnalysis
The following object is masked from 'package:magrittr':

    extract

i Loading pmInequalityAnalysis
i Loading pmInequalityAnalysis
i Loading pmInequalityAnalysis
i Loading pmInequalityAnalysis
i Loading pmInequalityAnalysis
i Loading pmInequalityAnalysis
i Loading pmInequalityAnalysis
i Loading pmInequalityAnalysis
i Loading pmInequalityAnalysis
i Loading pmInequalityAnalysis
i Loading pmInequalityAnalysis
i Loading pmInequalityAnalysis
i Loading pmInequalityAnalysis
i Loading pmInequalityAnalysis

Attaching package: 'tidyr'


Attaching package: 'tidyr'

The following object is masked from 'package:magrittr':

    extract

The following object is masked from 'package:magrittr':

    extract


Attaching package: 'tidyr'


Attaching package: 'tidyr'


Attaching package: 'tidyr'


Attaching package: 'tidyr'

The following object is masked from 'package:magrittr':

    extract

The following object is masked from 'package:magrittr':

    extract

The following object is masked from 'package:magrittr':

    extract

The following object is masked from 'package:magrittr':

    extract


Attaching package: 'tidyr'


Attaching package: 'tidyr'


Attaching package: 'tidyr'

The following object is masked from 'package:magrittr':

    extract

The following object is masked from 'package:magrittr':

    extract

The following object is masked from 'package:magrittr':

    extract


Attaching package: 'tidyr'


Attaching package: 'tidyr'

The following object is masked from 'package:magrittr':

    extract

The following object is masked from 'package:magrittr':

    extract


Attaching package: 'tidyr'


Attaching package: 'tidyr'

The following object is masked from 'package:magrittr':

    extract


Attaching package: 'tidyr'

The following object is masked from 'package:magrittr':

    extract


Attaching package: 'tidyr'

The following object is masked from 'package:magrittr':

    extract

The following object is masked from 'package:magrittr':

    extract

i Loading pmInequalityAnalysis

Attaching package: 'tidyr'

The following object is masked from 'package:magrittr':

    extract

i Loading pmInequalityAnalysis
i Loading pmInequalityAnalysis

Attaching package: 'tidyr'

The following object is masked from 'package:magrittr':

    extract


Attaching package: 'tidyr'

The following object is masked from 'package:magrittr':

    extract

i Loading pmInequalityAnalysis

Attaching package: 'tidyr'

The following object is masked from 'package:magrittr':

    extract


Attaching package: 'tidyr'

The following object is masked from 'package:magrittr':

    extract

Killed
Killed
i Loading pmInequalityAnalysis
Killed

Attaching package: 'tidyr'

The following object is masked from 'package:magrittr':

    extract

Killed
Killed
Killed
Killed
i Loading pmInequalityAnalysis

Attaching package: 'tidyr'

The following object is masked from 'package:magrittr':

    extract

Killed
i Loading pmInequalityAnalysis
Killed
i Loading pmInequalityAnalysis
i Loading pmInequalityAnalysis
i Loading pmInequalityAnalysis

Attaching package: 'tidyr'

The following object is masked from 'package:magrittr':

    extract


Attaching package: 'tidyr'

The following object is masked from 'package:magrittr':

    extract


Attaching package: 'tidyr'

The following object is masked from 'package:magrittr':

    extract


Attaching package: 'tidyr'

The following object is masked from 'package:magrittr':

    extract

i Loading pmInequalityAnalysis
Killed

Attaching package: 'tidyr'

The following object is masked from 'package:magrittr':

    extract

i Loading pmInequalityAnalysis

Attaching package: 'tidyr'

The following object is masked from 'package:magrittr':

    extract

Killed
Killed
Killed
Killed
Killed
Killed
Killed
Killed
Killed
Killed
Killed
Killed
Killed
Killed
Killed
Killed
Killed
Killed
Killed
Killed
Killed
i Loading pmInequalityAnalysis
i Loading pmInequalityAnalysis
i Loading pmInequalityAnalysis
i Loading pmInequalityAnalysis
i Loading pmInequalityAnalysis
i Loading pmInequalityAnalysis
i Loading pmInequalityAnalysis
i Loading pmInequalityAnalysis
i Loading pmInequalityAnalysis
i Loading pmInequalityAnalysis
i Loading pmInequalityAnalysis
i Loading pmInequalityAnalysis
i Loading pmInequalityAnalysis
i Loading pmInequalityAnalysis
i Loading pmInequalityAnalysis
i Loading pmInequalityAnalysis
i Loading pmInequalityAnalysis
i Loading pmInequalityAnalysis
i Loading pmInequalityAnalysis
i Loading pmInequalityAnalysis
i Loading pmInequalityAnalysis
i Loading pmInequalityAnalysis
i Loading pmInequalityAnalysis
i Loading pmInequalityAnalysis
i Loading pmInequalityAnalysis
i Loading pmInequalityAnalysis
i Loading pmInequalityAnalysis

Attaching package: 'tidyr'


Attaching package: 'tidyr'


Attaching package: 'tidyr'


Attaching package: 'tidyr'


Attaching package: 'tidyr'


Attaching package: 'tidyr'


Attaching package: 'tidyr'


Attaching package: 'tidyr'


Attaching package: 'tidyr'


Attaching package: 'tidyr'


Attaching package: 'tidyr'


Attaching package: 'tidyr'


Attaching package: 'tidyr'


Attaching package: 'tidyr'

The following object is masked from 'package:magrittr':

    extract

The following object is masked from 'package:magrittr':

    extract

The following object is masked from 'package:magrittr':

    extract

The following object is masked from 'package:magrittr':

    extract

The following object is masked from 'package:magrittr':

    extract

The following object is masked from 'package:magrittr':

    extract

The following object is masked from 'package:magrittr':

    extract

The following object is masked from 'package:magrittr':

    extract

The following object is masked from 'package:magrittr':

    extract

The following object is masked from 'package:magrittr':

    extract

The following object is masked from 'package:magrittr':

    extract


Attaching package: 'tidyr'

The following object is masked from 'package:magrittr':

    extract


Attaching package: 'tidyr'


Attaching package: 'tidyr'

The following object is masked from 'package:magrittr':

    extract

The following object is masked from 'package:magrittr':

    extract


Attaching package: 'tidyr'


Attaching package: 'tidyr'

The following object is masked from 'package:magrittr':

    extract


Attaching package: 'tidyr'


Attaching package: 'tidyr'


Attaching package: 'tidyr'


Attaching package: 'tidyr'

The following object is masked from 'package:magrittr':

    extract


Attaching package: 'tidyr'

The following object is masked from 'package:magrittr':

    extract

The following object is masked from 'package:magrittr':

    extract


Attaching package: 'tidyr'

The following object is masked from 'package:magrittr':

    extract

The following object is masked from 'package:magrittr':

    extract


Attaching package: 'tidyr'

The following object is masked from 'package:magrittr':

    extract


Attaching package: 'tidyr'

The following object is masked from 'package:magrittr':

    extract

The following object is masked from 'package:magrittr':

    extract

The following object is masked from 'package:magrittr':

    extract

The following object is masked from 'package:magrittr':

    extract

The following object is masked from 'package:magrittr':

    extract

The following object is masked from 'package:magrittr':

    extract

Error in `summarise()`:
i In argument: `mean = sum(mean)`.
Caused by error in `sum()`:
! invalid 'type' (closure) of argument
Backtrace:
     x
  1. +-... %>% mutate(rural_urban_class = as.factor(666))
  2. +-dplyr::mutate(., rural_urban_class = as.factor(666))
  3. +-dplyr::summarise(., mean = sum(mean), lower = sum(lower), upper = sum(upper))
  4. +-dplyr:::summarise.data.frame(., mean = sum(mean), lower = sum(lower), upper = sum(upper))
  5. | \-dplyr:::summarise_cols(.data, dplyr_quosures(...), by, "summarise")
  6. |   +-base::withCallingHandlers(...)
  7. |   \-dplyr:::map(quosures, summarise_eval_one, mask = mask)
  8. |     \-base::lapply(.x, .f, ...)
  9. |       \-dplyr (local) FUN(X[[i]], ...)
 10. |         \-mask$eval_all_summarise(quo)
 11. |           \-dplyr (local) eval()
 12. \-base::.handleSimpleError(...)
 13.   \-dplyr (local) h(simpleError(msg, call))
 14.     \-dplyr (local) handler(cnd)
 15.       \-rlang::abort(message, class = error_class, parent = parent, call = error_call)
Execution halted
Killed
Killed
i Loading pmInequalityAnalysis
i Loading pmInequalityAnalysis
i Loading pmInequalityAnalysis
i Loading pmInequalityAnalysis
i Loading pmInequalityAnalysis
i Loading pmInequalityAnalysis
i Loading pmInequalityAnalysis
i Loading pmInequalityAnalysis
i Loading pmInequalityAnalysis
i Loading pmInequalityAnalysis
i Loading pmInequalityAnalysis
i Loading pmInequalityAnalysis
i Loading pmInequalityAnalysis
i Loading pmInequalityAnalysis
i Loading pmInequalityAnalysis
i Loading pmInequalityAnalysis

Attaching package: 'tidyr'


Attaching package: 'tidyr'


Attaching package: 'tidyr'


Attaching package: 'tidyr'


Attaching package: 'tidyr'


Attaching package: 'tidyr'


Attaching package: 'tidyr'


Attaching package: 'tidyr'


Attaching package: 'tidyr'

The following object is masked from 'package:magrittr':

    extract

The following object is masked from 'package:magrittr':

    extract


Attaching package: 'tidyr'

The following object is masked from 'package:magrittr':

    extract

The following object is masked from 'package:magrittr':

    extract

The following object is masked from 'package:magrittr':

    extract


Attaching package: 'tidyr'


Attaching package: 'tidyr'


Attaching package: 'tidyr'


Attaching package: 'tidyr'

The following object is masked from 'package:magrittr':

    extract

The following object is masked from 'package:magrittr':

    extract


Attaching package: 'tidyr'

The following object is masked from 'package:magrittr':

    extract

The following object is masked from 'package:magrittr':

    extract

The following object is masked from 'package:magrittr':

    extract

The following object is masked from 'package:magrittr':

    extract

The following object is masked from 'package:magrittr':

    extract

The following object is masked from 'package:magrittr':

    extract

The following object is masked from 'package:magrittr':

    extract

The following object is masked from 'package:magrittr':

    extract

i Loading pmInequalityAnalysis
i Loading pmInequalityAnalysis

Attaching package: 'tidyr'

The following object is masked from 'package:magrittr':

    extract


Attaching package: 'tidyr'

The following object is masked from 'package:magrittr':

    extract


Attaching package: 'tidyr'

Error: 'data/15_sum_higher_geog_level/nation/attr_burden_age_adjusted_1994.csv' does not exist in current working directory ('/share/pi/mkiang/dfridljand_air_pollution/pm25_inequality').
Execution halted
The following object is masked from 'package:magrittr':

    extract

Error: 'data/15_sum_higher_geog_level/nation/attr_burden_age_adjusted_2011.csv' does not exist in current working directory ('/share/pi/mkiang/dfridljand_air_pollution/pm25_inequality').
Execution halted
Error: 'data/15_sum_higher_geog_level/nation/attr_burden_age_adjusted_2009.csv' does not exist in current working directory ('/share/pi/mkiang/dfridljand_air_pollution/pm25_inequality').
Execution halted
i Loading pmInequalityAnalysis
i Loading pmInequalityAnalysis
i Loading pmInequalityAnalysis
i Loading pmInequalityAnalysis
i Loading pmInequalityAnalysis

Attaching package: 'tidyr'


Attaching package: 'tidyr'


Attaching package: 'tidyr'


Attaching package: 'tidyr'


Attaching package: 'tidyr'

The following object is masked from 'package:magrittr':

    extract

The following object is masked from 'package:magrittr':

    extract

The following object is masked from 'package:magrittr':

    extract

The following object is masked from 'package:magrittr':

    extract

The following object is masked from 'package:magrittr':

    extract

i Loading pmInequalityAnalysis
i Loading pmInequalityAnalysis
i Loading pmInequalityAnalysis
i Loading pmInequalityAnalysis
i Loading pmInequalityAnalysis
i Loading pmInequalityAnalysis
i Loading pmInequalityAnalysis
i Loading pmInequalityAnalysis
i Loading pmInequalityAnalysis
i Loading pmInequalityAnalysis
i Loading pmInequalityAnalysis
i Loading pmInequalityAnalysis
i Loading pmInequalityAnalysis

Attaching package: 'tidyr'

The following object is masked from 'package:magrittr':

    extract


Attaching package: 'tidyr'

The following object is masked from 'package:magrittr':

    extract


Attaching package: 'tidyr'

The following object is masked from 'package:magrittr':

    extract


Attaching package: 'tidyr'


Attaching package: 'tidyr'

The following object is masked from 'package:magrittr':

    extract

The following object is masked from 'package:magrittr':

    extract


Attaching package: 'tidyr'


Attaching package: 'tidyr'


Attaching package: 'tidyr'

The following object is masked from 'package:magrittr':

    extract

The following object is masked from 'package:magrittr':

    extract


Attaching package: 'tidyr'

The following object is masked from 'package:magrittr':

    extract

The following object is masked from 'package:magrittr':

    extract


Attaching package: 'tidyr'


Attaching package: 'tidyr'


Attaching package: 'tidyr'


Attaching package: 'tidyr'

The following object is masked from 'package:magrittr':

    extract

The following object is masked from 'package:magrittr':

    extract

The following object is masked from 'package:magrittr':

    extract

The following object is masked from 'package:magrittr':

    extract

i Loading pmInequalityAnalysis
i Loading pmInequalityAnalysis
i Loading pmInequalityAnalysis
i Loading pmInequalityAnalysis
i Loading pmInequalityAnalysis

Attaching package: 'tidyr'


Attaching package: 'tidyr'


Attaching package: 'tidyr'


Attaching package: 'tidyr'

The following object is masked from 'package:magrittr':

    extract


Attaching package: 'tidyr'

The following object is masked from 'package:magrittr':

    extract

The following object is masked from 'package:magrittr':

    extract

The following object is masked from 'package:magrittr':

    extract

The following object is masked from 'package:magrittr':

    extract

i Loading pmInequalityAnalysis
i Loading pmInequalityAnalysis
i Loading pmInequalityAnalysis
i Loading pmInequalityAnalysis
i Loading pmInequalityAnalysis
i Loading pmInequalityAnalysis
i Loading pmInequalityAnalysis
i Loading pmInequalityAnalysis
i Loading pmInequalityAnalysis
i Loading pmInequalityAnalysis
i Loading pmInequalityAnalysis
i Loading pmInequalityAnalysis
i Loading pmInequalityAnalysis

Attaching package: 'tidyr'

The following object is masked from 'package:magrittr':

    extract


Attaching package: 'tidyr'


Attaching package: 'tidyr'

The following object is masked from 'package:magrittr':

    extract

The following object is masked from 'package:magrittr':

    extract


Attaching package: 'tidyr'


Attaching package: 'tidyr'


Attaching package: 'tidyr'


Attaching package: 'tidyr'

The following object is masked from 'package:magrittr':

    extract


Attaching package: 'tidyr'

The following object is masked from 'package:magrittr':

    extract


Attaching package: 'tidyr'

The following object is masked from 'package:magrittr':

    extract

The following object is masked from 'package:magrittr':

    extract

The following object is masked from 'package:magrittr':

    extract

The following object is masked from 'package:magrittr':

    extract


Attaching package: 'tidyr'


Attaching package: 'tidyr'


Attaching package: 'tidyr'

The following object is masked from 'package:magrittr':

    extract

The following object is masked from 'package:magrittr':

    extract

The following object is masked from 'package:magrittr':

    extract


Attaching package: 'tidyr'

The following object is masked from 'package:magrittr':

    extract

Killed
i Loading pmInequalityAnalysis

Attaching package: 'tidyr'

The following object is masked from 'package:magrittr':

    extract

Killed
Error: 'data/15_sum_higher_geog_level/nation/attr_burden_age_adjusted_2013.csv' does not exist in current working directory ('/share/pi/mkiang/dfridljand_air_pollution/pm25_inequality').
Execution halted
i Loading pmInequalityAnalysis
i Loading pmInequalityAnalysis

Attaching package: 'tidyr'

The following object is masked from 'package:magrittr':

    extract


Attaching package: 'tidyr'

The following object is masked from 'package:magrittr':

    extract

Error: 'data/15_sum_higher_geog_level/nation/attr_burden_age_adjusted_2012.csv' does not exist in current working directory ('/share/pi/mkiang/dfridljand_air_pollution/pm25_inequality').
Execution halted
Killed
i Loading pmInequalityAnalysis
i Loading pmInequalityAnalysis

Attaching package: 'tidyr'

The following object is masked from 'package:magrittr':

    extract


Attaching package: 'tidyr'

The following object is masked from 'package:magrittr':

    extract

Killed
i Loading pmInequalityAnalysis

Attaching package: 'tidyr'

The following object is masked from 'package:magrittr':

    extract

Error: 'data/15_sum_higher_geog_level/nation/attr_burden_age_adjusted_1991.csv' does not exist in current working directory ('/share/pi/mkiang/dfridljand_air_pollution/pm25_inequality').
Execution halted
i Loading pmInequalityAnalysis
i Loading pmInequalityAnalysis
Killed
Killed

Attaching package: 'tidyr'


Attaching package: 'tidyr'

The following object is masked from 'package:magrittr':

    extract

The following object is masked from 'package:magrittr':

    extract

Error: 'data/15_sum_higher_geog_level/nation/attr_burden_age_adjusted_1998.csv' does not exist in current working directory ('/share/pi/mkiang/dfridljand_air_pollution/pm25_inequality').
Execution halted
Killed
i Loading pmInequalityAnalysis
Killed
Killed
Killed
i Loading pmInequalityAnalysis
i Loading pmInequalityAnalysis

Attaching package: 'tidyr'

The following object is masked from 'package:magrittr':

    extract


Attaching package: 'tidyr'

The following object is masked from 'package:magrittr':

    extract


Attaching package: 'tidyr'

The following object is masked from 'package:magrittr':

    extract

i Loading pmInequalityAnalysis
Error: 'data/15_sum_higher_geog_level/nation/attr_burden_age_adjusted_1990.csv' does not exist in current working directory ('/share/pi/mkiang/dfridljand_air_pollution/pm25_inequality').
Execution halted
Killed
Error: 'data/15_sum_higher_geog_level/nation/attr_burden_age_adjusted_2008.csv' does not exist in current working directory ('/share/pi/mkiang/dfridljand_air_pollution/pm25_inequality').
Execution halted
i Loading pmInequalityAnalysis
i Loading pmInequalityAnalysis
i Loading pmInequalityAnalysis

Attaching package: 'tidyr'

The following object is masked from 'package:magrittr':

    extract


Attaching package: 'tidyr'

The following object is masked from 'package:magrittr':

    extract


Attaching package: 'tidyr'

The following object is masked from 'package:magrittr':

    extract


Attaching package: 'tidyr'

The following object is masked from 'package:magrittr':

    extract

i Loading pmInequalityAnalysis
Error: 'data/15_sum_higher_geog_level/nation/attr_burden_age_adjusted_2007.csv' does not exist in current working directory ('/share/pi/mkiang/dfridljand_air_pollution/pm25_inequality').
Execution halted
Error: 'data/15_sum_higher_geog_level/nation/attr_burden_age_adjusted_2006.csv' does not exist in current working directory ('/share/pi/mkiang/dfridljand_air_pollution/pm25_inequality').
Execution halted
Error: 'data/15_sum_higher_geog_level/nation/attr_burden_age_adjusted_2004.csv' does not exist in current working directory ('/share/pi/mkiang/dfridljand_air_pollution/pm25_inequality').
Execution halted
i Loading pmInequalityAnalysis
i Loading pmInequalityAnalysis

Attaching package: 'tidyr'

The following object is masked from 'package:magrittr':

    extract

i Loading pmInequalityAnalysis

Attaching package: 'tidyr'


Attaching package: 'tidyr'

The following object is masked from 'package:magrittr':

    extract

The following object is masked from 'package:magrittr':

    extract


Attaching package: 'tidyr'

i Loading pmInequalityAnalysis
The following object is masked from 'package:magrittr':

    extract

i Loading pmInequalityAnalysis
i Loading pmInequalityAnalysis
Killed

Attaching package: 'tidyr'

The following object is masked from 'package:magrittr':

    extract


Attaching package: 'tidyr'

The following object is masked from 'package:magrittr':

    extract


Attaching package: 'tidyr'

The following object is masked from 'package:magrittr':

    extract

i Loading pmInequalityAnalysis
i Loading pmInequalityAnalysis

Attaching package: 'tidyr'


Attaching package: 'tidyr'

The following object is masked from 'package:magrittr':

    extract

The following object is masked from 'package:magrittr':

    extract

Killed
i Loading pmInequalityAnalysis
i Loading pmInequalityAnalysis
i Loading pmInequalityAnalysis

Attaching package: 'tidyr'

The following object is masked from 'package:magrittr':

    extract


Attaching package: 'tidyr'

The following object is masked from 'package:magrittr':

    extract


Attaching package: 'tidyr'

The following object is masked from 'package:magrittr':

    extract

Killed
Killed
Killed
Killed
Killed
Killed
Killed
Killed
Killed
Killed
Killed
Killed
Killed
Killed
Killed
Killed
Killed
Killed
Killed
slurmstepd-secure-15: error: *** JOB 18714 ON secure-15 CANCELLED AT 2023-08-23T04:05:28 DUE TO TIME LIMIT ***
slurmstepd-secure-15: error: Detected 488 oom-kill event(s) in step 18714.batch cgroup. Some of your processes may have been killed by the cgroup out-of-memory handler.
