The following package(s) are missing their DESCRIPTION files:
- RcppEigen [/home/fridljan/.cache/R/renv/library/pm25_inequality-35e04d4c/R-3.6/x86_64-pc-linux-gnu/RcppEigen]
These may be left over from a prior, failed installation attempt.
Consider removing or reinstalling these packages.

- The project is out-of-sync -- use `renv::status()` for details.
[1] "Running script pipeline/23_sum_higher_geog_level_age_adjust.R on Linux"
[1] "Running script pipeline/23_sum_higher_geog_level_age_adjust.R on Linux"
[1] "Running script pipeline/23_sum_higher_geog_level_age_adjust.R on Linux"
[1] "Running script pipeline/23_sum_higher_geog_level_age_adjust.R on Linux"
[1] "Running script pipeline/23_sum_higher_geog_level_age_adjust.R on Linux"
[1] "Running script pipeline/23_sum_higher_geog_level_age_adjust.R on Linux"
[1] "Running script pipeline/23_sum_higher_geog_level_age_adjust.R on Linux"
[1] "Running script pipeline/23_sum_higher_geog_level_age_adjust.R on Linux"
[1] "Running script pipeline/23_sum_higher_geog_level_age_adjust.R on Linux"
[1] "Running script pipeline/23_sum_higher_geog_level_age_adjust.R on Linux"
[1] "Running script pipeline/23_sum_higher_geog_level_age_adjust.R on Linux"
[1] "Running script pipeline/23_sum_higher_geog_level_age_adjust.R on Linux"
[1] "Running script pipeline/23_sum_higher_geog_level_age_adjust.R on Linux"
[1] "Running script pipeline/23_sum_higher_geog_level_age_adjust.R on Linux"
[1] "Running script pipeline/23_sum_higher_geog_level_age_adjust.R on Linux"
[1] "Running script pipeline/23_sum_higher_geog_level_age_adjust.R on Linux"
[1] "Running script pipeline/23_sum_higher_geog_level_age_adjust.R on Linux"
[1] "Running script pipeline/23_sum_higher_geog_level_age_adjust.R on Linux"
[1] "Running script pipeline/23_sum_higher_geog_level_age_adjust.R on Linux"
[1] "Running script pipeline/23_sum_higher_geog_level_age_adjust.R on Linux"
[1] "Running script pipeline/23_sum_higher_geog_level_age_adjust.R on Linux"
[1] "Running script pipeline/23_sum_higher_geog_level_age_adjust.R on Linux"
[1] "Running script pipeline/23_sum_higher_geog_level_age_adjust.R on Linux"
[1] "Running script pipeline/23_sum_higher_geog_level_age_adjust.R on Linux"
[1] "Running script pipeline/23_sum_higher_geog_level_age_adjust.R on Linux"
[1] "Running script pipeline/23_sum_higher_geog_level_age_adjust.R on Linux"
[1] "Running script pipeline/23_sum_higher_geog_level_age_adjust.R on Linux"
The following package(s) are missing their DESCRIPTION files:
- broom [/home/fridljan/.cache/R/renv/library/pm25_inequality-35e04d4c/R-3.6/x86_64-pc-linux-gnu/broom]
These may be left over from a prior, failed installation attempt.
Consider removing or reinstalling these packages.

The following package(s) are missing their DESCRIPTION files:
- broom [/home/fridljan/.cache/R/renv/library/pm25_inequality-35e04d4c/R-3.6/x86_64-pc-linux-gnu/broom]
These may be left over from a prior, failed installation attempt.
Consider removing or reinstalling these packages.

The following package(s) are missing their DESCRIPTION files:
- broom [/home/fridljan/.cache/R/renv/library/pm25_inequality-35e04d4c/R-3.6/x86_64-pc-linux-gnu/broom]
These may be left over from a prior, failed installation attempt.
Consider removing or reinstalling these packages.

The following package(s) are missing their DESCRIPTION files:
- broom [/home/fridljan/.cache/R/renv/library/pm25_inequality-35e04d4c/R-3.6/x86_64-pc-linux-gnu/broom]
These may be left over from a prior, failed installation attempt.
Consider removing or reinstalling these packages.

The following package(s) are missing their DESCRIPTION files:
- broom [/home/fridljan/.cache/R/renv/library/pm25_inequality-35e04d4c/R-3.6/x86_64-pc-linux-gnu/broom]
These may be left over from a prior, failed installation attempt.
Consider removing or reinstalling these packages.

The following package(s) are missing their DESCRIPTION files:
- broom [/home/fridljan/.cache/R/renv/library/pm25_inequality-35e04d4c/R-3.6/x86_64-pc-linux-gnu/broom]
These may be left over from a prior, failed installation attempt.
Consider removing or reinstalling these packages.

The following package(s) are missing their DESCRIPTION files:
- broom [/home/fridljan/.cache/R/renv/library/pm25_inequality-35e04d4c/R-3.6/x86_64-pc-linux-gnu/broom]
These may be left over from a prior, failed installation attempt.
Consider removing or reinstalling these packages.

The following package(s) are missing their DESCRIPTION files:
- broom [/home/fridljan/.cache/R/renv/library/pm25_inequality-35e04d4c/R-3.6/x86_64-pc-linux-gnu/broom]
These may be left over from a prior, failed installation attempt.
Consider removing or reinstalling these packages.

The following package(s) are missing their DESCRIPTION files:
- broom [/home/fridljan/.cache/R/renv/library/pm25_inequality-35e04d4c/R-3.6/x86_64-pc-linux-gnu/broom]
These may be left over from a prior, failed installation attempt.
Consider removing or reinstalling these packages.

The following package(s) are missing their DESCRIPTION files:
- broom [/home/fridljan/.cache/R/renv/library/pm25_inequality-35e04d4c/R-3.6/x86_64-pc-linux-gnu/broom]
These may be left over from a prior, failed installation attempt.
Consider removing or reinstalling these packages.

The following package(s) are missing their DESCRIPTION files:
- broom [/home/fridljan/.cache/R/renv/library/pm25_inequality-35e04d4c/R-3.6/x86_64-pc-linux-gnu/broom]
These may be left over from a prior, failed installation attempt.
Consider removing or reinstalling these packages.

The following package(s) are missing their DESCRIPTION files:
- quantreg [/home/fridljan/.cache/R/renv/library/pm25_inequality-35e04d4c/R-3.6/x86_64-pc-linux-gnu/quantreg]
These may be left over from a prior, failed installation attempt.
Consider removing or reinstalling these packages.

The following package(s) are missing their DESCRIPTION files:
- quantreg [/home/fridljan/.cache/R/renv/library/pm25_inequality-35e04d4c/R-3.6/x86_64-pc-linux-gnu/quantreg]
These may be left over from a prior, failed installation attempt.
Consider removing or reinstalling these packages.

The following package(s) are missing their DESCRIPTION files:
- quantreg [/home/fridljan/.cache/R/renv/library/pm25_inequality-35e04d4c/R-3.6/x86_64-pc-linux-gnu/quantreg]
These may be left over from a prior, failed installation attempt.
Consider removing or reinstalling these packages.

- The project is out-of-sync -- use `renv::status()` for details.
- The project is out-of-sync -- use `renv::status()` for details.
- The project is out-of-sync -- use `renv::status()` for details.
- The project is out-of-sync -- use `renv::status()` for details.
- The project is out-of-sync -- use `renv::status()` for details.
- The project is out-of-sync -- use `renv::status()` for details.
- The project is out-of-sync -- use `renv::status()` for details.
- The project is out-of-sync -- use `renv::status()` for details.
- The project is out-of-sync -- use `renv::status()` for details.
- The project is out-of-sync -- use `renv::status()` for details.
- The project is out-of-sync -- use `renv::status()` for details.
- The project is out-of-sync -- use `renv::status()` for details.
- The project is out-of-sync -- use `renv::status()` for details.
- The project is out-of-sync -- use `renv::status()` for details.
- The project is out-of-sync -- use `renv::status()` for details.
- The project is out-of-sync -- use `renv::status()` for details.
- The project is out-of-sync -- use `renv::status()` for details.
- The project is out-of-sync -- use `renv::status()` for details.
- The project is out-of-sync -- use `renv::status()` for details.
- The project is out-of-sync -- use `renv::status()` for details.
- The project is out-of-sync -- use `renv::status()` for details.
- The project is out-of-sync -- use `renv::status()` for details.
- The project is out-of-sync -- use `renv::status()` for details.
- The project is out-of-sync -- use `renv::status()` for details.
- The project is out-of-sync -- use `renv::status()` for details.
- The project is out-of-sync -- use `renv::status()` for details.
- The project is out-of-sync -- use `renv::status()` for details.
[1] "Time taken to run script pipeline/23_sum_higher_geog_level_age_adjust.R : 0 seconds"      
[2] "Time taken to run script pipeline/23_sum_higher_geog_level_age_adjust.R : 0 seconds"      
[3] "Time taken to run script pipeline/23_sum_higher_geog_level_age_adjust.R : 109.743 seconds"
[4] "Time taken to run script pipeline/23_sum_higher_geog_level_age_adjust.R : 3.921 seconds"  
[5] "Time taken to run script pipeline/23_sum_higher_geog_level_age_adjust.R : 0.283 seconds"  
[1] "Running script pipeline/24_proportions_attr_burd.R on Linux"
[1] "Time taken to run script pipeline/23_sum_higher_geog_level_age_adjust.R : 0 seconds"    
[2] "Time taken to run script pipeline/23_sum_higher_geog_level_age_adjust.R : 0 seconds"    
[3] "Time taken to run script pipeline/23_sum_higher_geog_level_age_adjust.R : 110.5 seconds"
[4] "Time taken to run script pipeline/23_sum_higher_geog_level_age_adjust.R : 3.901 seconds"
[5] "Time taken to run script pipeline/23_sum_higher_geog_level_age_adjust.R : 0.296 seconds"
[1] "Running script pipeline/24_proportions_attr_burd.R on Linux"
[1] "Time taken to run script pipeline/23_sum_higher_geog_level_age_adjust.R : 0 seconds"      
[2] "Time taken to run script pipeline/23_sum_higher_geog_level_age_adjust.R : 0 seconds"      
[3] "Time taken to run script pipeline/23_sum_higher_geog_level_age_adjust.R : 112.498 seconds"
[4] "Time taken to run script pipeline/23_sum_higher_geog_level_age_adjust.R : 3.903 seconds"  
[5] "Time taken to run script pipeline/23_sum_higher_geog_level_age_adjust.R : 0.285 seconds"  
[1] "Running script pipeline/24_proportions_attr_burd.R on Linux"
[1] "Time taken to run script pipeline/23_sum_higher_geog_level_age_adjust.R : 0 seconds"      
[2] "Time taken to run script pipeline/23_sum_higher_geog_level_age_adjust.R : 0 seconds"      
[3] "Time taken to run script pipeline/23_sum_higher_geog_level_age_adjust.R : 112.245 seconds"
[4] "Time taken to run script pipeline/23_sum_higher_geog_level_age_adjust.R : 3.933 seconds"  
[5] "Time taken to run script pipeline/23_sum_higher_geog_level_age_adjust.R : 0.269 seconds"  
[1] "Running script pipeline/24_proportions_attr_burd.R on Linux"
[1] "Time taken to run script pipeline/23_sum_higher_geog_level_age_adjust.R : 0 seconds"      
[2] "Time taken to run script pipeline/23_sum_higher_geog_level_age_adjust.R : 0 seconds"      
[3] "Time taken to run script pipeline/23_sum_higher_geog_level_age_adjust.R : 113.058 seconds"
[4] "Time taken to run script pipeline/23_sum_higher_geog_level_age_adjust.R : 3.954 seconds"  
[5] "Time taken to run script pipeline/23_sum_higher_geog_level_age_adjust.R : 0.261 seconds"  
[1] "Running script pipeline/24_proportions_attr_burd.R on Linux"
[1] "Time taken to run script pipeline/23_sum_higher_geog_level_age_adjust.R : 0.001 seconds"  
[2] "Time taken to run script pipeline/23_sum_higher_geog_level_age_adjust.R : 0 seconds"      
[3] "Time taken to run script pipeline/23_sum_higher_geog_level_age_adjust.R : 113.212 seconds"
[4] "Time taken to run script pipeline/23_sum_higher_geog_level_age_adjust.R : 3.871 seconds"  
[5] "Time taken to run script pipeline/23_sum_higher_geog_level_age_adjust.R : 0.342 seconds"  
[1] "Running script pipeline/24_proportions_attr_burd.R on Linux"
[1] "Time taken to run script pipeline/23_sum_higher_geog_level_age_adjust.R : 0 seconds"      
[2] "Time taken to run script pipeline/23_sum_higher_geog_level_age_adjust.R : 0 seconds"      
[3] "Time taken to run script pipeline/23_sum_higher_geog_level_age_adjust.R : 112.909 seconds"
[4] "Time taken to run script pipeline/23_sum_higher_geog_level_age_adjust.R : 3.909 seconds"  
[5] "Time taken to run script pipeline/23_sum_higher_geog_level_age_adjust.R : 0.315 seconds"  
[1] "Running script pipeline/24_proportions_attr_burd.R on Linux"
[1] "Time taken to run script pipeline/23_sum_higher_geog_level_age_adjust.R : 0 seconds"      
[2] "Time taken to run script pipeline/23_sum_higher_geog_level_age_adjust.R : 0 seconds"      
[3] "Time taken to run script pipeline/23_sum_higher_geog_level_age_adjust.R : 113.282 seconds"
[4] "Time taken to run script pipeline/23_sum_higher_geog_level_age_adjust.R : 3.964 seconds"  
[5] "Time taken to run script pipeline/23_sum_higher_geog_level_age_adjust.R : 0.262 seconds"  
[1] "Running script pipeline/24_proportions_attr_burd.R on Linux"
[1] "Time taken to run script pipeline/23_sum_higher_geog_level_age_adjust.R : 0 seconds"      
[2] "Time taken to run script pipeline/23_sum_higher_geog_level_age_adjust.R : 0 seconds"      
[3] "Time taken to run script pipeline/23_sum_higher_geog_level_age_adjust.R : 113.702 seconds"
[4] "Time taken to run script pipeline/23_sum_higher_geog_level_age_adjust.R : 3.953 seconds"  
[5] "Time taken to run script pipeline/23_sum_higher_geog_level_age_adjust.R : 0.254 seconds"  
[1] "Running script pipeline/24_proportions_attr_burd.R on Linux"
[1] "Time taken to run script pipeline/23_sum_higher_geog_level_age_adjust.R : 0 seconds"      
[2] "Time taken to run script pipeline/23_sum_higher_geog_level_age_adjust.R : 0.001 seconds"  
[3] "Time taken to run script pipeline/23_sum_higher_geog_level_age_adjust.R : 116.675 seconds"
[4] "Time taken to run script pipeline/23_sum_higher_geog_level_age_adjust.R : 3.962 seconds"  
[5] "Time taken to run script pipeline/23_sum_higher_geog_level_age_adjust.R : 0.272 seconds"  
[1] "Running script pipeline/24_proportions_attr_burd.R on Linux"
[1] "Time taken to run script pipeline/23_sum_higher_geog_level_age_adjust.R : 0 seconds"      
[2] "Time taken to run script pipeline/23_sum_higher_geog_level_age_adjust.R : 0 seconds"      
[3] "Time taken to run script pipeline/23_sum_higher_geog_level_age_adjust.R : 116.306 seconds"
[4] "Time taken to run script pipeline/23_sum_higher_geog_level_age_adjust.R : 3.907 seconds"  
[5] "Time taken to run script pipeline/23_sum_higher_geog_level_age_adjust.R : 0.329 seconds"  
[1] "Running script pipeline/24_proportions_attr_burd.R on Linux"
[1] "Time taken to run script pipeline/23_sum_higher_geog_level_age_adjust.R : 0.001 seconds"  
[2] "Time taken to run script pipeline/23_sum_higher_geog_level_age_adjust.R : 0 seconds"      
[3] "Time taken to run script pipeline/23_sum_higher_geog_level_age_adjust.R : 117.556 seconds"
[4] "Time taken to run script pipeline/23_sum_higher_geog_level_age_adjust.R : 3.958 seconds"  
[5] "Time taken to run script pipeline/23_sum_higher_geog_level_age_adjust.R : 0.271 seconds"  
[1] "Running script pipeline/24_proportions_attr_burd.R on Linux"
[1] "Time taken to run script pipeline/23_sum_higher_geog_level_age_adjust.R : 0 seconds"      
[2] "Time taken to run script pipeline/23_sum_higher_geog_level_age_adjust.R : 0 seconds"      
[3] "Time taken to run script pipeline/23_sum_higher_geog_level_age_adjust.R : 135.406 seconds"
[4] "Time taken to run script pipeline/23_sum_higher_geog_level_age_adjust.R : 3.957 seconds"  
[5] "Time taken to run script pipeline/23_sum_higher_geog_level_age_adjust.R : 0.295 seconds"  
[1] "Running script pipeline/24_proportions_attr_burd.R on Linux"
[1] "Time taken to run script pipeline/23_sum_higher_geog_level_age_adjust.R : 0 seconds"      
[2] "Time taken to run script pipeline/23_sum_higher_geog_level_age_adjust.R : 0.001 seconds"  
[3] "Time taken to run script pipeline/23_sum_higher_geog_level_age_adjust.R : 137.988 seconds"
[4] "Time taken to run script pipeline/23_sum_higher_geog_level_age_adjust.R : 3.932 seconds"  
[5] "Time taken to run script pipeline/23_sum_higher_geog_level_age_adjust.R : 0.315 seconds"  
[1] "Running script pipeline/24_proportions_attr_burd.R on Linux"
[1] "Time taken to run script pipeline/23_sum_higher_geog_level_age_adjust.R : 0.001 seconds"  
[2] "Time taken to run script pipeline/23_sum_higher_geog_level_age_adjust.R : 0 seconds"      
[3] "Time taken to run script pipeline/23_sum_higher_geog_level_age_adjust.R : 148.925 seconds"
[4] "Time taken to run script pipeline/23_sum_higher_geog_level_age_adjust.R : 3.948 seconds"  
[5] "Time taken to run script pipeline/23_sum_higher_geog_level_age_adjust.R : 0.318 seconds"  
[1] "Running script pipeline/24_proportions_attr_burd.R on Linux"
[1] "Time taken to run script pipeline/23_sum_higher_geog_level_age_adjust.R : 0 seconds"      
[2] "Time taken to run script pipeline/23_sum_higher_geog_level_age_adjust.R : 0 seconds"      
[3] "Time taken to run script pipeline/23_sum_higher_geog_level_age_adjust.R : 177.381 seconds"
[4] "Time taken to run script pipeline/23_sum_higher_geog_level_age_adjust.R : 4.444 seconds"  
[5] "Time taken to run script pipeline/23_sum_higher_geog_level_age_adjust.R : 0.272 seconds"  
[1] "Running script pipeline/24_proportions_attr_burd.R on Linux"
[1] "Time taken to run script pipeline/23_sum_higher_geog_level_age_adjust.R : 0 seconds"      
[2] "Time taken to run script pipeline/23_sum_higher_geog_level_age_adjust.R : 0 seconds"      
[3] "Time taken to run script pipeline/23_sum_higher_geog_level_age_adjust.R : 363.951 seconds"
[4] "Time taken to run script pipeline/23_sum_higher_geog_level_age_adjust.R : 18.299 seconds" 
[5] "Time taken to run script pipeline/23_sum_higher_geog_level_age_adjust.R : 4.899 seconds"  
[1] "Running script pipeline/24_proportions_attr_burd.R on Linux"
[1] "Time taken to run script pipeline/23_sum_higher_geog_level_age_adjust.R : 0.001 seconds"  
[2] "Time taken to run script pipeline/23_sum_higher_geog_level_age_adjust.R : 0 seconds"      
[3] "Time taken to run script pipeline/23_sum_higher_geog_level_age_adjust.R : 441.665 seconds"
[4] "Time taken to run script pipeline/23_sum_higher_geog_level_age_adjust.R : 16.883 seconds" 
[5] "Time taken to run script pipeline/23_sum_higher_geog_level_age_adjust.R : 44.716 seconds" 
[1] "Running script pipeline/24_proportions_attr_burd.R on Linux"
- The project is out-of-sync -- use `renv::status()` for details.
- The project is out-of-sync -- use `renv::status()` for details.
- The project is out-of-sync -- use `renv::status()` for details.
- The project is out-of-sync -- use `renv::status()` for details.
- The project is out-of-sync -- use `renv::status()` for details.
- The project is out-of-sync -- use `renv::status()` for details.
- The project is out-of-sync -- use `renv::status()` for details.
- The project is out-of-sync -- use `renv::status()` for details.
- The project is out-of-sync -- use `renv::status()` for details.
- The project is out-of-sync -- use `renv::status()` for details.
- The project is out-of-sync -- use `renv::status()` for details.
- The project is out-of-sync -- use `renv::status()` for details.
- The project is out-of-sync -- use `renv::status()` for details.
- The project is out-of-sync -- use `renv::status()` for details.
- The project is out-of-sync -- use `renv::status()` for details.
- The project is out-of-sync -- use `renv::status()` for details.
- The project is out-of-sync -- use `renv::status()` for details.
- The project is out-of-sync -- use `renv::status()` for details.
[1] "Time taken to run script pipeline/24_proportions_attr_burd.R : 0 seconds"      
[2] "Time taken to run script pipeline/24_proportions_attr_burd.R : 0 seconds"      
[3] "Time taken to run script pipeline/24_proportions_attr_burd.R : 442.515 seconds"
[4] "Time taken to run script pipeline/24_proportions_attr_burd.R : 4.14 seconds"   
[5] "Time taken to run script pipeline/24_proportions_attr_burd.R : 0.486 seconds"  
[1] "Running script pipeline/24_sum_higher_geog_level_age_adjust_total_burden.R on Linux"
[1] "Time taken to run script pipeline/24_proportions_attr_burd.R : 0 seconds"      
[2] "Time taken to run script pipeline/24_proportions_attr_burd.R : 0 seconds"      
[3] "Time taken to run script pipeline/24_proportions_attr_burd.R : 442.198 seconds"
[4] "Time taken to run script pipeline/24_proportions_attr_burd.R : 4.086 seconds"  
[5] "Time taken to run script pipeline/24_proportions_attr_burd.R : 0.526 seconds"  
[1] "Running script pipeline/24_sum_higher_geog_level_age_adjust_total_burden.R on Linux"
[1] "Time taken to run script pipeline/24_proportions_attr_burd.R : 0 seconds"      
[2] "Time taken to run script pipeline/24_proportions_attr_burd.R : 0 seconds"      
[3] "Time taken to run script pipeline/24_proportions_attr_burd.R : 442.069 seconds"
[4] "Time taken to run script pipeline/24_proportions_attr_burd.R : 4.139 seconds"  
[5] "Time taken to run script pipeline/24_proportions_attr_burd.R : 0.471 seconds"  
[1] "Running script pipeline/24_sum_higher_geog_level_age_adjust_total_burden.R on Linux"
[1] "Time taken to run script pipeline/24_proportions_attr_burd.R : 0 seconds"      
[2] "Time taken to run script pipeline/24_proportions_attr_burd.R : 0 seconds"      
[3] "Time taken to run script pipeline/24_proportions_attr_burd.R : 442.961 seconds"
[4] "Time taken to run script pipeline/24_proportions_attr_burd.R : 4.169 seconds"  
[5] "Time taken to run script pipeline/24_proportions_attr_burd.R : 0.452 seconds"  
[1] "Running script pipeline/24_sum_higher_geog_level_age_adjust_total_burden.R on Linux"
[1] "Time taken to run script pipeline/24_proportions_attr_burd.R : 0 seconds"      
[2] "Time taken to run script pipeline/24_proportions_attr_burd.R : 0 seconds"      
[3] "Time taken to run script pipeline/24_proportions_attr_burd.R : 443.225 seconds"
[4] "Time taken to run script pipeline/24_proportions_attr_burd.R : 4.217 seconds"  
[5] "Time taken to run script pipeline/24_proportions_attr_burd.R : 0.423 seconds"  
[1] "Running script pipeline/24_sum_higher_geog_level_age_adjust_total_burden.R on Linux"
[1] "Time taken to run script pipeline/24_proportions_attr_burd.R : 0 seconds"      
[2] "Time taken to run script pipeline/24_proportions_attr_burd.R : 0 seconds"      
[3] "Time taken to run script pipeline/24_proportions_attr_burd.R : 442.593 seconds"
[4] "Time taken to run script pipeline/24_proportions_attr_burd.R : 4.111 seconds"  
[5] "Time taken to run script pipeline/24_proportions_attr_burd.R : 0.513 seconds"  
[1] "Running script pipeline/24_sum_higher_geog_level_age_adjust_total_burden.R on Linux"
[1] "Time taken to run script pipeline/24_proportions_attr_burd.R : 0.001 seconds"  
[2] "Time taken to run script pipeline/24_proportions_attr_burd.R : 0 seconds"      
[3] "Time taken to run script pipeline/24_proportions_attr_burd.R : 444.333 seconds"
[4] "Time taken to run script pipeline/24_proportions_attr_burd.R : 4.168 seconds"  
[5] "Time taken to run script pipeline/24_proportions_attr_burd.R : 0.466 seconds"  
[1] "Running script pipeline/24_sum_higher_geog_level_age_adjust_total_burden.R on Linux"
[1] "Time taken to run script pipeline/24_proportions_attr_burd.R : 0 seconds"      
[2] "Time taken to run script pipeline/24_proportions_attr_burd.R : 0 seconds"      
[3] "Time taken to run script pipeline/24_proportions_attr_burd.R : 445.615 seconds"
[4] "Time taken to run script pipeline/24_proportions_attr_burd.R : 4.203 seconds"  
[5] "Time taken to run script pipeline/24_proportions_attr_burd.R : 0.477 seconds"  
[1] "Running script pipeline/24_sum_higher_geog_level_age_adjust_total_burden.R on Linux"
[1] "Time taken to run script pipeline/24_proportions_attr_burd.R : 0 seconds"     
[2] "Time taken to run script pipeline/24_proportions_attr_burd.R : 0 seconds"     
[3] "Time taken to run script pipeline/24_proportions_attr_burd.R : 445.32 seconds"
[4] "Time taken to run script pipeline/24_proportions_attr_burd.R : 4.173 seconds" 
[5] "Time taken to run script pipeline/24_proportions_attr_burd.R : 0.518 seconds" 
[1] "Running script pipeline/24_sum_higher_geog_level_age_adjust_total_burden.R on Linux"
[1] "Time taken to run script pipeline/24_proportions_attr_burd.R : 0 seconds"      
[2] "Time taken to run script pipeline/24_proportions_attr_burd.R : 0 seconds"      
[3] "Time taken to run script pipeline/24_proportions_attr_burd.R : 444.091 seconds"
[4] "Time taken to run script pipeline/24_proportions_attr_burd.R : 4.228 seconds"  
[5] "Time taken to run script pipeline/24_proportions_attr_burd.R : 0.431 seconds"  
[1] "Running script pipeline/24_sum_higher_geog_level_age_adjust_total_burden.R on Linux"
[1] "Time taken to run script pipeline/24_proportions_attr_burd.R : 0.001 seconds"  
[2] "Time taken to run script pipeline/24_proportions_attr_burd.R : 0 seconds"      
[3] "Time taken to run script pipeline/24_proportions_attr_burd.R : 444.057 seconds"
[4] "Time taken to run script pipeline/24_proportions_attr_burd.R : 4.191 seconds"  
[5] "Time taken to run script pipeline/24_proportions_attr_burd.R : 0.47 seconds"   
[1] "Running script pipeline/24_sum_higher_geog_level_age_adjust_total_burden.R on Linux"
[1] "Time taken to run script pipeline/24_proportions_attr_burd.R : 0 seconds"      
[2] "Time taken to run script pipeline/24_proportions_attr_burd.R : 0 seconds"      
[3] "Time taken to run script pipeline/24_proportions_attr_burd.R : 445.277 seconds"
[4] "Time taken to run script pipeline/24_proportions_attr_burd.R : 4.195 seconds"  
[5] "Time taken to run script pipeline/24_proportions_attr_burd.R : 0.475 seconds"  
[1] "Running script pipeline/24_sum_higher_geog_level_age_adjust_total_burden.R on Linux"
[1] "Time taken to run script pipeline/24_proportions_attr_burd.R : 0 seconds"     
[2] "Time taken to run script pipeline/24_proportions_attr_burd.R : 0 seconds"     
[3] "Time taken to run script pipeline/24_proportions_attr_burd.R : 426.78 seconds"
[4] "Time taken to run script pipeline/24_proportions_attr_burd.R : 4.164 seconds" 
[5] "Time taken to run script pipeline/24_proportions_attr_burd.R : 0.459 seconds" 
[1] "Running script pipeline/24_sum_higher_geog_level_age_adjust_total_burden.R on Linux"
[1] "Time taken to run script pipeline/24_proportions_attr_burd.R : 0 seconds"      
[2] "Time taken to run script pipeline/24_proportions_attr_burd.R : 0.001 seconds"  
[3] "Time taken to run script pipeline/24_proportions_attr_burd.R : 426.103 seconds"
[4] "Time taken to run script pipeline/24_proportions_attr_burd.R : 4.152 seconds"  
[5] "Time taken to run script pipeline/24_proportions_attr_burd.R : 0.486 seconds"  
[1] "Running script pipeline/24_sum_higher_geog_level_age_adjust_total_burden.R on Linux"
[1] "Time taken to run script pipeline/24_proportions_attr_burd.R : 0.001 seconds"  
[2] "Time taken to run script pipeline/24_proportions_attr_burd.R : 0 seconds"      
[3] "Time taken to run script pipeline/24_proportions_attr_burd.R : 417.972 seconds"
[4] "Time taken to run script pipeline/24_proportions_attr_burd.R : 4.134 seconds"  
[5] "Time taken to run script pipeline/24_proportions_attr_burd.R : 0.482 seconds"  
[1] "Running script pipeline/24_sum_higher_geog_level_age_adjust_total_burden.R on Linux"
[1] "Time taken to run script pipeline/24_proportions_attr_burd.R : 0 seconds"      
[2] "Time taken to run script pipeline/24_proportions_attr_burd.R : 0 seconds"      
[3] "Time taken to run script pipeline/24_proportions_attr_burd.R : 403.593 seconds"
[4] "Time taken to run script pipeline/24_proportions_attr_burd.R : 4.396 seconds"  
[5] "Time taken to run script pipeline/24_proportions_attr_burd.R : 0.523 seconds"  
[1] "Running script pipeline/24_sum_higher_geog_level_age_adjust_total_burden.R on Linux"
[1] "Time taken to run script pipeline/24_proportions_attr_burd.R : 0 seconds"      
[2] "Time taken to run script pipeline/24_proportions_attr_burd.R : 0 seconds"      
[3] "Time taken to run script pipeline/24_proportions_attr_burd.R : 252.543 seconds"
[4] "Time taken to run script pipeline/24_proportions_attr_burd.R : 4.269 seconds"  
[5] "Time taken to run script pipeline/24_proportions_attr_burd.R : 0.437 seconds"  
[1] "Running script pipeline/24_sum_higher_geog_level_age_adjust_total_burden.R on Linux"
[1] "Time taken to run script pipeline/24_proportions_attr_burd.R : 0.001 seconds"            
[2] "Time taken to run script pipeline/24_proportions_attr_burd.R : 0 seconds"                
[3] "Time taken to run script pipeline/24_proportions_attr_burd.R : 189.344 seconds"          
[4] "Time taken to run script pipeline/24_proportions_attr_burd.R : 4.268 seconds"            
[5] "Time taken to run script pipeline/24_proportions_attr_burd.R : 0.451000000000001 seconds"
[1] "Running script pipeline/24_sum_higher_geog_level_age_adjust_total_burden.R on Linux"
- The project is out-of-sync -- use `renv::status()` for details.
- The project is out-of-sync -- use `renv::status()` for details.
- The project is out-of-sync -- use `renv::status()` for details.
- The project is out-of-sync -- use `renv::status()` for details.
- The project is out-of-sync -- use `renv::status()` for details.
- The project is out-of-sync -- use `renv::status()` for details.
- The project is out-of-sync -- use `renv::status()` for details.
- The project is out-of-sync -- use `renv::status()` for details.
- The project is out-of-sync -- use `renv::status()` for details.
- The project is out-of-sync -- use `renv::status()` for details.
- The project is out-of-sync -- use `renv::status()` for details.
- The project is out-of-sync -- use `renv::status()` for details.
- The project is out-of-sync -- use `renv::status()` for details.
- The project is out-of-sync -- use `renv::status()` for details.
- The project is out-of-sync -- use `renv::status()` for details.
- The project is out-of-sync -- use `renv::status()` for details.
- The project is out-of-sync -- use `renv::status()` for details.
[1] "Time taken to run script pipeline/23_sum_higher_geog_level_age_adjust.R : 0.001 seconds"  
[2] "Time taken to run script pipeline/23_sum_higher_geog_level_age_adjust.R : 0 seconds"      
[3] "Time taken to run script pipeline/23_sum_higher_geog_level_age_adjust.R : 699.403 seconds"
[4] "Time taken to run script pipeline/23_sum_higher_geog_level_age_adjust.R : 19.538 seconds" 
[5] "Time taken to run script pipeline/23_sum_higher_geog_level_age_adjust.R : 63.805 seconds" 
[1] "Running script pipeline/24_proportions_attr_burd.R on Linux"
- The project is out-of-sync -- use `renv::status()` for details.
[1] "Time taken to run script pipeline/24_sum_higher_geog_level_age_adjust_total_burden.R : 0 seconds"      
[2] "Time taken to run script pipeline/24_sum_higher_geog_level_age_adjust_total_burden.R : 0 seconds"      
[3] "Time taken to run script pipeline/24_sum_higher_geog_level_age_adjust_total_burden.R : 171.726 seconds"
[4] "Time taken to run script pipeline/24_sum_higher_geog_level_age_adjust_total_burden.R : 4.051 seconds"  
[5] "Time taken to run script pipeline/24_sum_higher_geog_level_age_adjust_total_burden.R : 0.417 seconds"  
[1] "Running script pipeline/25_summary_attr_total_burd.R on Linux"
[1] "Time taken to run script pipeline/24_sum_higher_geog_level_age_adjust_total_burden.R : 0 seconds"      
[2] "Time taken to run script pipeline/24_sum_higher_geog_level_age_adjust_total_burden.R : 0 seconds"      
[3] "Time taken to run script pipeline/24_sum_higher_geog_level_age_adjust_total_burden.R : 171.976 seconds"
[4] "Time taken to run script pipeline/24_sum_higher_geog_level_age_adjust_total_burden.R : 4.059 seconds"  
[5] "Time taken to run script pipeline/24_sum_higher_geog_level_age_adjust_total_burden.R : 0.415 seconds"  
[1] "Running script pipeline/25_summary_attr_total_burd.R on Linux"
[1] "Time taken to run script pipeline/24_sum_higher_geog_level_age_adjust_total_burden.R : 0 seconds"      
[2] "Time taken to run script pipeline/24_sum_higher_geog_level_age_adjust_total_burden.R : 0 seconds"      
[3] "Time taken to run script pipeline/24_sum_higher_geog_level_age_adjust_total_burden.R : 171.439 seconds"
[4] "Time taken to run script pipeline/24_sum_higher_geog_level_age_adjust_total_burden.R : 4.08 seconds"   
[5] "Time taken to run script pipeline/24_sum_higher_geog_level_age_adjust_total_burden.R : 0.383 seconds"  
[1] "Running script pipeline/25_summary_attr_total_burd.R on Linux"
[1] "Time taken to run script pipeline/24_sum_higher_geog_level_age_adjust_total_burden.R : 0 seconds"      
[2] "Time taken to run script pipeline/24_sum_higher_geog_level_age_adjust_total_burden.R : 0 seconds"      
[3] "Time taken to run script pipeline/24_sum_higher_geog_level_age_adjust_total_burden.R : 171.234 seconds"
[4] "Time taken to run script pipeline/24_sum_higher_geog_level_age_adjust_total_burden.R : 3.997 seconds"  
[5] "Time taken to run script pipeline/24_sum_higher_geog_level_age_adjust_total_burden.R : 0.46 seconds"   
[1] "Running script pipeline/25_summary_attr_total_burd.R on Linux"
[1] "Time taken to run script pipeline/24_sum_higher_geog_level_age_adjust_total_burden.R : 0 seconds"      
[2] "Time taken to run script pipeline/24_sum_higher_geog_level_age_adjust_total_burden.R : 0 seconds"      
[3] "Time taken to run script pipeline/24_sum_higher_geog_level_age_adjust_total_burden.R : 172.001 seconds"
[4] "Time taken to run script pipeline/24_sum_higher_geog_level_age_adjust_total_burden.R : 4.1 seconds"    
[5] "Time taken to run script pipeline/24_sum_higher_geog_level_age_adjust_total_burden.R : 0.383 seconds"  
[1] "Running script pipeline/25_summary_attr_total_burd.R on Linux"
[1] "Time taken to run script pipeline/24_sum_higher_geog_level_age_adjust_total_burden.R : 0 seconds"      
[2] "Time taken to run script pipeline/24_sum_higher_geog_level_age_adjust_total_burden.R : 0 seconds"      
[3] "Time taken to run script pipeline/24_sum_higher_geog_level_age_adjust_total_burden.R : 171.891 seconds"
[4] "Time taken to run script pipeline/24_sum_higher_geog_level_age_adjust_total_burden.R : 4.015 seconds"  
[5] "Time taken to run script pipeline/24_sum_higher_geog_level_age_adjust_total_burden.R : 0.461 seconds"  
[1] "Running script pipeline/25_summary_attr_total_burd.R on Linux"
[1] "Time taken to run script pipeline/24_sum_higher_geog_level_age_adjust_total_burden.R : 0 seconds"      
[2] "Time taken to run script pipeline/24_sum_higher_geog_level_age_adjust_total_burden.R : 0 seconds"      
[3] "Time taken to run script pipeline/24_sum_higher_geog_level_age_adjust_total_burden.R : 171.391 seconds"
[4] "Time taken to run script pipeline/24_sum_higher_geog_level_age_adjust_total_burden.R : 4.047 seconds"  
[5] "Time taken to run script pipeline/24_sum_higher_geog_level_age_adjust_total_burden.R : 0.412 seconds"  
[1] "Running script pipeline/25_summary_attr_total_burd.R on Linux"
[1] "Time taken to run script pipeline/24_sum_higher_geog_level_age_adjust_total_burden.R : 0.001 seconds"  
[2] "Time taken to run script pipeline/24_sum_higher_geog_level_age_adjust_total_burden.R : 0 seconds"      
[3] "Time taken to run script pipeline/24_sum_higher_geog_level_age_adjust_total_burden.R : 171.094 seconds"
[4] "Time taken to run script pipeline/24_sum_higher_geog_level_age_adjust_total_burden.R : 4.032 seconds"  
[5] "Time taken to run script pipeline/24_sum_higher_geog_level_age_adjust_total_burden.R : 0.402 seconds"  
[1] "Running script pipeline/25_summary_attr_total_burd.R on Linux"
[1] "Time taken to run script pipeline/24_sum_higher_geog_level_age_adjust_total_burden.R : 0 seconds"      
[2] "Time taken to run script pipeline/24_sum_higher_geog_level_age_adjust_total_burden.R : 0 seconds"      
[3] "Time taken to run script pipeline/24_sum_higher_geog_level_age_adjust_total_burden.R : 171.089 seconds"
[4] "Time taken to run script pipeline/24_sum_higher_geog_level_age_adjust_total_burden.R : 4.072 seconds"  
[5] "Time taken to run script pipeline/24_sum_higher_geog_level_age_adjust_total_burden.R : 0.385 seconds"  
[1] "Running script pipeline/25_summary_attr_total_burd.R on Linux"
[1] "Time taken to run script pipeline/24_sum_higher_geog_level_age_adjust_total_burden.R : 0 seconds"      
[2] "Time taken to run script pipeline/24_sum_higher_geog_level_age_adjust_total_burden.R : 0 seconds"      
[3] "Time taken to run script pipeline/24_sum_higher_geog_level_age_adjust_total_burden.R : 171.086 seconds"
[4] "Time taken to run script pipeline/24_sum_higher_geog_level_age_adjust_total_burden.R : 4.087 seconds"  
[5] "Time taken to run script pipeline/24_sum_higher_geog_level_age_adjust_total_burden.R : 0.376 seconds"  
[1] "Running script pipeline/25_summary_attr_total_burd.R on Linux"
[1] "Time taken to run script pipeline/24_sum_higher_geog_level_age_adjust_total_burden.R : 0 seconds"      
[2] "Time taken to run script pipeline/24_sum_higher_geog_level_age_adjust_total_burden.R : 0.001 seconds"  
[3] "Time taken to run script pipeline/24_sum_higher_geog_level_age_adjust_total_burden.R : 171.421 seconds"
[4] "Time taken to run script pipeline/24_sum_higher_geog_level_age_adjust_total_burden.R : 4.043 seconds"  
[5] "Time taken to run script pipeline/24_sum_higher_geog_level_age_adjust_total_burden.R : 0.438 seconds"  
[1] "Running script pipeline/25_summary_attr_total_burd.R on Linux"
[1] "Time taken to run script pipeline/24_sum_higher_geog_level_age_adjust_total_burden.R : 0 seconds"      
[2] "Time taken to run script pipeline/24_sum_higher_geog_level_age_adjust_total_burden.R : 0 seconds"      
[3] "Time taken to run script pipeline/24_sum_higher_geog_level_age_adjust_total_burden.R : 170.467 seconds"
[4] "Time taken to run script pipeline/24_sum_higher_geog_level_age_adjust_total_burden.R : 4.047 seconds"  
[5] "Time taken to run script pipeline/24_sum_higher_geog_level_age_adjust_total_burden.R : 0.399 seconds"  
[1] "Running script pipeline/25_summary_attr_total_burd.R on Linux"
[1] "Time taken to run script pipeline/24_sum_higher_geog_level_age_adjust_total_burden.R : 0 seconds"      
[2] "Time taken to run script pipeline/24_sum_higher_geog_level_age_adjust_total_burden.R : 0 seconds"      
[3] "Time taken to run script pipeline/24_sum_higher_geog_level_age_adjust_total_burden.R : 171.084 seconds"
[4] "Time taken to run script pipeline/24_sum_higher_geog_level_age_adjust_total_burden.R : 4.068 seconds"  
[5] "Time taken to run script pipeline/24_sum_higher_geog_level_age_adjust_total_burden.R : 0.407 seconds"  
[1] "Running script pipeline/25_summary_attr_total_burd.R on Linux"
[1] "Time taken to run script pipeline/24_sum_higher_geog_level_age_adjust_total_burden.R : 0 seconds"     
[2] "Time taken to run script pipeline/24_sum_higher_geog_level_age_adjust_total_burden.R : 0 seconds"     
[3] "Time taken to run script pipeline/24_sum_higher_geog_level_age_adjust_total_burden.R : 170.71 seconds"
[4] "Time taken to run script pipeline/24_sum_higher_geog_level_age_adjust_total_burden.R : 4.078 seconds" 
[5] "Time taken to run script pipeline/24_sum_higher_geog_level_age_adjust_total_burden.R : 0.38 seconds"  
[1] "Running script pipeline/25_summary_attr_total_burd.R on Linux"
[1] "Time taken to run script pipeline/24_sum_higher_geog_level_age_adjust_total_burden.R : 0 seconds"      
[2] "Time taken to run script pipeline/24_sum_higher_geog_level_age_adjust_total_burden.R : 0 seconds"      
[3] "Time taken to run script pipeline/24_sum_higher_geog_level_age_adjust_total_burden.R : 170.796 seconds"
[4] "Time taken to run script pipeline/24_sum_higher_geog_level_age_adjust_total_burden.R : 4.015 seconds"  
[5] "Time taken to run script pipeline/24_sum_higher_geog_level_age_adjust_total_burden.R : 0.445 seconds"  
[1] "Running script pipeline/25_summary_attr_total_burd.R on Linux"
[1] "Time taken to run script pipeline/24_sum_higher_geog_level_age_adjust_total_burden.R : 0 seconds"      
[2] "Time taken to run script pipeline/24_sum_higher_geog_level_age_adjust_total_burden.R : 0 seconds"      
[3] "Time taken to run script pipeline/24_sum_higher_geog_level_age_adjust_total_burden.R : 170.278 seconds"
[4] "Time taken to run script pipeline/24_sum_higher_geog_level_age_adjust_total_burden.R : 4.072 seconds"  
[5] "Time taken to run script pipeline/24_sum_higher_geog_level_age_adjust_total_burden.R : 0.451 seconds"  
[1] "Running script pipeline/25_summary_attr_total_burd.R on Linux"
- The project is out-of-sync -- use `renv::status()` for details.
[1] "Time taken to run script pipeline/24_sum_higher_geog_level_age_adjust_total_burden.R : 0 seconds"      
[2] "Time taken to run script pipeline/24_sum_higher_geog_level_age_adjust_total_burden.R : 0.001 seconds"  
[3] "Time taken to run script pipeline/24_sum_higher_geog_level_age_adjust_total_burden.R : 150.676 seconds"
[4] "Time taken to run script pipeline/24_sum_higher_geog_level_age_adjust_total_burden.R : 4.076 seconds"  
[5] "Time taken to run script pipeline/24_sum_higher_geog_level_age_adjust_total_burden.R : 0.465 seconds"  
[1] "Running script pipeline/25_summary_attr_total_burd.R on Linux"
[1] "Time taken to run script pipeline/24_sum_higher_geog_level_age_adjust_total_burden.R : 0 seconds"                
[2] "Time taken to run script pipeline/24_sum_higher_geog_level_age_adjust_total_burden.R : 0 seconds"                
[3] "Time taken to run script pipeline/24_sum_higher_geog_level_age_adjust_total_burden.R : 146.332 seconds"          
[4] "Time taken to run script pipeline/24_sum_higher_geog_level_age_adjust_total_burden.R : 4.121 seconds"            
[5] "Time taken to run script pipeline/24_sum_higher_geog_level_age_adjust_total_burden.R : 0.388999999999996 seconds"
[1] "Running script pipeline/25_summary_attr_total_burd.R on Linux"
- The project is out-of-sync -- use `renv::status()` for details.
- The project is out-of-sync -- use `renv::status()` for details.
- The project is out-of-sync -- use `renv::status()` for details.
- The project is out-of-sync -- use `renv::status()` for details.
- The project is out-of-sync -- use `renv::status()` for details.
- The project is out-of-sync -- use `renv::status()` for details.
- The project is out-of-sync -- use `renv::status()` for details.
- The project is out-of-sync -- use `renv::status()` for details.
- The project is out-of-sync -- use `renv::status()` for details.
- The project is out-of-sync -- use `renv::status()` for details.
- The project is out-of-sync -- use `renv::status()` for details.
- The project is out-of-sync -- use `renv::status()` for details.
- The project is out-of-sync -- use `renv::status()` for details.
- The project is out-of-sync -- use `renv::status()` for details.
- The project is out-of-sync -- use `renv::status()` for details.
- The project is out-of-sync -- use `renv::status()` for details.
- The project is out-of-sync -- use `renv::status()` for details.
[1] "Time taken to run script pipeline/24_proportions_attr_burd.R : 0 seconds"                
[2] "Time taken to run script pipeline/24_proportions_attr_burd.R : 0 seconds"                
[3] "Time taken to run script pipeline/24_proportions_attr_burd.R : 139.214 seconds"          
[4] "Time taken to run script pipeline/24_proportions_attr_burd.R : 4.227 seconds"            
[5] "Time taken to run script pipeline/24_proportions_attr_burd.R : 0.387999999999998 seconds"
[1] "Running script pipeline/24_sum_higher_geog_level_age_adjust_total_burden.R on Linux"
- The project is out-of-sync -- use `renv::status()` for details.
- The project is out-of-sync -- use `renv::status()` for details.
[1] "Time taken to run script pipeline/23_sum_higher_geog_level_age_adjust.R : 0.001 seconds"  
[2] "Time taken to run script pipeline/23_sum_higher_geog_level_age_adjust.R : 0 seconds"      
[3] "Time taken to run script pipeline/23_sum_higher_geog_level_age_adjust.R : 935.516 seconds"
[4] "Time taken to run script pipeline/23_sum_higher_geog_level_age_adjust.R : 20.788 seconds" 
[5] "Time taken to run script pipeline/23_sum_higher_geog_level_age_adjust.R : 59.271 seconds" 
[1] "Running script pipeline/24_proportions_attr_burd.R on Linux"
[1] "Time taken to run script pipeline/24_sum_higher_geog_level_age_adjust_total_burden.R : 0 seconds"                
[2] "Time taken to run script pipeline/24_sum_higher_geog_level_age_adjust_total_burden.R : 0.001 seconds"            
[3] "Time taken to run script pipeline/24_sum_higher_geog_level_age_adjust_total_burden.R : 158.863 seconds"          
[4] "Time taken to run script pipeline/24_sum_higher_geog_level_age_adjust_total_burden.R : 4.05 seconds"             
[5] "Time taken to run script pipeline/24_sum_higher_geog_level_age_adjust_total_burden.R : 0.379000000000005 seconds"
[1] "Running script pipeline/25_summary_attr_total_burd.R on Linux"
[1] "Time taken to run script pipeline/23_sum_higher_geog_level_age_adjust.R : 0 seconds"       
[2] "Time taken to run script pipeline/23_sum_higher_geog_level_age_adjust.R : 0 seconds"       
[3] "Time taken to run script pipeline/23_sum_higher_geog_level_age_adjust.R : 1014.161 seconds"
[4] "Time taken to run script pipeline/23_sum_higher_geog_level_age_adjust.R : 21.619 seconds"  
[5] "Time taken to run script pipeline/23_sum_higher_geog_level_age_adjust.R : 3.809 seconds"   
[1] "Running script pipeline/24_proportions_attr_burd.R on Linux"
- The project is out-of-sync -- use `renv::status()` for details.
- The project is out-of-sync -- use `renv::status()` for details.
[1] "Time taken to run script pipeline/23_sum_higher_geog_level_age_adjust.R : 0 seconds"       
[2] "Time taken to run script pipeline/23_sum_higher_geog_level_age_adjust.R : 0 seconds"       
[3] "Time taken to run script pipeline/23_sum_higher_geog_level_age_adjust.R : 1088.686 seconds"
[4] "Time taken to run script pipeline/23_sum_higher_geog_level_age_adjust.R : 23.221 seconds"  
[5] "Time taken to run script pipeline/23_sum_higher_geog_level_age_adjust.R : 4.985 seconds"   
[1] "Running script pipeline/24_proportions_attr_burd.R on Linux"
- The project is out-of-sync -- use `renv::status()` for details.
[1] "Time taken to run script pipeline/24_proportions_attr_burd.R : 0.001 seconds"            
[2] "Time taken to run script pipeline/24_proportions_attr_burd.R : 0 seconds"                
[3] "Time taken to run script pipeline/24_proportions_attr_burd.R : 181.498 seconds"          
[4] "Time taken to run script pipeline/24_proportions_attr_burd.R : 4.191 seconds"            
[5] "Time taken to run script pipeline/24_proportions_attr_burd.R : 0.332000000000001 seconds"
[1] "Running script pipeline/24_sum_higher_geog_level_age_adjust_total_burden.R on Linux"
- The project is out-of-sync -- use `renv::status()` for details.
[1] "Time taken to run script pipeline/23_sum_higher_geog_level_age_adjust.R : 0 seconds"       
[2] "Time taken to run script pipeline/23_sum_higher_geog_level_age_adjust.R : 0 seconds"       
[3] "Time taken to run script pipeline/23_sum_higher_geog_level_age_adjust.R : 1182.064 seconds"
[4] "Time taken to run script pipeline/23_sum_higher_geog_level_age_adjust.R : 26.131 seconds"  
[5] "Time taken to run script pipeline/23_sum_higher_geog_level_age_adjust.R : 15.992 seconds"  
[1] "Running script pipeline/24_proportions_attr_burd.R on Linux"
[1] "Time taken to run script pipeline/24_proportions_attr_burd.R : 0 seconds"      
[2] "Time taken to run script pipeline/24_proportions_attr_burd.R : 0 seconds"      
[3] "Time taken to run script pipeline/24_proportions_attr_burd.R : 182.352 seconds"
[4] "Time taken to run script pipeline/24_proportions_attr_burd.R : 4.113 seconds"  
[5] "Time taken to run script pipeline/24_proportions_attr_burd.R : 0.417 seconds"  
[1] "Running script pipeline/24_sum_higher_geog_level_age_adjust_total_burden.R on Linux"
- The project is out-of-sync -- use `renv::status()` for details.
- The project is out-of-sync -- use `renv::status()` for details.
[1] "Time taken to run script pipeline/23_sum_higher_geog_level_age_adjust.R : 0 seconds"       
[2] "Time taken to run script pipeline/23_sum_higher_geog_level_age_adjust.R : 0 seconds"       
[3] "Time taken to run script pipeline/23_sum_higher_geog_level_age_adjust.R : 1274.103 seconds"
[4] "Time taken to run script pipeline/23_sum_higher_geog_level_age_adjust.R : 28.527 seconds"  
[5] "Time taken to run script pipeline/23_sum_higher_geog_level_age_adjust.R : 11.973 seconds"  
[1] "Running script pipeline/24_proportions_attr_burd.R on Linux"
[1] "Time taken to run script pipeline/24_proportions_attr_burd.R : 0 seconds"                
[2] "Time taken to run script pipeline/24_proportions_attr_burd.R : 0 seconds"                
[3] "Time taken to run script pipeline/24_proportions_attr_burd.R : 195.722 seconds"          
[4] "Time taken to run script pipeline/24_proportions_attr_burd.R : 4.215 seconds"            
[5] "Time taken to run script pipeline/24_proportions_attr_burd.R : 0.431999999999999 seconds"
[1] "Running script pipeline/24_sum_higher_geog_level_age_adjust_total_burden.R on Linux"
- The project is out-of-sync -- use `renv::status()` for details.
[1] "Time taken to run script pipeline/24_sum_higher_geog_level_age_adjust_total_burden.R : 0 seconds"                
[2] "Time taken to run script pipeline/24_sum_higher_geog_level_age_adjust_total_burden.R : 0 seconds"                
[3] "Time taken to run script pipeline/24_sum_higher_geog_level_age_adjust_total_burden.R : 184.509 seconds"          
[4] "Time taken to run script pipeline/24_sum_higher_geog_level_age_adjust_total_burden.R : 4.025 seconds"            
[5] "Time taken to run script pipeline/24_sum_higher_geog_level_age_adjust_total_burden.R : 0.426000000000002 seconds"
[1] "Running script pipeline/25_summary_attr_total_burd.R on Linux"
[1] "Time taken to run script pipeline/23_sum_higher_geog_level_age_adjust.R : 0.001 seconds"   
[2] "Time taken to run script pipeline/23_sum_higher_geog_level_age_adjust.R : 0 seconds"       
[3] "Time taken to run script pipeline/23_sum_higher_geog_level_age_adjust.R : 1358.491 seconds"
[4] "Time taken to run script pipeline/23_sum_higher_geog_level_age_adjust.R : 27.467 seconds"  
[5] "Time taken to run script pipeline/23_sum_higher_geog_level_age_adjust.R : 12.842 seconds"  
[1] "Running script pipeline/24_proportions_attr_burd.R on Linux"
[1] "Time taken to run script pipeline/23_sum_higher_geog_level_age_adjust.R : 0 seconds"       
[2] "Time taken to run script pipeline/23_sum_higher_geog_level_age_adjust.R : 0 seconds"       
[3] "Time taken to run script pipeline/23_sum_higher_geog_level_age_adjust.R : 1362.681 seconds"
[4] "Time taken to run script pipeline/23_sum_higher_geog_level_age_adjust.R : 27.924 seconds"  
[5] "Time taken to run script pipeline/23_sum_higher_geog_level_age_adjust.R : 13.786 seconds"  
[1] "Running script pipeline/24_proportions_attr_burd.R on Linux"
[1] "Time taken to run script pipeline/23_sum_higher_geog_level_age_adjust.R : 0 seconds"       
[2] "Time taken to run script pipeline/23_sum_higher_geog_level_age_adjust.R : 0 seconds"       
[3] "Time taken to run script pipeline/23_sum_higher_geog_level_age_adjust.R : 1404.525 seconds"
[4] "Time taken to run script pipeline/23_sum_higher_geog_level_age_adjust.R : 27.05 seconds"   
[5] "Time taken to run script pipeline/23_sum_higher_geog_level_age_adjust.R : 12.457 seconds"  
[1] "Running script pipeline/24_proportions_attr_burd.R on Linux"
[1] "Time taken to run script pipeline/25_summary_attr_total_burd.R : 0.001 seconds"  
[2] "Time taken to run script pipeline/25_summary_attr_total_burd.R : 0 seconds"      
[3] "Time taken to run script pipeline/25_summary_attr_total_burd.R : 715.295 seconds"
[4] "Time taken to run script pipeline/25_summary_attr_total_burd.R : 19.763 seconds" 
[5] "Time taken to run script pipeline/25_summary_attr_total_burd.R : 7.542 seconds"  
Year:  1995 agr_by:  nation- The project is out-of-sync -- use `renv::status()` for details.
- The project is out-of-sync -- use `renv::status()` for details.
[1] "Time taken to run script pipeline/24_proportions_attr_burd.R : 0 seconds"      
[2] "Time taken to run script pipeline/24_proportions_attr_burd.R : 0 seconds"      
[3] "Time taken to run script pipeline/24_proportions_attr_burd.R : 293.343 seconds"
[4] "Time taken to run script pipeline/24_proportions_attr_burd.R : 4.212 seconds"  
[5] "Time taken to run script pipeline/24_proportions_attr_burd.R : 0.558 seconds"  
[1] "Running script pipeline/24_sum_higher_geog_level_age_adjust_total_burden.R on Linux"
[1] "Time taken to run script pipeline/24_sum_higher_geog_level_age_adjust_total_burden.R : 0 seconds"      
[2] "Time taken to run script pipeline/24_sum_higher_geog_level_age_adjust_total_burden.R : 0 seconds"      
[3] "Time taken to run script pipeline/24_sum_higher_geog_level_age_adjust_total_burden.R : 286.872 seconds"
[4] "Time taken to run script pipeline/24_sum_higher_geog_level_age_adjust_total_burden.R : 3.988 seconds"  
[5] "Time taken to run script pipeline/24_sum_higher_geog_level_age_adjust_total_burden.R : 0.616 seconds"  
[1] "Running script pipeline/25_summary_attr_total_burd.R on Linux"
- The project is out-of-sync -- use `renv::status()` for details.
- The project is out-of-sync -- use `renv::status()` for details.
- The project is out-of-sync -- use `renv::status()` for details.
- The project is out-of-sync -- use `renv::status()` for details.
[1] "Time taken to run script pipeline/25_summary_attr_total_burd.R : 0.001 seconds"  
[2] "Time taken to run script pipeline/25_summary_attr_total_burd.R : 0 seconds"      
[3] "Time taken to run script pipeline/25_summary_attr_total_burd.R : 769.539 seconds"
[4] "Time taken to run script pipeline/25_summary_attr_total_burd.R : 21.551 seconds" 
[5] "Time taken to run script pipeline/25_summary_attr_total_burd.R : 5.94 seconds"   
Year:  1992 agr_by:  nation[1] "Time taken to run script pipeline/25_summary_attr_total_burd.R : 0 seconds"      
[2] "Time taken to run script pipeline/25_summary_attr_total_burd.R : 0 seconds"      
[3] "Time taken to run script pipeline/25_summary_attr_total_burd.R : 820.915 seconds"
[4] "Time taken to run script pipeline/25_summary_attr_total_burd.R : 22.766 seconds" 
[5] "Time taken to run script pipeline/25_summary_attr_total_burd.R : 5.756 seconds"  
Year:  1997 agr_by:  nation- The project is out-of-sync -- use `renv::status()` for details.
[1] "Time taken to run script pipeline/24_proportions_attr_burd.R : 0 seconds"                
[2] "Time taken to run script pipeline/24_proportions_attr_burd.R : 0 seconds"                
[3] "Time taken to run script pipeline/24_proportions_attr_burd.R : 286.714 seconds"          
[4] "Time taken to run script pipeline/24_proportions_attr_burd.R : 4.039 seconds"            
[5] "Time taken to run script pipeline/24_proportions_attr_burd.R : 0.581999999999999 seconds"
[1] "Running script pipeline/24_sum_higher_geog_level_age_adjust_total_burden.R on Linux"
[1] "Time taken to run script pipeline/24_sum_higher_geog_level_age_adjust_total_burden.R : 0 seconds"      
[2] "Time taken to run script pipeline/24_sum_higher_geog_level_age_adjust_total_burden.R : 0 seconds"      
[3] "Time taken to run script pipeline/24_sum_higher_geog_level_age_adjust_total_burden.R : 278.257 seconds"
[4] "Time taken to run script pipeline/24_sum_higher_geog_level_age_adjust_total_burden.R : 3.844 seconds"  
[5] "Time taken to run script pipeline/24_sum_higher_geog_level_age_adjust_total_burden.R : 0.58 seconds"   
[1] "Running script pipeline/25_summary_attr_total_burd.R on Linux"
- The project is out-of-sync -- use `renv::status()` for details.
[1] "Time taken to run script pipeline/24_proportions_attr_burd.R : 0 seconds"      
[2] "Time taken to run script pipeline/24_proportions_attr_burd.R : 0 seconds"      
[3] "Time taken to run script pipeline/24_proportions_attr_burd.R : 227.574 seconds"
[4] "Time taken to run script pipeline/24_proportions_attr_burd.R : 3.866 seconds"  
[5] "Time taken to run script pipeline/24_proportions_attr_burd.R : 0.512 seconds"  
[1] "Running script pipeline/24_sum_higher_geog_level_age_adjust_total_burden.R on Linux"
[1] "Time taken to run script pipeline/24_proportions_attr_burd.R : 0 seconds"                
[2] "Time taken to run script pipeline/24_proportions_attr_burd.R : 0 seconds"                
[3] "Time taken to run script pipeline/24_proportions_attr_burd.R : 231.849 seconds"          
[4] "Time taken to run script pipeline/24_proportions_attr_burd.R : 3.781 seconds"            
[5] "Time taken to run script pipeline/24_proportions_attr_burd.R : 0.610999999999999 seconds"
[1] "Running script pipeline/24_sum_higher_geog_level_age_adjust_total_burden.R on Linux"
[1] "Time taken to run script pipeline/24_proportions_attr_burd.R : 0 seconds"      
[2] "Time taken to run script pipeline/24_proportions_attr_burd.R : 0 seconds"      
[3] "Time taken to run script pipeline/24_proportions_attr_burd.R : 184.496 seconds"
[4] "Time taken to run script pipeline/24_proportions_attr_burd.R : 3.856 seconds"  
[5] "Time taken to run script pipeline/24_proportions_attr_burd.R : 0.41 seconds"   
[1] "Running script pipeline/24_sum_higher_geog_level_age_adjust_total_burden.R on Linux"
- The project is out-of-sync -- use `renv::status()` for details.
- The project is out-of-sync -- use `renv::status()` for details.
[1] "Time taken to run script pipeline/24_sum_higher_geog_level_age_adjust_total_burden.R : 0.001 seconds"  
[2] "Time taken to run script pipeline/24_sum_higher_geog_level_age_adjust_total_burden.R : 0 seconds"      
[3] "Time taken to run script pipeline/24_sum_higher_geog_level_age_adjust_total_burden.R : 159.301 seconds"
[4] "Time taken to run script pipeline/24_sum_higher_geog_level_age_adjust_total_burden.R : 3.749 seconds"  
[5] "Time taken to run script pipeline/24_sum_higher_geog_level_age_adjust_total_burden.R : 0.683 seconds"  
[1] "Running script pipeline/25_summary_attr_total_burd.R on Linux"
- The project is out-of-sync -- use `renv::status()` for details.
- The project is out-of-sync -- use `renv::status()` for details.
- The project is out-of-sync -- use `renv::status()` for details.
[1] "Time taken to run script pipeline/25_summary_attr_total_burd.R : 0 seconds"      
[2] "Time taken to run script pipeline/25_summary_attr_total_burd.R : 0 seconds"      
[3] "Time taken to run script pipeline/25_summary_attr_total_burd.R : 919.002 seconds"
[4] "Time taken to run script pipeline/25_summary_attr_total_burd.R : 25.567 seconds" 
[5] "Time taken to run script pipeline/25_summary_attr_total_burd.R : 16.381 seconds" 
Year:  2014 agr_by:  nation- The project is out-of-sync -- use `renv::status()` for details.
[1] "Time taken to run script pipeline/24_sum_higher_geog_level_age_adjust_total_burden.R : 0.001 seconds"  
[2] "Time taken to run script pipeline/24_sum_higher_geog_level_age_adjust_total_burden.R : 0 seconds"      
[3] "Time taken to run script pipeline/24_sum_higher_geog_level_age_adjust_total_burden.R : 125.729 seconds"
[4] "Time taken to run script pipeline/24_sum_higher_geog_level_age_adjust_total_burden.R : 3.815 seconds"  
[5] "Time taken to run script pipeline/24_sum_higher_geog_level_age_adjust_total_burden.R : 0.561 seconds"  
[1] "Running script pipeline/25_summary_attr_total_burd.R on Linux"
[1] "Time taken to run script pipeline/25_summary_attr_total_burd.R : 0 seconds"      
[2] "Time taken to run script pipeline/25_summary_attr_total_burd.R : 0 seconds"      
[3] "Time taken to run script pipeline/25_summary_attr_total_burd.R : 995.596 seconds"
[4] "Time taken to run script pipeline/25_summary_attr_total_burd.R : 26.909 seconds" 
[5] "Time taken to run script pipeline/25_summary_attr_total_burd.R : 19.796 seconds" 
Year:  2016 agr_by:  nation[1] "Time taken to run script pipeline/25_summary_attr_total_burd.R : 0.001 seconds"  
[2] "Time taken to run script pipeline/25_summary_attr_total_burd.R : 0 seconds"      
[3] "Time taken to run script pipeline/25_summary_attr_total_burd.R : 997.353 seconds"
[4] "Time taken to run script pipeline/25_summary_attr_total_burd.R : 26.773 seconds" 
[5] "Time taken to run script pipeline/25_summary_attr_total_burd.R : 13.224 seconds" 
Year:  2003 agr_by:  nation[1] "Time taken to run script pipeline/24_sum_higher_geog_level_age_adjust_total_burden.R : 0 seconds"                
[2] "Time taken to run script pipeline/24_sum_higher_geog_level_age_adjust_total_burden.R : 0 seconds"                
[3] "Time taken to run script pipeline/24_sum_higher_geog_level_age_adjust_total_burden.R : 148.863 seconds"          
[4] "Time taken to run script pipeline/24_sum_higher_geog_level_age_adjust_total_burden.R : 3.754 seconds"            
[5] "Time taken to run script pipeline/24_sum_higher_geog_level_age_adjust_total_burden.R : 0.441000000000001 seconds"
[1] "Running script pipeline/25_summary_attr_total_burd.R on Linux"
[1] "Time taken to run script pipeline/24_sum_higher_geog_level_age_adjust_total_burden.R : 0.001 seconds"  
[2] "Time taken to run script pipeline/24_sum_higher_geog_level_age_adjust_total_burden.R : 0 seconds"      
[3] "Time taken to run script pipeline/24_sum_higher_geog_level_age_adjust_total_burden.R : 148.959 seconds"
[4] "Time taken to run script pipeline/24_sum_higher_geog_level_age_adjust_total_burden.R : 3.732 seconds"  
[5] "Time taken to run script pipeline/24_sum_higher_geog_level_age_adjust_total_burden.R : 0.461 seconds"  
[1] "Running script pipeline/25_summary_attr_total_burd.R on Linux"
[1] "Time taken to run script pipeline/24_sum_higher_geog_level_age_adjust_total_burden.R : 0 seconds"                
[2] "Time taken to run script pipeline/24_sum_higher_geog_level_age_adjust_total_burden.R : 0 seconds"                
[3] "Time taken to run script pipeline/24_sum_higher_geog_level_age_adjust_total_burden.R : 149.143 seconds"          
[4] "Time taken to run script pipeline/24_sum_higher_geog_level_age_adjust_total_burden.R : 3.656 seconds"            
[5] "Time taken to run script pipeline/24_sum_higher_geog_level_age_adjust_total_burden.R : 0.523999999999999 seconds"
[1] "Running script pipeline/25_summary_attr_total_burd.R on Linux"
- The project is out-of-sync -- use `renv::status()` for details.
- The project is out-of-sync -- use `renv::status()` for details.
- The project is out-of-sync -- use `renv::status()` for details.
- The project is out-of-sync -- use `renv::status()` for details.
[1] "Time taken to run script pipeline/25_summary_attr_total_burd.R : 0 seconds"       
[2] "Time taken to run script pipeline/25_summary_attr_total_burd.R : 0 seconds"       
[3] "Time taken to run script pipeline/25_summary_attr_total_burd.R : 1224.969 seconds"
[4] "Time taken to run script pipeline/25_summary_attr_total_burd.R : 39.201 seconds"  
[5] "Time taken to run script pipeline/25_summary_attr_total_burd.R : 10.494 seconds"  
Year:  2000 agr_by:  nation[1] "Time taken to run script pipeline/25_summary_attr_total_burd.R : 0.001 seconds"   
[2] "Time taken to run script pipeline/25_summary_attr_total_burd.R : 0 seconds"       
[3] "Time taken to run script pipeline/25_summary_attr_total_burd.R : 1315.175 seconds"
[4] "Time taken to run script pipeline/25_summary_attr_total_burd.R : 42.496 seconds"  
[5] "Time taken to run script pipeline/25_summary_attr_total_burd.R : 16.239 seconds"  
Year:  1999 agr_by:  nation[1] "Time taken to run script pipeline/25_summary_attr_total_burd.R : 0 seconds"       
[2] "Time taken to run script pipeline/25_summary_attr_total_burd.R : 0 seconds"       
[3] "Time taken to run script pipeline/25_summary_attr_total_burd.R : 1421.319 seconds"
[4] "Time taken to run script pipeline/25_summary_attr_total_burd.R : 45.177 seconds"  
[5] "Time taken to run script pipeline/25_summary_attr_total_burd.R : 10.388 seconds"  
Year:  2002 agr_by:  nation[1] "Time taken to run script pipeline/25_summary_attr_total_burd.R : 0.001 seconds" 
[2] "Time taken to run script pipeline/25_summary_attr_total_burd.R : 0 seconds"     
[3] "Time taken to run script pipeline/25_summary_attr_total_burd.R : 1506 seconds"  
[4] "Time taken to run script pipeline/25_summary_attr_total_burd.R : 46.898 seconds"
[5] "Time taken to run script pipeline/25_summary_attr_total_burd.R : 15.889 seconds"
Year:  1996 agr_by:  nation[1] "Time taken to run script pipeline/25_summary_attr_total_burd.R : 0 seconds"       
[2] "Time taken to run script pipeline/25_summary_attr_total_burd.R : 0 seconds"       
[3] "Time taken to run script pipeline/25_summary_attr_total_burd.R : 1507.104 seconds"
[4] "Time taken to run script pipeline/25_summary_attr_total_burd.R : 46.789 seconds"  
[5] "Time taken to run script pipeline/25_summary_attr_total_burd.R : 19.072 seconds"  
Year:  2015 agr_by:  nation[1] "Time taken to run script pipeline/25_summary_attr_total_burd.R : 0 seconds"       
[2] "Time taken to run script pipeline/25_summary_attr_total_burd.R : 0.001 seconds"   
[3] "Time taken to run script pipeline/25_summary_attr_total_burd.R : 1627.538 seconds"
[4] "Time taken to run script pipeline/25_summary_attr_total_burd.R : 54.946 seconds"  
[5] "Time taken to run script pipeline/25_summary_attr_total_burd.R : 16.457 seconds"  
Year:  2005 agr_by:  nation[1] "Time taken to run script pipeline/25_summary_attr_total_burd.R : 0.001 seconds"   
[2] "Time taken to run script pipeline/25_summary_attr_total_burd.R : 0 seconds"       
[3] "Time taken to run script pipeline/25_summary_attr_total_burd.R : 1717.624 seconds"
[4] "Time taken to run script pipeline/25_summary_attr_total_burd.R : 56.288 seconds"  
[5] "Time taken to run script pipeline/25_summary_attr_total_burd.R : 12.782 seconds"  
Year:  1993 agr_by:  nation[1] "Time taken to run script pipeline/25_summary_attr_total_burd.R : 0 seconds"       
[2] "Time taken to run script pipeline/25_summary_attr_total_burd.R : 0 seconds"       
[3] "Time taken to run script pipeline/25_summary_attr_total_burd.R : 2043.014 seconds"
[4] "Time taken to run script pipeline/25_summary_attr_total_burd.R : 71.437 seconds"  
[5] "Time taken to run script pipeline/25_summary_attr_total_burd.R : 40.252 seconds"  
Year:  2010 agr_by:  nation[1] "Time taken to run script pipeline/25_summary_attr_total_burd.R : 0 seconds"       
[2] "Time taken to run script pipeline/25_summary_attr_total_burd.R : 0 seconds"       
[3] "Time taken to run script pipeline/25_summary_attr_total_burd.R : 2223.844 seconds"
[4] "Time taken to run script pipeline/25_summary_attr_total_burd.R : 75.857 seconds"  
[5] "Time taken to run script pipeline/25_summary_attr_total_burd.R : 31.825 seconds"  
Year:  2001 agr_by:  nation[1] "Time taken to run script pipeline/25_summary_attr_total_burd.R : 0 seconds"       
[2] "Time taken to run script pipeline/25_summary_attr_total_burd.R : 0.001 seconds"   
[3] "Time taken to run script pipeline/25_summary_attr_total_burd.R : 2380.706 seconds"
[4] "Time taken to run script pipeline/25_summary_attr_total_burd.R : 83.794 seconds"  
[5] "Time taken to run script pipeline/25_summary_attr_total_burd.R : 28.025 seconds"  
Year:  1994 agr_by:  nation[1] "Time taken to run script pipeline/25_summary_attr_total_burd.R : 0 seconds"       
[2] "Time taken to run script pipeline/25_summary_attr_total_burd.R : 0 seconds"       
[3] "Time taken to run script pipeline/25_summary_attr_total_burd.R : 2566.284 seconds"
[4] "Time taken to run script pipeline/25_summary_attr_total_burd.R : 92.321 seconds"  
[5] "Time taken to run script pipeline/25_summary_attr_total_burd.R : 52.19 seconds"   
Year:  2011 agr_by:  nation[1] "Time taken to run script pipeline/25_summary_attr_total_burd.R : 0 seconds"      
[2] "Time taken to run script pipeline/25_summary_attr_total_burd.R : 0 seconds"      
[3] "Time taken to run script pipeline/25_summary_attr_total_burd.R : 2717.39 seconds"
[4] "Time taken to run script pipeline/25_summary_attr_total_burd.R : 103.565 seconds"
[5] "Time taken to run script pipeline/25_summary_attr_total_burd.R : 48.921 seconds" 
Year:  2013 agr_by:  nation[1] "Time taken to run script pipeline/25_summary_attr_total_burd.R : 0 seconds"       
[2] "Time taken to run script pipeline/25_summary_attr_total_burd.R : 0 seconds"       
[3] "Time taken to run script pipeline/25_summary_attr_total_burd.R : 2686.925 seconds"
[4] "Time taken to run script pipeline/25_summary_attr_total_burd.R : 104.457 seconds" 
[5] "Time taken to run script pipeline/25_summary_attr_total_burd.R : 50.27 seconds"   
Year:  2012 agr_by:  nation[1] "Time taken to run script pipeline/25_summary_attr_total_burd.R : 0 seconds"       
[2] "Time taken to run script pipeline/25_summary_attr_total_burd.R : 0 seconds"       
[3] "Time taken to run script pipeline/25_summary_attr_total_burd.R : 2498.944 seconds"
[4] "Time taken to run script pipeline/25_summary_attr_total_burd.R : 108.794 seconds" 
[5] "Time taken to run script pipeline/25_summary_attr_total_burd.R : 85.234 seconds"  
Year:  2009 agr_by:  nation[1] "Time taken to run script pipeline/25_summary_attr_total_burd.R : 0 seconds"      
[2] "Time taken to run script pipeline/25_summary_attr_total_burd.R : 0 seconds"      
[3] "Time taken to run script pipeline/25_summary_attr_total_burd.R : 2406.25 seconds"
[4] "Time taken to run script pipeline/25_summary_attr_total_burd.R : 117.479 seconds"
[5] "Time taken to run script pipeline/25_summary_attr_total_burd.R : 27.605 seconds" 
Year:  1998 agr_by:  nation[1] "Time taken to run script pipeline/25_summary_attr_total_burd.R : 0 seconds"       
[2] "Time taken to run script pipeline/25_summary_attr_total_burd.R : 0 seconds"       
[3] "Time taken to run script pipeline/25_summary_attr_total_burd.R : 2262.453 seconds"
[4] "Time taken to run script pipeline/25_summary_attr_total_burd.R : 121.462 seconds" 
[5] "Time taken to run script pipeline/25_summary_attr_total_burd.R : 39.966 seconds"  
Year:  2006 agr_by:  nation[1] "Time taken to run script pipeline/25_summary_attr_total_burd.R : 0 seconds"       
[2] "Time taken to run script pipeline/25_summary_attr_total_burd.R : 0 seconds"       
[3] "Time taken to run script pipeline/25_summary_attr_total_burd.R : 2598.707 seconds"
[4] "Time taken to run script pipeline/25_summary_attr_total_burd.R : 145.191 seconds" 
[5] "Time taken to run script pipeline/25_summary_attr_total_burd.R : 33.025 seconds"  
Year:  1991 agr_by:  nation[1] "Time taken to run script pipeline/25_summary_attr_total_burd.R : 0 seconds"       
[2] "Time taken to run script pipeline/25_summary_attr_total_burd.R : 0 seconds"       
[3] "Time taken to run script pipeline/25_summary_attr_total_burd.R : 2687.515 seconds"
[4] "Time taken to run script pipeline/25_summary_attr_total_burd.R : 196.637 seconds" 
[5] "Time taken to run script pipeline/25_summary_attr_total_burd.R : 56.672 seconds"  
Year:  2007 agr_by:  nation[1] "Time taken to run script pipeline/25_summary_attr_total_burd.R : 0 seconds"       
[2] "Time taken to run script pipeline/25_summary_attr_total_burd.R : 0 seconds"       
[3] "Time taken to run script pipeline/25_summary_attr_total_burd.R : 3059.346 seconds"
[4] "Time taken to run script pipeline/25_summary_attr_total_burd.R : 264.061 seconds" 
[5] "Time taken to run script pipeline/25_summary_attr_total_burd.R : 96.54 seconds"   
Year:  2008 agr_by:  nation[1] "Time taken to run script pipeline/25_summary_attr_total_burd.R : 0 seconds"       
[2] "Time taken to run script pipeline/25_summary_attr_total_burd.R : 0 seconds"       
[3] "Time taken to run script pipeline/25_summary_attr_total_burd.R : 3098.519 seconds"
[4] "Time taken to run script pipeline/25_summary_attr_total_burd.R : 333.399 seconds" 
[5] "Time taken to run script pipeline/25_summary_attr_total_burd.R : 64.53 seconds"   
Year:  1990 agr_by:  nationsummarized all burden and attributable burden data: 3071.904 sec elapsed
[1] "Time taken to run script pipeline/25_summary_attr_total_burd.R : 0 seconds"       
[2] "Time taken to run script pipeline/25_summary_attr_total_burd.R : 0 seconds"       
[3] "Time taken to run script pipeline/25_summary_attr_total_burd.R : 3236.024 seconds"
[4] "Time taken to run script pipeline/25_summary_attr_total_burd.R : 394.725 seconds" 
[5] "Time taken to run script pipeline/25_summary_attr_total_burd.R : 131.333 seconds" 
Year:  2004 agr_by:  nation