[1] "Running script pipeline/14_read_tot_nvss.R on Linux"
[1] "Running script pipeline/14_read_tot_nvss.R on Linux"
[1] "Running script pipeline/14_read_tot_nvss.R on Linux"
[1] "Running script pipeline/14_read_tot_nvss.R on Linux"
[1] "Running script pipeline/14_read_tot_nvss.R on Linux"
[1] "Running script pipeline/14_read_tot_nvss.R on Linux"
[1] "Running script pipeline/14_read_tot_nvss.R on Linux"
[1] "Running script pipeline/14_read_tot_nvss.R on Linux"
[1] "Running script pipeline/14_read_tot_nvss.R on Linux"
[1] "Running script pipeline/14_read_tot_nvss.R on Linux"
[1] "Running script pipeline/14_read_tot_nvss.R on Linux"
[1] "Running script pipeline/14_read_tot_nvss.R on Linux"
[1] "Running script pipeline/14_read_tot_nvss.R on Linux"
[1] "Running script pipeline/14_read_tot_nvss.R on Linux"
[1] "Running script pipeline/14_read_tot_nvss.R on Linux"
[1] "Running script pipeline/14_read_tot_nvss.R on Linux"
[1] "Running script pipeline/14_read_tot_nvss.R on Linux"
[1] "Running script pipeline/14_read_tot_nvss.R on Linux"
[1] "Running script pipeline/14_read_tot_nvss.R on Linux"
[1] "Running script pipeline/14_read_tot_nvss.R on Linux"
[1] "Running script pipeline/14_read_tot_nvss.R on Linux"
[1] "Running script pipeline/14_read_tot_nvss.R on Linux"
[1] "Running script pipeline/14_read_tot_nvss.R on Linux"
[1] "Running script pipeline/14_read_tot_nvss.R on Linux"
[1] "Running script pipeline/14_read_tot_nvss.R on Linux"
[1] "Running script pipeline/14_read_tot_nvss.R on Linux"
[1] "Running script pipeline/14_read_tot_nvss.R on Linux"
[1] "Time taken to run script pipeline/14_read_tot_nvss.R : 0 seconds"     
[2] "Time taken to run script pipeline/14_read_tot_nvss.R : 0 seconds"     
[3] "Time taken to run script pipeline/14_read_tot_nvss.R : 27.895 seconds"
[4] "Time taken to run script pipeline/14_read_tot_nvss.R : 1.094 seconds" 
[5] "Time taken to run script pipeline/14_read_tot_nvss.R : 0.103 seconds" 
[1] "Running script pipeline/19_add_rate_totburd.R on Linux"
[1] "Time taken to run script pipeline/14_read_tot_nvss.R : 0.001 seconds" 
[2] "Time taken to run script pipeline/14_read_tot_nvss.R : 0 seconds"     
[3] "Time taken to run script pipeline/14_read_tot_nvss.R : 28.233 seconds"
[4] "Time taken to run script pipeline/14_read_tot_nvss.R : 1.113 seconds" 
[5] "Time taken to run script pipeline/14_read_tot_nvss.R : 0.089 seconds" 
[1] "Running script pipeline/19_add_rate_totburd.R on Linux"
[1] "Time taken to run script pipeline/14_read_tot_nvss.R : 0.001 seconds" 
[2] "Time taken to run script pipeline/14_read_tot_nvss.R : 0 seconds"     
[3] "Time taken to run script pipeline/14_read_tot_nvss.R : 28.332 seconds"
[4] "Time taken to run script pipeline/14_read_tot_nvss.R : 1.094 seconds" 
[5] "Time taken to run script pipeline/14_read_tot_nvss.R : 0.107 seconds" 
[1] "Running script pipeline/19_add_rate_totburd.R on Linux"
[1] "Time taken to run script pipeline/14_read_tot_nvss.R : 0.001 seconds" 
[2] "Time taken to run script pipeline/14_read_tot_nvss.R : 0 seconds"     
[3] "Time taken to run script pipeline/14_read_tot_nvss.R : 28.809 seconds"
[4] "Time taken to run script pipeline/14_read_tot_nvss.R : 1.121 seconds" 
[5] "Time taken to run script pipeline/14_read_tot_nvss.R : 0.069 seconds" 
[1] "Running script pipeline/19_add_rate_totburd.R on Linux"
[1] "Time taken to run script pipeline/14_read_tot_nvss.R : 0 seconds"     
[2] "Time taken to run script pipeline/14_read_tot_nvss.R : 0 seconds"     
[3] "Time taken to run script pipeline/14_read_tot_nvss.R : 29.691 seconds"
[4] "Time taken to run script pipeline/14_read_tot_nvss.R : 1.108 seconds" 
[5] "Time taken to run script pipeline/14_read_tot_nvss.R : 0.082 seconds" 
[1] "Running script pipeline/19_add_rate_totburd.R on Linux"
[1] "Time taken to run script pipeline/14_read_tot_nvss.R : 0 seconds"     
[2] "Time taken to run script pipeline/14_read_tot_nvss.R : 0 seconds"     
[3] "Time taken to run script pipeline/14_read_tot_nvss.R : 30.206 seconds"
[4] "Time taken to run script pipeline/14_read_tot_nvss.R : 1.083 seconds" 
[5] "Time taken to run script pipeline/14_read_tot_nvss.R : 0.116 seconds" 
[1] "Running script pipeline/19_add_rate_totburd.R on Linux"
[1] "Time taken to run script pipeline/14_read_tot_nvss.R : 0.001 seconds" 
[2] "Time taken to run script pipeline/14_read_tot_nvss.R : 0 seconds"     
[3] "Time taken to run script pipeline/14_read_tot_nvss.R : 29.606 seconds"
[4] "Time taken to run script pipeline/14_read_tot_nvss.R : 1.061 seconds" 
[5] "Time taken to run script pipeline/14_read_tot_nvss.R : 0.123 seconds" 
[1] "Running script pipeline/19_add_rate_totburd.R on Linux"
[1] "Time taken to run script pipeline/14_read_tot_nvss.R : 0 seconds"     
[2] "Time taken to run script pipeline/14_read_tot_nvss.R : 0 seconds"     
[3] "Time taken to run script pipeline/14_read_tot_nvss.R : 30.824 seconds"
[4] "Time taken to run script pipeline/14_read_tot_nvss.R : 1.112 seconds" 
[5] "Time taken to run script pipeline/14_read_tot_nvss.R : 0.087 seconds" 
[1] "Running script pipeline/19_add_rate_totburd.R on Linux"
[1] "Time taken to run script pipeline/14_read_tot_nvss.R : 0 seconds"     
[2] "Time taken to run script pipeline/14_read_tot_nvss.R : 0 seconds"     
[3] "Time taken to run script pipeline/14_read_tot_nvss.R : 31.002 seconds"
[4] "Time taken to run script pipeline/14_read_tot_nvss.R : 1.089 seconds" 
[5] "Time taken to run script pipeline/14_read_tot_nvss.R : 0.093 seconds" 
[1] "Running script pipeline/19_add_rate_totburd.R on Linux"
[1] "Time taken to run script pipeline/14_read_tot_nvss.R : 0 seconds"     
[2] "Time taken to run script pipeline/14_read_tot_nvss.R : 0 seconds"     
[3] "Time taken to run script pipeline/14_read_tot_nvss.R : 31.258 seconds"
[4] "Time taken to run script pipeline/14_read_tot_nvss.R : 1.077 seconds" 
[5] "Time taken to run script pipeline/14_read_tot_nvss.R : 0.103 seconds" 
[1] "Running script pipeline/19_add_rate_totburd.R on Linux"
[1] "Time taken to run script pipeline/14_read_tot_nvss.R : 0 seconds"     
[2] "Time taken to run script pipeline/14_read_tot_nvss.R : 0 seconds"     
[3] "Time taken to run script pipeline/14_read_tot_nvss.R : 31.397 seconds"
[4] "Time taken to run script pipeline/14_read_tot_nvss.R : 1.093 seconds" 
[5] "Time taken to run script pipeline/14_read_tot_nvss.R : 0.082 seconds" 
[1] "Running script pipeline/19_add_rate_totburd.R on Linux"
[1] "Time taken to run script pipeline/14_read_tot_nvss.R : 0.001 seconds" 
[2] "Time taken to run script pipeline/14_read_tot_nvss.R : 0 seconds"     
[3] "Time taken to run script pipeline/14_read_tot_nvss.R : 31.371 seconds"
[4] "Time taken to run script pipeline/14_read_tot_nvss.R : 1.089 seconds" 
[5] "Time taken to run script pipeline/14_read_tot_nvss.R : 0.086 seconds" 
[1] "Running script pipeline/19_add_rate_totburd.R on Linux"
[1] "Time taken to run script pipeline/14_read_tot_nvss.R : 0.001 seconds" 
[2] "Time taken to run script pipeline/14_read_tot_nvss.R : 0 seconds"     
[3] "Time taken to run script pipeline/14_read_tot_nvss.R : 31.213 seconds"
[4] "Time taken to run script pipeline/14_read_tot_nvss.R : 1.122 seconds" 
[5] "Time taken to run script pipeline/14_read_tot_nvss.R : 0.062 seconds" 
[1] "Running script pipeline/19_add_rate_totburd.R on Linux"
[1] "Time taken to run script pipeline/14_read_tot_nvss.R : 0 seconds"     
[2] "Time taken to run script pipeline/14_read_tot_nvss.R : 0 seconds"     
[3] "Time taken to run script pipeline/14_read_tot_nvss.R : 32.544 seconds"
[4] "Time taken to run script pipeline/14_read_tot_nvss.R : 1.103 seconds" 
[5] "Time taken to run script pipeline/14_read_tot_nvss.R : 0.078 seconds" 
[1] "Running script pipeline/19_add_rate_totburd.R on Linux"
[1] "Time taken to run script pipeline/14_read_tot_nvss.R : 0.001 seconds" 
[2] "Time taken to run script pipeline/14_read_tot_nvss.R : 0 seconds"     
[3] "Time taken to run script pipeline/14_read_tot_nvss.R : 32.675 seconds"
[4] "Time taken to run script pipeline/14_read_tot_nvss.R : 1.087 seconds" 
[5] "Time taken to run script pipeline/14_read_tot_nvss.R : 0.092 seconds" 
[1] "Running script pipeline/19_add_rate_totburd.R on Linux"
[1] "Time taken to run script pipeline/14_read_tot_nvss.R : 0 seconds"     
[2] "Time taken to run script pipeline/14_read_tot_nvss.R : 0 seconds"     
[3] "Time taken to run script pipeline/14_read_tot_nvss.R : 33.046 seconds"
[4] "Time taken to run script pipeline/14_read_tot_nvss.R : 1.054 seconds" 
[5] "Time taken to run script pipeline/14_read_tot_nvss.R : 0.123 seconds" 
[1] "Running script pipeline/19_add_rate_totburd.R on Linux"
[1] "Time taken to run script pipeline/14_read_tot_nvss.R : 0 seconds"     
[2] "Time taken to run script pipeline/14_read_tot_nvss.R : 0 seconds"     
[3] "Time taken to run script pipeline/14_read_tot_nvss.R : 33.204 seconds"
[4] "Time taken to run script pipeline/14_read_tot_nvss.R : 1.097 seconds" 
[5] "Time taken to run script pipeline/14_read_tot_nvss.R : 0.076 seconds" 
[1] "Running script pipeline/19_add_rate_totburd.R on Linux"
[1] "Time taken to run script pipeline/14_read_tot_nvss.R : 0 seconds"     
[2] "Time taken to run script pipeline/14_read_tot_nvss.R : 0 seconds"     
[3] "Time taken to run script pipeline/14_read_tot_nvss.R : 33.812 seconds"
[4] "Time taken to run script pipeline/14_read_tot_nvss.R : 1.091 seconds" 
[5] "Time taken to run script pipeline/14_read_tot_nvss.R : 0.089 seconds" 
[1] "Running script pipeline/19_add_rate_totburd.R on Linux"
[1] "Time taken to run script pipeline/14_read_tot_nvss.R : 0 seconds"     
[2] "Time taken to run script pipeline/14_read_tot_nvss.R : 0 seconds"     
[3] "Time taken to run script pipeline/14_read_tot_nvss.R : 34.021 seconds"
[4] "Time taken to run script pipeline/14_read_tot_nvss.R : 1.097 seconds" 
[5] "Time taken to run script pipeline/14_read_tot_nvss.R : 0.084 seconds" 
[1] "Running script pipeline/19_add_rate_totburd.R on Linux"
[1] "Time taken to run script pipeline/14_read_tot_nvss.R : 0.001 seconds"
[2] "Time taken to run script pipeline/14_read_tot_nvss.R : 0 seconds"    
[3] "Time taken to run script pipeline/14_read_tot_nvss.R : 33.8 seconds" 
[4] "Time taken to run script pipeline/14_read_tot_nvss.R : 1.085 seconds"
[5] "Time taken to run script pipeline/14_read_tot_nvss.R : 0.088 seconds"
[1] "Running script pipeline/19_add_rate_totburd.R on Linux"
[1] "Time taken to run script pipeline/14_read_tot_nvss.R : 0 seconds"     
[2] "Time taken to run script pipeline/14_read_tot_nvss.R : 0 seconds"     
[3] "Time taken to run script pipeline/14_read_tot_nvss.R : 34.859 seconds"
[4] "Time taken to run script pipeline/14_read_tot_nvss.R : 1.084 seconds" 
[5] "Time taken to run script pipeline/14_read_tot_nvss.R : 0.097 seconds" 
[1] "Running script pipeline/19_add_rate_totburd.R on Linux"
[1] "Time taken to run script pipeline/14_read_tot_nvss.R : 0 seconds"     
[2] "Time taken to run script pipeline/14_read_tot_nvss.R : 0 seconds"     
[3] "Time taken to run script pipeline/14_read_tot_nvss.R : 34.808 seconds"
[4] "Time taken to run script pipeline/14_read_tot_nvss.R : 1.075 seconds" 
[5] "Time taken to run script pipeline/14_read_tot_nvss.R : 0.097 seconds" 
[1] "Running script pipeline/19_add_rate_totburd.R on Linux"
[1] "Time taken to run script pipeline/14_read_tot_nvss.R : 0 seconds"    
[2] "Time taken to run script pipeline/14_read_tot_nvss.R : 0 seconds"    
[3] "Time taken to run script pipeline/14_read_tot_nvss.R : 35.19 seconds"
[4] "Time taken to run script pipeline/14_read_tot_nvss.R : 1.081 seconds"
[5] "Time taken to run script pipeline/14_read_tot_nvss.R : 0.095 seconds"
[1] "Running script pipeline/19_add_rate_totburd.R on Linux"
[1] "Time taken to run script pipeline/14_read_tot_nvss.R : 0.001 seconds" 
[2] "Time taken to run script pipeline/14_read_tot_nvss.R : 0 seconds"     
[3] "Time taken to run script pipeline/14_read_tot_nvss.R : 34.584 seconds"
[4] "Time taken to run script pipeline/14_read_tot_nvss.R : 1.106 seconds" 
[5] "Time taken to run script pipeline/14_read_tot_nvss.R : 0.055 seconds" 
[1] "Running script pipeline/19_add_rate_totburd.R on Linux"
[1] "Time taken to run script pipeline/14_read_tot_nvss.R : 0 seconds"     
[2] "Time taken to run script pipeline/14_read_tot_nvss.R : 0 seconds"     
[3] "Time taken to run script pipeline/14_read_tot_nvss.R : 36.165 seconds"
[4] "Time taken to run script pipeline/14_read_tot_nvss.R : 1.083 seconds" 
[5] "Time taken to run script pipeline/14_read_tot_nvss.R : 0.101 seconds" 
[1] "Running script pipeline/19_add_rate_totburd.R on Linux"
[1] "Time taken to run script pipeline/14_read_tot_nvss.R : 0 seconds"     
[2] "Time taken to run script pipeline/14_read_tot_nvss.R : 0 seconds"     
[3] "Time taken to run script pipeline/14_read_tot_nvss.R : 36.366 seconds"
[4] "Time taken to run script pipeline/14_read_tot_nvss.R : 1.079 seconds" 
[5] "Time taken to run script pipeline/14_read_tot_nvss.R : 0.106 seconds" 
[1] "Running script pipeline/19_add_rate_totburd.R on Linux"
[1] "Time taken to run script pipeline/14_read_tot_nvss.R : 0 seconds"     
[2] "Time taken to run script pipeline/14_read_tot_nvss.R : 0 seconds"     
[3] "Time taken to run script pipeline/14_read_tot_nvss.R : 36.862 seconds"
[4] "Time taken to run script pipeline/14_read_tot_nvss.R : 1.091 seconds" 
[5] "Time taken to run script pipeline/14_read_tot_nvss.R : 0.092 seconds" 
[1] "Running script pipeline/19_add_rate_totburd.R on Linux"
[1] "Time taken to run script pipeline/19_add_rate_totburd.R : 0 seconds"     
[2] "Time taken to run script pipeline/19_add_rate_totburd.R : 0 seconds"     
[3] "Time taken to run script pipeline/19_add_rate_totburd.R : 52.519 seconds"
[4] "Time taken to run script pipeline/19_add_rate_totburd.R : 1.844 seconds" 
[5] "Time taken to run script pipeline/19_add_rate_totburd.R : 0.118 seconds" 
[1] "Running script pipeline/21_calc_attr_burd_di.R on Linux"
[1] "Time taken to run script pipeline/19_add_rate_totburd.R : 0 seconds"     
[2] "Time taken to run script pipeline/19_add_rate_totburd.R : 0 seconds"     
[3] "Time taken to run script pipeline/19_add_rate_totburd.R : 52.666 seconds"
[4] "Time taken to run script pipeline/19_add_rate_totburd.R : 1.83 seconds"  
[5] "Time taken to run script pipeline/19_add_rate_totburd.R : 0.141 seconds" 
[1] "Running script pipeline/21_calc_attr_burd_di.R on Linux"
[1] "Time taken to run script pipeline/19_add_rate_totburd.R : 0.001 seconds"
[2] "Time taken to run script pipeline/19_add_rate_totburd.R : 0 seconds"    
[3] "Time taken to run script pipeline/19_add_rate_totburd.R : 52.07 seconds"
[4] "Time taken to run script pipeline/19_add_rate_totburd.R : 1.792 seconds"
[5] "Time taken to run script pipeline/19_add_rate_totburd.R : 0.152 seconds"
[1] "Running script pipeline/21_calc_attr_burd_di.R on Linux"
[1] "Time taken to run script pipeline/19_add_rate_totburd.R : 0 seconds"     
[2] "Time taken to run script pipeline/19_add_rate_totburd.R : 0 seconds"     
[3] "Time taken to run script pipeline/19_add_rate_totburd.R : 52.214 seconds"
[4] "Time taken to run script pipeline/19_add_rate_totburd.R : 1.8 seconds"   
[5] "Time taken to run script pipeline/19_add_rate_totburd.R : 0.15 seconds"  
[1] "Running script pipeline/21_calc_attr_burd_di.R on Linux"
[1] "Time taken to run script pipeline/19_add_rate_totburd.R : 0.001 seconds" 
[2] "Time taken to run script pipeline/19_add_rate_totburd.R : 0 seconds"     
[3] "Time taken to run script pipeline/19_add_rate_totburd.R : 53.478 seconds"
[4] "Time taken to run script pipeline/19_add_rate_totburd.R : 1.841 seconds" 
[5] "Time taken to run script pipeline/19_add_rate_totburd.R : 0.12 seconds"  
[1] "Running script pipeline/21_calc_attr_burd_di.R on Linux"
[1] "Time taken to run script pipeline/19_add_rate_totburd.R : 0 seconds"     
[2] "Time taken to run script pipeline/19_add_rate_totburd.R : 0 seconds"     
[3] "Time taken to run script pipeline/19_add_rate_totburd.R : 52.504 seconds"
[4] "Time taken to run script pipeline/19_add_rate_totburd.R : 1.83 seconds"  
[5] "Time taken to run script pipeline/19_add_rate_totburd.R : 0.13 seconds"  
[1] "Running script pipeline/21_calc_attr_burd_di.R on Linux"
[1] "Time taken to run script pipeline/19_add_rate_totburd.R : 0 seconds"     
[2] "Time taken to run script pipeline/19_add_rate_totburd.R : 0 seconds"     
[3] "Time taken to run script pipeline/19_add_rate_totburd.R : 52.235 seconds"
[4] "Time taken to run script pipeline/19_add_rate_totburd.R : 1.808 seconds" 
[5] "Time taken to run script pipeline/19_add_rate_totburd.R : 0.145 seconds" 
[1] "Running script pipeline/21_calc_attr_burd_di.R on Linux"
[1] "Time taken to run script pipeline/19_add_rate_totburd.R : 0.001 seconds" 
[2] "Time taken to run script pipeline/19_add_rate_totburd.R : 0 seconds"     
[3] "Time taken to run script pipeline/19_add_rate_totburd.R : 52.975 seconds"
[4] "Time taken to run script pipeline/19_add_rate_totburd.R : 1.853 seconds" 
[5] "Time taken to run script pipeline/19_add_rate_totburd.R : 0.107 seconds" 
[1] "Running script pipeline/21_calc_attr_burd_di.R on Linux"
[1] "Time taken to run script pipeline/19_add_rate_totburd.R : 0 seconds"     
[2] "Time taken to run script pipeline/19_add_rate_totburd.R : 0 seconds"     
[3] "Time taken to run script pipeline/19_add_rate_totburd.R : 52.558 seconds"
[4] "Time taken to run script pipeline/19_add_rate_totburd.R : 1.826 seconds" 
[5] "Time taken to run script pipeline/19_add_rate_totburd.R : 0.127 seconds" 
[1] "Running script pipeline/21_calc_attr_burd_di.R on Linux"
[1] "Time taken to run script pipeline/19_add_rate_totburd.R : 0.001 seconds" 
[2] "Time taken to run script pipeline/19_add_rate_totburd.R : 0 seconds"     
[3] "Time taken to run script pipeline/19_add_rate_totburd.R : 52.285 seconds"
[4] "Time taken to run script pipeline/19_add_rate_totburd.R : 1.788 seconds" 
[5] "Time taken to run script pipeline/19_add_rate_totburd.R : 0.164 seconds" 
[1] "Running script pipeline/21_calc_attr_burd_di.R on Linux"
[1] "Time taken to run script pipeline/19_add_rate_totburd.R : 0 seconds"     
[2] "Time taken to run script pipeline/19_add_rate_totburd.R : 0 seconds"     
[3] "Time taken to run script pipeline/19_add_rate_totburd.R : 52.105 seconds"
[4] "Time taken to run script pipeline/19_add_rate_totburd.R : 1.822 seconds" 
[5] "Time taken to run script pipeline/19_add_rate_totburd.R : 0.127 seconds" 
[1] "Running script pipeline/21_calc_attr_burd_di.R on Linux"
[1] "Time taken to run script pipeline/19_add_rate_totburd.R : 0 seconds"    
[2] "Time taken to run script pipeline/19_add_rate_totburd.R : 0 seconds"    
[3] "Time taken to run script pipeline/19_add_rate_totburd.R : 52 seconds"   
[4] "Time taken to run script pipeline/19_add_rate_totburd.R : 1.81 seconds" 
[5] "Time taken to run script pipeline/19_add_rate_totburd.R : 0.135 seconds"
[1] "Running script pipeline/21_calc_attr_burd_di.R on Linux"
[1] "Time taken to run script pipeline/19_add_rate_totburd.R : 0 seconds"     
[2] "Time taken to run script pipeline/19_add_rate_totburd.R : 0 seconds"     
[3] "Time taken to run script pipeline/19_add_rate_totburd.R : 52.051 seconds"
[4] "Time taken to run script pipeline/19_add_rate_totburd.R : 1.822 seconds" 
[5] "Time taken to run script pipeline/19_add_rate_totburd.R : 0.123 seconds" 
[1] "Running script pipeline/21_calc_attr_burd_di.R on Linux"
[1] "Time taken to run script pipeline/19_add_rate_totburd.R : 0 seconds"     
[2] "Time taken to run script pipeline/19_add_rate_totburd.R : 0 seconds"     
[3] "Time taken to run script pipeline/19_add_rate_totburd.R : 52.233 seconds"
[4] "Time taken to run script pipeline/19_add_rate_totburd.R : 1.794 seconds" 
[5] "Time taken to run script pipeline/19_add_rate_totburd.R : 0.149 seconds" 
[1] "Running script pipeline/21_calc_attr_burd_di.R on Linux"
[1] "Time taken to run script pipeline/19_add_rate_totburd.R : 0 seconds"     
[2] "Time taken to run script pipeline/19_add_rate_totburd.R : 0 seconds"     
[3] "Time taken to run script pipeline/19_add_rate_totburd.R : 51.833 seconds"
[4] "Time taken to run script pipeline/19_add_rate_totburd.R : 1.806 seconds" 
[5] "Time taken to run script pipeline/19_add_rate_totburd.R : 0.131 seconds" 
[1] "Running script pipeline/21_calc_attr_burd_di.R on Linux"
[1] "Time taken to run script pipeline/19_add_rate_totburd.R : 0 seconds"     
[2] "Time taken to run script pipeline/19_add_rate_totburd.R : 0 seconds"     
[3] "Time taken to run script pipeline/19_add_rate_totburd.R : 51.784 seconds"
[4] "Time taken to run script pipeline/19_add_rate_totburd.R : 1.795 seconds" 
[5] "Time taken to run script pipeline/19_add_rate_totburd.R : 0.137 seconds" 
[1] "Running script pipeline/21_calc_attr_burd_di.R on Linux"
[1] "Time taken to run script pipeline/19_add_rate_totburd.R : 0 seconds"     
[2] "Time taken to run script pipeline/19_add_rate_totburd.R : 0 seconds"     
[3] "Time taken to run script pipeline/19_add_rate_totburd.R : 51.403 seconds"
[4] "Time taken to run script pipeline/19_add_rate_totburd.R : 1.774 seconds" 
[5] "Time taken to run script pipeline/19_add_rate_totburd.R : 0.149 seconds" 
[1] "Running script pipeline/21_calc_attr_burd_di.R on Linux"
[1] "Time taken to run script pipeline/19_add_rate_totburd.R : 0 seconds"     
[2] "Time taken to run script pipeline/19_add_rate_totburd.R : 0 seconds"     
[3] "Time taken to run script pipeline/19_add_rate_totburd.R : 51.965 seconds"
[4] "Time taken to run script pipeline/19_add_rate_totburd.R : 1.825 seconds" 
[5] "Time taken to run script pipeline/19_add_rate_totburd.R : 0.098 seconds" 
[1] "Running script pipeline/21_calc_attr_burd_di.R on Linux"
[1] "Time taken to run script pipeline/19_add_rate_totburd.R : 0.001 seconds" 
[2] "Time taken to run script pipeline/19_add_rate_totburd.R : 0 seconds"     
[3] "Time taken to run script pipeline/19_add_rate_totburd.R : 51.614 seconds"
[4] "Time taken to run script pipeline/19_add_rate_totburd.R : 1.772 seconds" 
[5] "Time taken to run script pipeline/19_add_rate_totburd.R : 0.139 seconds" 
[1] "Running script pipeline/21_calc_attr_burd_di.R on Linux"
[1] "Time taken to run script pipeline/19_add_rate_totburd.R : 0 seconds"     
[2] "Time taken to run script pipeline/19_add_rate_totburd.R : 0.001 seconds" 
[3] "Time taken to run script pipeline/19_add_rate_totburd.R : 51.446 seconds"
[4] "Time taken to run script pipeline/19_add_rate_totburd.R : 1.804 seconds" 
[5] "Time taken to run script pipeline/19_add_rate_totburd.R : 0.112 seconds" 
[1] "Running script pipeline/21_calc_attr_burd_di.R on Linux"
[1] "Time taken to run script pipeline/19_add_rate_totburd.R : 0 seconds"     
[2] "Time taken to run script pipeline/19_add_rate_totburd.R : 0.001 seconds" 
[3] "Time taken to run script pipeline/19_add_rate_totburd.R : 52.934 seconds"
[4] "Time taken to run script pipeline/19_add_rate_totburd.R : 1.805 seconds" 
[5] "Time taken to run script pipeline/19_add_rate_totburd.R : 0.126 seconds" 
[1] "Running script pipeline/21_calc_attr_burd_di.R on Linux"
[1] "Time taken to run script pipeline/19_add_rate_totburd.R : 0 seconds"     
[2] "Time taken to run script pipeline/19_add_rate_totburd.R : 0 seconds"     
[3] "Time taken to run script pipeline/19_add_rate_totburd.R : 52.502 seconds"
[4] "Time taken to run script pipeline/19_add_rate_totburd.R : 1.801 seconds" 
[5] "Time taken to run script pipeline/19_add_rate_totburd.R : 0.125 seconds" 
[1] "Running script pipeline/21_calc_attr_burd_di.R on Linux"
[1] "Time taken to run script pipeline/19_add_rate_totburd.R : 0 seconds"     
[2] "Time taken to run script pipeline/19_add_rate_totburd.R : 0.001 seconds" 
[3] "Time taken to run script pipeline/19_add_rate_totburd.R : 52.043 seconds"
[4] "Time taken to run script pipeline/19_add_rate_totburd.R : 1.791 seconds" 
[5] "Time taken to run script pipeline/19_add_rate_totburd.R : 0.131 seconds" 
[1] "Running script pipeline/21_calc_attr_burd_di.R on Linux"
[1] "Time taken to run script pipeline/19_add_rate_totburd.R : 0.001 seconds" 
[2] "Time taken to run script pipeline/19_add_rate_totburd.R : 0 seconds"     
[3] "Time taken to run script pipeline/19_add_rate_totburd.R : 54.729 seconds"
[4] "Time taken to run script pipeline/19_add_rate_totburd.R : 1.784 seconds" 
[5] "Time taken to run script pipeline/19_add_rate_totburd.R : 0.144 seconds" 
[1] "Running script pipeline/21_calc_attr_burd_di.R on Linux"
[1] "Time taken to run script pipeline/19_add_rate_totburd.R : 0 seconds"     
[2] "Time taken to run script pipeline/19_add_rate_totburd.R : 0 seconds"     
[3] "Time taken to run script pipeline/19_add_rate_totburd.R : 58.721 seconds"
[4] "Time taken to run script pipeline/19_add_rate_totburd.R : 1.846 seconds" 
[5] "Time taken to run script pipeline/19_add_rate_totburd.R : 0.089 seconds" 
[1] "Running script pipeline/21_calc_attr_burd_di.R on Linux"
[1] "Time taken to run script pipeline/19_add_rate_totburd.R : 0 seconds"     
[2] "Time taken to run script pipeline/19_add_rate_totburd.R : 0 seconds"     
[3] "Time taken to run script pipeline/19_add_rate_totburd.R : 59.036 seconds"
[4] "Time taken to run script pipeline/19_add_rate_totburd.R : 1.838 seconds" 
[5] "Time taken to run script pipeline/19_add_rate_totburd.R : 0.101 seconds" 
[1] "Running script pipeline/21_calc_attr_burd_di.R on Linux"
[1] "Time taken to run script pipeline/19_add_rate_totburd.R : 0 seconds"     
[2] "Time taken to run script pipeline/19_add_rate_totburd.R : 0.001 seconds" 
[3] "Time taken to run script pipeline/19_add_rate_totburd.R : 58.109 seconds"
[4] "Time taken to run script pipeline/19_add_rate_totburd.R : 1.826 seconds" 
[5] "Time taken to run script pipeline/19_add_rate_totburd.R : 0.115 seconds" 
[1] "Running script pipeline/21_calc_attr_burd_di.R on Linux"
[1] "Time taken to run script pipeline/21_calc_attr_burd_di.R : 0 seconds"     
[2] "Time taken to run script pipeline/21_calc_attr_burd_di.R : 0 seconds"     
[3] "Time taken to run script pipeline/21_calc_attr_burd_di.R : 52.364 seconds"
[4] "Time taken to run script pipeline/21_calc_attr_burd_di.R : 1.809 seconds" 
[5] "Time taken to run script pipeline/21_calc_attr_burd_di.R : 0.123 seconds" 
[1] "Running script pipeline/23_sum_higher_geog_level_age_adjust.R on Linux"
[1] "Time taken to run script pipeline/21_calc_attr_burd_di.R : 0 seconds"     
[2] "Time taken to run script pipeline/21_calc_attr_burd_di.R : 0 seconds"     
[3] "Time taken to run script pipeline/21_calc_attr_burd_di.R : 51.927 seconds"
[4] "Time taken to run script pipeline/21_calc_attr_burd_di.R : 1.761 seconds" 
[5] "Time taken to run script pipeline/21_calc_attr_burd_di.R : 0.144 seconds" 
[1] "Running script pipeline/23_sum_higher_geog_level_age_adjust.R on Linux"
[1] "Time taken to run script pipeline/21_calc_attr_burd_di.R : 0 seconds"    
[2] "Time taken to run script pipeline/21_calc_attr_burd_di.R : 0 seconds"    
[3] "Time taken to run script pipeline/21_calc_attr_burd_di.R : 52.32 seconds"
[4] "Time taken to run script pipeline/21_calc_attr_burd_di.R : 1.827 seconds"
[5] "Time taken to run script pipeline/21_calc_attr_burd_di.R : 0.102 seconds"
[1] "Running script pipeline/23_sum_higher_geog_level_age_adjust.R on Linux"
[1] "Time taken to run script pipeline/21_calc_attr_burd_di.R : 0.001 seconds" 
[2] "Time taken to run script pipeline/21_calc_attr_burd_di.R : 0 seconds"     
[3] "Time taken to run script pipeline/21_calc_attr_burd_di.R : 52.284 seconds"
[4] "Time taken to run script pipeline/21_calc_attr_burd_di.R : 1.814 seconds" 
[5] "Time taken to run script pipeline/21_calc_attr_burd_di.R : 0.114 seconds" 
[1] "Running script pipeline/23_sum_higher_geog_level_age_adjust.R on Linux"
[1] "Time taken to run script pipeline/21_calc_attr_burd_di.R : 0 seconds"     
[2] "Time taken to run script pipeline/21_calc_attr_burd_di.R : 0 seconds"     
[3] "Time taken to run script pipeline/21_calc_attr_burd_di.R : 51.872 seconds"
[4] "Time taken to run script pipeline/21_calc_attr_burd_di.R : 1.746 seconds" 
[5] "Time taken to run script pipeline/21_calc_attr_burd_di.R : 0.168 seconds" 
[1] "Running script pipeline/23_sum_higher_geog_level_age_adjust.R on Linux"
[1] "Time taken to run script pipeline/21_calc_attr_burd_di.R : 0 seconds"     
[2] "Time taken to run script pipeline/21_calc_attr_burd_di.R : 0 seconds"     
[3] "Time taken to run script pipeline/21_calc_attr_burd_di.R : 51.813 seconds"
[4] "Time taken to run script pipeline/21_calc_attr_burd_di.R : 1.716 seconds" 
[5] "Time taken to run script pipeline/21_calc_attr_burd_di.R : 0.194 seconds" 
[1] "Running script pipeline/23_sum_higher_geog_level_age_adjust.R on Linux"
[1] "Time taken to run script pipeline/21_calc_attr_burd_di.R : 0 seconds"     
[2] "Time taken to run script pipeline/21_calc_attr_burd_di.R : 0 seconds"     
[3] "Time taken to run script pipeline/21_calc_attr_burd_di.R : 51.542 seconds"
[4] "Time taken to run script pipeline/21_calc_attr_burd_di.R : 1.783 seconds" 
[5] "Time taken to run script pipeline/21_calc_attr_burd_di.R : 0.119 seconds" 
[1] "Running script pipeline/23_sum_higher_geog_level_age_adjust.R on Linux"
[1] "Time taken to run script pipeline/21_calc_attr_burd_di.R : 0.001 seconds" 
[2] "Time taken to run script pipeline/21_calc_attr_burd_di.R : 0 seconds"     
[3] "Time taken to run script pipeline/21_calc_attr_burd_di.R : 51.041 seconds"
[4] "Time taken to run script pipeline/21_calc_attr_burd_di.R : 1.744 seconds" 
[5] "Time taken to run script pipeline/21_calc_attr_burd_di.R : 0.135 seconds" 
[1] "Running script pipeline/23_sum_higher_geog_level_age_adjust.R on Linux"
[1] "Time taken to run script pipeline/21_calc_attr_burd_di.R : 0 seconds"     
[2] "Time taken to run script pipeline/21_calc_attr_burd_di.R : 0 seconds"     
[3] "Time taken to run script pipeline/21_calc_attr_burd_di.R : 51.352 seconds"
[4] "Time taken to run script pipeline/21_calc_attr_burd_di.R : 1.747 seconds" 
[5] "Time taken to run script pipeline/21_calc_attr_burd_di.R : 0.147 seconds" 
[1] "Running script pipeline/23_sum_higher_geog_level_age_adjust.R on Linux"
[1] "Time taken to run script pipeline/21_calc_attr_burd_di.R : 0 seconds"     
[2] "Time taken to run script pipeline/21_calc_attr_burd_di.R : 0 seconds"     
[3] "Time taken to run script pipeline/21_calc_attr_burd_di.R : 51.664 seconds"
[4] "Time taken to run script pipeline/21_calc_attr_burd_di.R : 1.735 seconds" 
[5] "Time taken to run script pipeline/21_calc_attr_burd_di.R : 0.153 seconds" 
[1] "Running script pipeline/23_sum_higher_geog_level_age_adjust.R on Linux"
[1] "Time taken to run script pipeline/21_calc_attr_burd_di.R : 0 seconds"     
[2] "Time taken to run script pipeline/21_calc_attr_burd_di.R : 0 seconds"     
[3] "Time taken to run script pipeline/21_calc_attr_burd_di.R : 52.812 seconds"
[4] "Time taken to run script pipeline/21_calc_attr_burd_di.R : 1.749 seconds" 
[5] "Time taken to run script pipeline/21_calc_attr_burd_di.R : 0.15 seconds"  
[1] "Running script pipeline/23_sum_higher_geog_level_age_adjust.R on Linux"
[1] "Time taken to run script pipeline/21_calc_attr_burd_di.R : 0.001 seconds" 
[2] "Time taken to run script pipeline/21_calc_attr_burd_di.R : 0 seconds"     
[3] "Time taken to run script pipeline/21_calc_attr_burd_di.R : 53.667 seconds"
[4] "Time taken to run script pipeline/21_calc_attr_burd_di.R : 1.761 seconds" 
[5] "Time taken to run script pipeline/21_calc_attr_burd_di.R : 0.149 seconds" 
[1] "Running script pipeline/23_sum_higher_geog_level_age_adjust.R on Linux"
[1] "Time taken to run script pipeline/21_calc_attr_burd_di.R : 0 seconds"     
[2] "Time taken to run script pipeline/21_calc_attr_burd_di.R : 0 seconds"     
[3] "Time taken to run script pipeline/21_calc_attr_burd_di.R : 52.209 seconds"
[4] "Time taken to run script pipeline/21_calc_attr_burd_di.R : 1.813 seconds" 
[5] "Time taken to run script pipeline/21_calc_attr_burd_di.R : 0.112 seconds" 
[1] "Running script pipeline/23_sum_higher_geog_level_age_adjust.R on Linux"
[1] "Time taken to run script pipeline/21_calc_attr_burd_di.R : 0.001 seconds" 
[2] "Time taken to run script pipeline/21_calc_attr_burd_di.R : 0 seconds"     
[3] "Time taken to run script pipeline/21_calc_attr_burd_di.R : 52.112 seconds"
[4] "Time taken to run script pipeline/21_calc_attr_burd_di.R : 1.791 seconds" 
[5] "Time taken to run script pipeline/21_calc_attr_burd_di.R : 0.118 seconds" 
[1] "Running script pipeline/23_sum_higher_geog_level_age_adjust.R on Linux"
[1] "Time taken to run script pipeline/21_calc_attr_burd_di.R : 0.001 seconds" 
[2] "Time taken to run script pipeline/21_calc_attr_burd_di.R : 0 seconds"     
[3] "Time taken to run script pipeline/21_calc_attr_burd_di.R : 52.156 seconds"
[4] "Time taken to run script pipeline/21_calc_attr_burd_di.R : 1.777 seconds" 
[5] "Time taken to run script pipeline/21_calc_attr_burd_di.R : 0.133 seconds" 
[1] "Running script pipeline/23_sum_higher_geog_level_age_adjust.R on Linux"
[1] "Time taken to run script pipeline/21_calc_attr_burd_di.R : 0.001 seconds" 
[2] "Time taken to run script pipeline/21_calc_attr_burd_di.R : 0 seconds"     
[3] "Time taken to run script pipeline/21_calc_attr_burd_di.R : 51.596 seconds"
[4] "Time taken to run script pipeline/21_calc_attr_burd_di.R : 1.753 seconds" 
[5] "Time taken to run script pipeline/21_calc_attr_burd_di.R : 0.144 seconds" 
[1] "Running script pipeline/23_sum_higher_geog_level_age_adjust.R on Linux"
[1] "Time taken to run script pipeline/21_calc_attr_burd_di.R : 0 seconds"     
[2] "Time taken to run script pipeline/21_calc_attr_burd_di.R : 0 seconds"     
[3] "Time taken to run script pipeline/21_calc_attr_burd_di.R : 51.292 seconds"
[4] "Time taken to run script pipeline/21_calc_attr_burd_di.R : 1.761 seconds" 
[5] "Time taken to run script pipeline/21_calc_attr_burd_di.R : 0.14 seconds"  
[1] "Running script pipeline/23_sum_higher_geog_level_age_adjust.R on Linux"
[1] "Time taken to run script pipeline/21_calc_attr_burd_di.R : 0 seconds"     
[2] "Time taken to run script pipeline/21_calc_attr_burd_di.R : 0 seconds"     
[3] "Time taken to run script pipeline/21_calc_attr_burd_di.R : 52.761 seconds"
[4] "Time taken to run script pipeline/21_calc_attr_burd_di.R : 1.759 seconds" 
[5] "Time taken to run script pipeline/21_calc_attr_burd_di.R : 0.148 seconds" 
[1] "Running script pipeline/23_sum_higher_geog_level_age_adjust.R on Linux"
[1] "Time taken to run script pipeline/21_calc_attr_burd_di.R : 0 seconds"     
[2] "Time taken to run script pipeline/21_calc_attr_burd_di.R : 0 seconds"     
[3] "Time taken to run script pipeline/21_calc_attr_burd_di.R : 52.265 seconds"
[4] "Time taken to run script pipeline/21_calc_attr_burd_di.R : 1.737 seconds" 
[5] "Time taken to run script pipeline/21_calc_attr_burd_di.R : 0.169 seconds" 
[1] "Running script pipeline/23_sum_higher_geog_level_age_adjust.R on Linux"
[1] "Time taken to run script pipeline/21_calc_attr_burd_di.R : 0 seconds"     
[2] "Time taken to run script pipeline/21_calc_attr_burd_di.R : 0 seconds"     
[3] "Time taken to run script pipeline/21_calc_attr_burd_di.R : 51.226 seconds"
[4] "Time taken to run script pipeline/21_calc_attr_burd_di.R : 1.732 seconds" 
[5] "Time taken to run script pipeline/21_calc_attr_burd_di.R : 0.163 seconds" 
[1] "Running script pipeline/23_sum_higher_geog_level_age_adjust.R on Linux"
[1] "Time taken to run script pipeline/21_calc_attr_burd_di.R : 0 seconds"     
[2] "Time taken to run script pipeline/21_calc_attr_burd_di.R : 0 seconds"     
[3] "Time taken to run script pipeline/21_calc_attr_burd_di.R : 51.879 seconds"
[4] "Time taken to run script pipeline/21_calc_attr_burd_di.R : 1.783 seconds" 
[5] "Time taken to run script pipeline/21_calc_attr_burd_di.R : 0.127 seconds" 
[1] "Running script pipeline/23_sum_higher_geog_level_age_adjust.R on Linux"
[1] "Time taken to run script pipeline/21_calc_attr_burd_di.R : 0 seconds"     
[2] "Time taken to run script pipeline/21_calc_attr_burd_di.R : 0 seconds"     
[3] "Time taken to run script pipeline/21_calc_attr_burd_di.R : 52.715 seconds"
[4] "Time taken to run script pipeline/21_calc_attr_burd_di.R : 1.765 seconds" 
[5] "Time taken to run script pipeline/21_calc_attr_burd_di.R : 0.15 seconds"  
[1] "Running script pipeline/23_sum_higher_geog_level_age_adjust.R on Linux"
[1] "Time taken to run script pipeline/21_calc_attr_burd_di.R : 0.001 seconds" 
[2] "Time taken to run script pipeline/21_calc_attr_burd_di.R : 0 seconds"     
[3] "Time taken to run script pipeline/21_calc_attr_burd_di.R : 52.235 seconds"
[4] "Time taken to run script pipeline/21_calc_attr_burd_di.R : 1.785 seconds" 
[5] "Time taken to run script pipeline/21_calc_attr_burd_di.R : 0.111 seconds" 
[1] "Running script pipeline/23_sum_higher_geog_level_age_adjust.R on Linux"
[1] "Time taken to run script pipeline/21_calc_attr_burd_di.R : 0.001 seconds" 
[2] "Time taken to run script pipeline/21_calc_attr_burd_di.R : 0 seconds"     
[3] "Time taken to run script pipeline/21_calc_attr_burd_di.R : 52.268 seconds"
[4] "Time taken to run script pipeline/21_calc_attr_burd_di.R : 1.773 seconds" 
[5] "Time taken to run script pipeline/21_calc_attr_burd_di.R : 0.145 seconds" 
[1] "Running script pipeline/23_sum_higher_geog_level_age_adjust.R on Linux"
[1] "Time taken to run script pipeline/21_calc_attr_burd_di.R : 0 seconds"     
[2] "Time taken to run script pipeline/21_calc_attr_burd_di.R : 0 seconds"     
[3] "Time taken to run script pipeline/21_calc_attr_burd_di.R : 51.567 seconds"
[4] "Time taken to run script pipeline/21_calc_attr_burd_di.R : 1.762 seconds" 
[5] "Time taken to run script pipeline/21_calc_attr_burd_di.R : 0.148 seconds" 
[1] "Running script pipeline/23_sum_higher_geog_level_age_adjust.R on Linux"
[1] "Time taken to run script pipeline/21_calc_attr_burd_di.R : 0 seconds"     
[2] "Time taken to run script pipeline/21_calc_attr_burd_di.R : 0 seconds"     
[3] "Time taken to run script pipeline/21_calc_attr_burd_di.R : 51.237 seconds"
[4] "Time taken to run script pipeline/21_calc_attr_burd_di.R : 1.758 seconds" 
[5] "Time taken to run script pipeline/21_calc_attr_burd_di.R : 0.143 seconds" 
[1] "Running script pipeline/23_sum_higher_geog_level_age_adjust.R on Linux"
[1] "Time taken to run script pipeline/21_calc_attr_burd_di.R : 0 seconds"     
[2] "Time taken to run script pipeline/21_calc_attr_burd_di.R : 0 seconds"     
[3] "Time taken to run script pipeline/21_calc_attr_burd_di.R : 53.644 seconds"
[4] "Time taken to run script pipeline/21_calc_attr_burd_di.R : 1.784 seconds" 
[5] "Time taken to run script pipeline/21_calc_attr_burd_di.R : 0.097 seconds" 
[1] "Running script pipeline/23_sum_higher_geog_level_age_adjust.R on Linux"
[1] "Time taken to run script pipeline/23_sum_higher_geog_level_age_adjust.R : 0 seconds"     
[2] "Time taken to run script pipeline/23_sum_higher_geog_level_age_adjust.R : 0 seconds"     
[3] "Time taken to run script pipeline/23_sum_higher_geog_level_age_adjust.R : 53.271 seconds"
[4] "Time taken to run script pipeline/23_sum_higher_geog_level_age_adjust.R : 1.847 seconds" 
[5] "Time taken to run script pipeline/23_sum_higher_geog_level_age_adjust.R : 0.147 seconds" 
[1] "Running script pipeline/24_proportions_attr_burd.R on Linux"
[1] "Time taken to run script pipeline/23_sum_higher_geog_level_age_adjust.R : 0 seconds"     
[2] "Time taken to run script pipeline/23_sum_higher_geog_level_age_adjust.R : 0 seconds"     
[3] "Time taken to run script pipeline/23_sum_higher_geog_level_age_adjust.R : 53.011 seconds"
[4] "Time taken to run script pipeline/23_sum_higher_geog_level_age_adjust.R : 1.808 seconds" 
[5] "Time taken to run script pipeline/23_sum_higher_geog_level_age_adjust.R : 0.168 seconds" 
[1] "Running script pipeline/24_proportions_attr_burd.R on Linux"
[1] "Time taken to run script pipeline/23_sum_higher_geog_level_age_adjust.R : 0 seconds"     
[2] "Time taken to run script pipeline/23_sum_higher_geog_level_age_adjust.R : 0 seconds"     
[3] "Time taken to run script pipeline/23_sum_higher_geog_level_age_adjust.R : 53.058 seconds"
[4] "Time taken to run script pipeline/23_sum_higher_geog_level_age_adjust.R : 1.791 seconds" 
[5] "Time taken to run script pipeline/23_sum_higher_geog_level_age_adjust.R : 0.179 seconds" 
[1] "Running script pipeline/24_proportions_attr_burd.R on Linux"
[1] "Time taken to run script pipeline/23_sum_higher_geog_level_age_adjust.R : 0 seconds"     
[2] "Time taken to run script pipeline/23_sum_higher_geog_level_age_adjust.R : 0 seconds"     
[3] "Time taken to run script pipeline/23_sum_higher_geog_level_age_adjust.R : 52.812 seconds"
[4] "Time taken to run script pipeline/23_sum_higher_geog_level_age_adjust.R : 1.829 seconds" 
[5] "Time taken to run script pipeline/23_sum_higher_geog_level_age_adjust.R : 0.148 seconds" 
[1] "Running script pipeline/24_proportions_attr_burd.R on Linux"
[1] "Time taken to run script pipeline/23_sum_higher_geog_level_age_adjust.R : 0 seconds"     
[2] "Time taken to run script pipeline/23_sum_higher_geog_level_age_adjust.R : 0 seconds"     
[3] "Time taken to run script pipeline/23_sum_higher_geog_level_age_adjust.R : 52.267 seconds"
[4] "Time taken to run script pipeline/23_sum_higher_geog_level_age_adjust.R : 1.812 seconds" 
[5] "Time taken to run script pipeline/23_sum_higher_geog_level_age_adjust.R : 0.145 seconds" 
[1] "Running script pipeline/24_proportions_attr_burd.R on Linux"
[1] "Time taken to run script pipeline/23_sum_higher_geog_level_age_adjust.R : 0 seconds"     
[2] "Time taken to run script pipeline/23_sum_higher_geog_level_age_adjust.R : 0 seconds"     
[3] "Time taken to run script pipeline/23_sum_higher_geog_level_age_adjust.R : 53.743 seconds"
[4] "Time taken to run script pipeline/23_sum_higher_geog_level_age_adjust.R : 1.793 seconds" 
[5] "Time taken to run script pipeline/23_sum_higher_geog_level_age_adjust.R : 0.159 seconds" 
[1] "Running script pipeline/24_proportions_attr_burd.R on Linux"
[1] "Time taken to run script pipeline/23_sum_higher_geog_level_age_adjust.R : 0 seconds"     
[2] "Time taken to run script pipeline/23_sum_higher_geog_level_age_adjust.R : 0 seconds"     
[3] "Time taken to run script pipeline/23_sum_higher_geog_level_age_adjust.R : 52.187 seconds"
[4] "Time taken to run script pipeline/23_sum_higher_geog_level_age_adjust.R : 1.797 seconds" 
[5] "Time taken to run script pipeline/23_sum_higher_geog_level_age_adjust.R : 0.158 seconds" 
[1] "Running script pipeline/24_proportions_attr_burd.R on Linux"
[1] "Time taken to run script pipeline/23_sum_higher_geog_level_age_adjust.R : 0.001 seconds" 
[2] "Time taken to run script pipeline/23_sum_higher_geog_level_age_adjust.R : 0 seconds"     
[3] "Time taken to run script pipeline/23_sum_higher_geog_level_age_adjust.R : 51.763 seconds"
[4] "Time taken to run script pipeline/23_sum_higher_geog_level_age_adjust.R : 1.819 seconds" 
[5] "Time taken to run script pipeline/23_sum_higher_geog_level_age_adjust.R : 0.122 seconds" 
[1] "Running script pipeline/24_proportions_attr_burd.R on Linux"
[1] "Time taken to run script pipeline/23_sum_higher_geog_level_age_adjust.R : 0 seconds"     
[2] "Time taken to run script pipeline/23_sum_higher_geog_level_age_adjust.R : 0 seconds"     
[3] "Time taken to run script pipeline/23_sum_higher_geog_level_age_adjust.R : 53.755 seconds"
[4] "Time taken to run script pipeline/23_sum_higher_geog_level_age_adjust.R : 1.792 seconds" 
[5] "Time taken to run script pipeline/23_sum_higher_geog_level_age_adjust.R : 0.145 seconds" 
[1] "Running script pipeline/24_proportions_attr_burd.R on Linux"
[1] "Time taken to run script pipeline/23_sum_higher_geog_level_age_adjust.R : 0 seconds"     
[2] "Time taken to run script pipeline/23_sum_higher_geog_level_age_adjust.R : 0 seconds"     
[3] "Time taken to run script pipeline/23_sum_higher_geog_level_age_adjust.R : 52.544 seconds"
[4] "Time taken to run script pipeline/23_sum_higher_geog_level_age_adjust.R : 1.833 seconds" 
[5] "Time taken to run script pipeline/23_sum_higher_geog_level_age_adjust.R : 0.109 seconds" 
[1] "Running script pipeline/24_proportions_attr_burd.R on Linux"
[1] "Time taken to run script pipeline/23_sum_higher_geog_level_age_adjust.R : 0 seconds"     
[2] "Time taken to run script pipeline/23_sum_higher_geog_level_age_adjust.R : 0 seconds"     
[3] "Time taken to run script pipeline/23_sum_higher_geog_level_age_adjust.R : 52.123 seconds"
[4] "Time taken to run script pipeline/23_sum_higher_geog_level_age_adjust.R : 1.747 seconds" 
[5] "Time taken to run script pipeline/23_sum_higher_geog_level_age_adjust.R : 0.181 seconds" 
[1] "Running script pipeline/24_proportions_attr_burd.R on Linux"
[1] "Time taken to run script pipeline/23_sum_higher_geog_level_age_adjust.R : 0 seconds"     
[2] "Time taken to run script pipeline/23_sum_higher_geog_level_age_adjust.R : 0 seconds"     
[3] "Time taken to run script pipeline/23_sum_higher_geog_level_age_adjust.R : 54.475 seconds"
[4] "Time taken to run script pipeline/23_sum_higher_geog_level_age_adjust.R : 1.844 seconds" 
[5] "Time taken to run script pipeline/23_sum_higher_geog_level_age_adjust.R : 0.095 seconds" 
[1] "Running script pipeline/24_proportions_attr_burd.R on Linux"
[1] "Time taken to run script pipeline/23_sum_higher_geog_level_age_adjust.R : 0 seconds"     
[2] "Time taken to run script pipeline/23_sum_higher_geog_level_age_adjust.R : 0 seconds"     
[3] "Time taken to run script pipeline/23_sum_higher_geog_level_age_adjust.R : 51.351 seconds"
[4] "Time taken to run script pipeline/23_sum_higher_geog_level_age_adjust.R : 1.732 seconds" 
[5] "Time taken to run script pipeline/23_sum_higher_geog_level_age_adjust.R : 0.193 seconds" 
[1] "Running script pipeline/24_proportions_attr_burd.R on Linux"
[1] "Time taken to run script pipeline/23_sum_higher_geog_level_age_adjust.R : 0 seconds"     
[2] "Time taken to run script pipeline/23_sum_higher_geog_level_age_adjust.R : 0 seconds"     
[3] "Time taken to run script pipeline/23_sum_higher_geog_level_age_adjust.R : 54.823 seconds"
[4] "Time taken to run script pipeline/23_sum_higher_geog_level_age_adjust.R : 1.788 seconds" 
[5] "Time taken to run script pipeline/23_sum_higher_geog_level_age_adjust.R : 0.135 seconds" 
[1] "Running script pipeline/24_proportions_attr_burd.R on Linux"
[1] "Time taken to run script pipeline/23_sum_higher_geog_level_age_adjust.R : 0 seconds"     
[2] "Time taken to run script pipeline/23_sum_higher_geog_level_age_adjust.R : 0 seconds"     
[3] "Time taken to run script pipeline/23_sum_higher_geog_level_age_adjust.R : 51.971 seconds"
[4] "Time taken to run script pipeline/23_sum_higher_geog_level_age_adjust.R : 1.76 seconds"  
[5] "Time taken to run script pipeline/23_sum_higher_geog_level_age_adjust.R : 0.157 seconds" 
[1] "Running script pipeline/24_proportions_attr_burd.R on Linux"
[1] "Time taken to run script pipeline/23_sum_higher_geog_level_age_adjust.R : 0 seconds"     
[2] "Time taken to run script pipeline/23_sum_higher_geog_level_age_adjust.R : 0.001 seconds" 
[3] "Time taken to run script pipeline/23_sum_higher_geog_level_age_adjust.R : 53.071 seconds"
[4] "Time taken to run script pipeline/23_sum_higher_geog_level_age_adjust.R : 1.829 seconds" 
[5] "Time taken to run script pipeline/23_sum_higher_geog_level_age_adjust.R : 0.102 seconds" 
[1] "Running script pipeline/24_proportions_attr_burd.R on Linux"
[1] "Time taken to run script pipeline/23_sum_higher_geog_level_age_adjust.R : 0 seconds"     
[2] "Time taken to run script pipeline/23_sum_higher_geog_level_age_adjust.R : 0 seconds"     
[3] "Time taken to run script pipeline/23_sum_higher_geog_level_age_adjust.R : 53.651 seconds"
[4] "Time taken to run script pipeline/23_sum_higher_geog_level_age_adjust.R : 1.789 seconds" 
[5] "Time taken to run script pipeline/23_sum_higher_geog_level_age_adjust.R : 0.141 seconds" 
[1] "Running script pipeline/24_proportions_attr_burd.R on Linux"
[1] "Time taken to run script pipeline/23_sum_higher_geog_level_age_adjust.R : 0 seconds"     
[2] "Time taken to run script pipeline/23_sum_higher_geog_level_age_adjust.R : 0 seconds"     
[3] "Time taken to run script pipeline/23_sum_higher_geog_level_age_adjust.R : 52.099 seconds"
[4] "Time taken to run script pipeline/23_sum_higher_geog_level_age_adjust.R : 1.824 seconds" 
[5] "Time taken to run script pipeline/23_sum_higher_geog_level_age_adjust.R : 0.118 seconds" 
[1] "Running script pipeline/24_proportions_attr_burd.R on Linux"
[1] "Time taken to run script pipeline/23_sum_higher_geog_level_age_adjust.R : 0 seconds"     
[2] "Time taken to run script pipeline/23_sum_higher_geog_level_age_adjust.R : 0 seconds"     
[3] "Time taken to run script pipeline/23_sum_higher_geog_level_age_adjust.R : 51.748 seconds"
[4] "Time taken to run script pipeline/23_sum_higher_geog_level_age_adjust.R : 1.814 seconds" 
[5] "Time taken to run script pipeline/23_sum_higher_geog_level_age_adjust.R : 0.124 seconds" 
[1] "Running script pipeline/24_proportions_attr_burd.R on Linux"
[1] "Time taken to run script pipeline/23_sum_higher_geog_level_age_adjust.R : 0 seconds"     
[2] "Time taken to run script pipeline/23_sum_higher_geog_level_age_adjust.R : 0 seconds"     
[3] "Time taken to run script pipeline/23_sum_higher_geog_level_age_adjust.R : 52.143 seconds"
[4] "Time taken to run script pipeline/23_sum_higher_geog_level_age_adjust.R : 1.801 seconds" 
[5] "Time taken to run script pipeline/23_sum_higher_geog_level_age_adjust.R : 0.133 seconds" 
[1] "Running script pipeline/24_proportions_attr_burd.R on Linux"
[1] "Time taken to run script pipeline/23_sum_higher_geog_level_age_adjust.R : 0 seconds"     
[2] "Time taken to run script pipeline/23_sum_higher_geog_level_age_adjust.R : 0 seconds"     
[3] "Time taken to run script pipeline/23_sum_higher_geog_level_age_adjust.R : 51.053 seconds"
[4] "Time taken to run script pipeline/23_sum_higher_geog_level_age_adjust.R : 1.769 seconds" 
[5] "Time taken to run script pipeline/23_sum_higher_geog_level_age_adjust.R : 0.143 seconds" 
[1] "Running script pipeline/24_proportions_attr_burd.R on Linux"
[1] "Time taken to run script pipeline/23_sum_higher_geog_level_age_adjust.R : 0 seconds"     
[2] "Time taken to run script pipeline/23_sum_higher_geog_level_age_adjust.R : 0 seconds"     
[3] "Time taken to run script pipeline/23_sum_higher_geog_level_age_adjust.R : 51.694 seconds"
[4] "Time taken to run script pipeline/23_sum_higher_geog_level_age_adjust.R : 1.786 seconds" 
[5] "Time taken to run script pipeline/23_sum_higher_geog_level_age_adjust.R : 0.136 seconds" 
[1] "Running script pipeline/24_proportions_attr_burd.R on Linux"
[1] "Time taken to run script pipeline/23_sum_higher_geog_level_age_adjust.R : 0.001 seconds" 
[2] "Time taken to run script pipeline/23_sum_higher_geog_level_age_adjust.R : 0 seconds"     
[3] "Time taken to run script pipeline/23_sum_higher_geog_level_age_adjust.R : 51.511 seconds"
[4] "Time taken to run script pipeline/23_sum_higher_geog_level_age_adjust.R : 1.786 seconds" 
[5] "Time taken to run script pipeline/23_sum_higher_geog_level_age_adjust.R : 0.142 seconds" 
[1] "Running script pipeline/24_proportions_attr_burd.R on Linux"
[1] "Time taken to run script pipeline/23_sum_higher_geog_level_age_adjust.R : 0 seconds"     
[2] "Time taken to run script pipeline/23_sum_higher_geog_level_age_adjust.R : 0 seconds"     
[3] "Time taken to run script pipeline/23_sum_higher_geog_level_age_adjust.R : 52.069 seconds"
[4] "Time taken to run script pipeline/23_sum_higher_geog_level_age_adjust.R : 1.812 seconds" 
[5] "Time taken to run script pipeline/23_sum_higher_geog_level_age_adjust.R : 0.131 seconds" 
[1] "Running script pipeline/24_proportions_attr_burd.R on Linux"
[1] "Time taken to run script pipeline/23_sum_higher_geog_level_age_adjust.R : 0 seconds"     
[2] "Time taken to run script pipeline/23_sum_higher_geog_level_age_adjust.R : 0 seconds"     
[3] "Time taken to run script pipeline/23_sum_higher_geog_level_age_adjust.R : 59.997 seconds"
[4] "Time taken to run script pipeline/23_sum_higher_geog_level_age_adjust.R : 1.784 seconds" 
[5] "Time taken to run script pipeline/23_sum_higher_geog_level_age_adjust.R : 0.171 seconds" 
[1] "Running script pipeline/24_proportions_attr_burd.R on Linux"
[1] "Time taken to run script pipeline/23_sum_higher_geog_level_age_adjust.R : 0 seconds"     
[2] "Time taken to run script pipeline/23_sum_higher_geog_level_age_adjust.R : 0 seconds"     
[3] "Time taken to run script pipeline/23_sum_higher_geog_level_age_adjust.R : 59.507 seconds"
[4] "Time taken to run script pipeline/23_sum_higher_geog_level_age_adjust.R : 1.794 seconds" 
[5] "Time taken to run script pipeline/23_sum_higher_geog_level_age_adjust.R : 0.145 seconds" 
[1] "Running script pipeline/24_proportions_attr_burd.R on Linux"
[1] "Time taken to run script pipeline/23_sum_higher_geog_level_age_adjust.R : 0 seconds"     
[2] "Time taken to run script pipeline/23_sum_higher_geog_level_age_adjust.R : 0 seconds"     
[3] "Time taken to run script pipeline/23_sum_higher_geog_level_age_adjust.R : 56.319 seconds"
[4] "Time taken to run script pipeline/23_sum_higher_geog_level_age_adjust.R : 1.796 seconds" 
[5] "Time taken to run script pipeline/23_sum_higher_geog_level_age_adjust.R : 0.149 seconds" 
[1] "Running script pipeline/24_proportions_attr_burd.R on Linux"
[1] "Time taken to run script pipeline/24_proportions_attr_burd.R : 0 seconds"     
[2] "Time taken to run script pipeline/24_proportions_attr_burd.R : 0 seconds"     
[3] "Time taken to run script pipeline/24_proportions_attr_burd.R : 51.992 seconds"
[4] "Time taken to run script pipeline/24_proportions_attr_burd.R : 1.796 seconds" 
[5] "Time taken to run script pipeline/24_proportions_attr_burd.R : 0.119 seconds" 
[1] "Running script pipeline/24_sum_higher_geog_level_age_adjust_total_burden.R on Linux"
[1] "Time taken to run script pipeline/24_proportions_attr_burd.R : 0 seconds"     
[2] "Time taken to run script pipeline/24_proportions_attr_burd.R : 0 seconds"     
[3] "Time taken to run script pipeline/24_proportions_attr_burd.R : 51.995 seconds"
[4] "Time taken to run script pipeline/24_proportions_attr_burd.R : 1.791 seconds" 
[5] "Time taken to run script pipeline/24_proportions_attr_burd.R : 0.123 seconds" 
[1] "Running script pipeline/24_sum_higher_geog_level_age_adjust_total_burden.R on Linux"
[1] "Time taken to run script pipeline/24_proportions_attr_burd.R : 0 seconds"     
[2] "Time taken to run script pipeline/24_proportions_attr_burd.R : 0 seconds"     
[3] "Time taken to run script pipeline/24_proportions_attr_burd.R : 51.775 seconds"
[4] "Time taken to run script pipeline/24_proportions_attr_burd.R : 1.784 seconds" 
[5] "Time taken to run script pipeline/24_proportions_attr_burd.R : 0.124 seconds" 
[1] "Running script pipeline/24_sum_higher_geog_level_age_adjust_total_burden.R on Linux"
[1] "Time taken to run script pipeline/24_proportions_attr_burd.R : 0 seconds"     
[2] "Time taken to run script pipeline/24_proportions_attr_burd.R : 0 seconds"     
[3] "Time taken to run script pipeline/24_proportions_attr_burd.R : 52.911 seconds"
[4] "Time taken to run script pipeline/24_proportions_attr_burd.R : 1.787 seconds" 
[5] "Time taken to run script pipeline/24_proportions_attr_burd.R : 0.13 seconds"  
[1] "Running script pipeline/24_sum_higher_geog_level_age_adjust_total_burden.R on Linux"
[1] "Time taken to run script pipeline/24_proportions_attr_burd.R : 0 seconds"     
[2] "Time taken to run script pipeline/24_proportions_attr_burd.R : 0 seconds"     
[3] "Time taken to run script pipeline/24_proportions_attr_burd.R : 52.019 seconds"
[4] "Time taken to run script pipeline/24_proportions_attr_burd.R : 1.79 seconds"  
[5] "Time taken to run script pipeline/24_proportions_attr_burd.R : 0.116 seconds" 
[1] "Running script pipeline/24_sum_higher_geog_level_age_adjust_total_burden.R on Linux"
[1] "Time taken to run script pipeline/24_proportions_attr_burd.R : 0 seconds"     
[2] "Time taken to run script pipeline/24_proportions_attr_burd.R : 0 seconds"     
[3] "Time taken to run script pipeline/24_proportions_attr_burd.R : 51.931 seconds"
[4] "Time taken to run script pipeline/24_proportions_attr_burd.R : 1.806 seconds" 
[5] "Time taken to run script pipeline/24_proportions_attr_burd.R : 0.104 seconds" 
[1] "Running script pipeline/24_sum_higher_geog_level_age_adjust_total_burden.R on Linux"
[1] "Time taken to run script pipeline/24_proportions_attr_burd.R : 0 seconds"     
[2] "Time taken to run script pipeline/24_proportions_attr_burd.R : 0 seconds"     
[3] "Time taken to run script pipeline/24_proportions_attr_burd.R : 51.679 seconds"
[4] "Time taken to run script pipeline/24_proportions_attr_burd.R : 1.746 seconds" 
[5] "Time taken to run script pipeline/24_proportions_attr_burd.R : 0.157 seconds" 
[1] "Running script pipeline/24_sum_higher_geog_level_age_adjust_total_burden.R on Linux"
[1] "Time taken to run script pipeline/24_proportions_attr_burd.R : 0 seconds"     
[2] "Time taken to run script pipeline/24_proportions_attr_burd.R : 0 seconds"     
[3] "Time taken to run script pipeline/24_proportions_attr_burd.R : 51.757 seconds"
[4] "Time taken to run script pipeline/24_proportions_attr_burd.R : 1.781 seconds" 
[5] "Time taken to run script pipeline/24_proportions_attr_burd.R : 0.127 seconds" 
[1] "Running script pipeline/24_sum_higher_geog_level_age_adjust_total_burden.R on Linux"
[1] "Time taken to run script pipeline/24_proportions_attr_burd.R : 0 seconds"     
[2] "Time taken to run script pipeline/24_proportions_attr_burd.R : 0 seconds"     
[3] "Time taken to run script pipeline/24_proportions_attr_burd.R : 51.807 seconds"
[4] "Time taken to run script pipeline/24_proportions_attr_burd.R : 1.787 seconds" 
[5] "Time taken to run script pipeline/24_proportions_attr_burd.R : 0.118 seconds" 
[1] "Running script pipeline/24_sum_higher_geog_level_age_adjust_total_burden.R on Linux"
[1] "Time taken to run script pipeline/24_proportions_attr_burd.R : 0 seconds"     
[2] "Time taken to run script pipeline/24_proportions_attr_burd.R : 0 seconds"     
[3] "Time taken to run script pipeline/24_proportions_attr_burd.R : 51.885 seconds"
[4] "Time taken to run script pipeline/24_proportions_attr_burd.R : 1.814 seconds" 
[5] "Time taken to run script pipeline/24_proportions_attr_burd.R : 0.096 seconds" 
[1] "Running script pipeline/24_sum_higher_geog_level_age_adjust_total_burden.R on Linux"
[1] "Time taken to run script pipeline/24_proportions_attr_burd.R : 0 seconds"     
[2] "Time taken to run script pipeline/24_proportions_attr_burd.R : 0 seconds"     
[3] "Time taken to run script pipeline/24_proportions_attr_burd.R : 52.091 seconds"
[4] "Time taken to run script pipeline/24_proportions_attr_burd.R : 1.786 seconds" 
[5] "Time taken to run script pipeline/24_proportions_attr_burd.R : 0.133 seconds" 
[1] "Running script pipeline/24_sum_higher_geog_level_age_adjust_total_burden.R on Linux"
[1] "Time taken to run script pipeline/24_proportions_attr_burd.R : 0 seconds"     
[2] "Time taken to run script pipeline/24_proportions_attr_burd.R : 0 seconds"     
[3] "Time taken to run script pipeline/24_proportions_attr_burd.R : 51.909 seconds"
[4] "Time taken to run script pipeline/24_proportions_attr_burd.R : 1.75 seconds"  
[5] "Time taken to run script pipeline/24_proportions_attr_burd.R : 0.156 seconds" 
[1] "Running script pipeline/24_sum_higher_geog_level_age_adjust_total_burden.R on Linux"
[1] "Time taken to run script pipeline/24_proportions_attr_burd.R : 0 seconds"     
[2] "Time taken to run script pipeline/24_proportions_attr_burd.R : 0 seconds"     
[3] "Time taken to run script pipeline/24_proportions_attr_burd.R : 51.291 seconds"
[4] "Time taken to run script pipeline/24_proportions_attr_burd.R : 1.778 seconds" 
[5] "Time taken to run script pipeline/24_proportions_attr_burd.R : 0.112 seconds" 
[1] "Running script pipeline/24_sum_higher_geog_level_age_adjust_total_burden.R on Linux"
[1] "Time taken to run script pipeline/24_proportions_attr_burd.R : 0 seconds"     
[2] "Time taken to run script pipeline/24_proportions_attr_burd.R : 0 seconds"     
[3] "Time taken to run script pipeline/24_proportions_attr_burd.R : 52.283 seconds"
[4] "Time taken to run script pipeline/24_proportions_attr_burd.R : 1.797 seconds" 
[5] "Time taken to run script pipeline/24_proportions_attr_burd.R : 0.11 seconds"  
[1] "Running script pipeline/24_sum_higher_geog_level_age_adjust_total_burden.R on Linux"
[1] "Time taken to run script pipeline/24_proportions_attr_burd.R : 0 seconds"     
[2] "Time taken to run script pipeline/24_proportions_attr_burd.R : 0 seconds"     
[3] "Time taken to run script pipeline/24_proportions_attr_burd.R : 52.919 seconds"
[4] "Time taken to run script pipeline/24_proportions_attr_burd.R : 1.755 seconds" 
[5] "Time taken to run script pipeline/24_proportions_attr_burd.R : 0.145 seconds" 
[1] "Running script pipeline/24_sum_higher_geog_level_age_adjust_total_burden.R on Linux"
[1] "Time taken to run script pipeline/24_proportions_attr_burd.R : 0 seconds"     
[2] "Time taken to run script pipeline/24_proportions_attr_burd.R : 0 seconds"     
[3] "Time taken to run script pipeline/24_proportions_attr_burd.R : 52.195 seconds"
[4] "Time taken to run script pipeline/24_proportions_attr_burd.R : 1.759 seconds" 
[5] "Time taken to run script pipeline/24_proportions_attr_burd.R : 0.138 seconds" 
[1] "Running script pipeline/24_sum_higher_geog_level_age_adjust_total_burden.R on Linux"
[1] "Time taken to run script pipeline/24_proportions_attr_burd.R : 0 seconds"     
[2] "Time taken to run script pipeline/24_proportions_attr_burd.R : 0 seconds"     
[3] "Time taken to run script pipeline/24_proportions_attr_burd.R : 54.124 seconds"
[4] "Time taken to run script pipeline/24_proportions_attr_burd.R : 1.76 seconds"  
[5] "Time taken to run script pipeline/24_proportions_attr_burd.R : 0.147 seconds" 
[1] "Running script pipeline/24_sum_higher_geog_level_age_adjust_total_burden.R on Linux"
[1] "Time taken to run script pipeline/24_proportions_attr_burd.R : 0 seconds"    
[2] "Time taken to run script pipeline/24_proportions_attr_burd.R : 0 seconds"    
[3] "Time taken to run script pipeline/24_proportions_attr_burd.R : 51.95 seconds"
[4] "Time taken to run script pipeline/24_proportions_attr_burd.R : 1.752 seconds"
[5] "Time taken to run script pipeline/24_proportions_attr_burd.R : 0.161 seconds"
[1] "Running script pipeline/24_sum_higher_geog_level_age_adjust_total_burden.R on Linux"
[1] "Time taken to run script pipeline/24_proportions_attr_burd.R : 0 seconds"     
[2] "Time taken to run script pipeline/24_proportions_attr_burd.R : 0 seconds"     
[3] "Time taken to run script pipeline/24_proportions_attr_burd.R : 52.499 seconds"
[4] "Time taken to run script pipeline/24_proportions_attr_burd.R : 1.802 seconds" 
[5] "Time taken to run script pipeline/24_proportions_attr_burd.R : 0.119 seconds" 
[1] "Running script pipeline/24_sum_higher_geog_level_age_adjust_total_burden.R on Linux"
[1] "Time taken to run script pipeline/24_proportions_attr_burd.R : 0 seconds"     
[2] "Time taken to run script pipeline/24_proportions_attr_burd.R : 0 seconds"     
[3] "Time taken to run script pipeline/24_proportions_attr_burd.R : 51.722 seconds"
[4] "Time taken to run script pipeline/24_proportions_attr_burd.R : 1.776 seconds" 
[5] "Time taken to run script pipeline/24_proportions_attr_burd.R : 0.113 seconds" 
[1] "Running script pipeline/24_sum_higher_geog_level_age_adjust_total_burden.R on Linux"
[1] "Time taken to run script pipeline/24_proportions_attr_burd.R : 0 seconds"     
[2] "Time taken to run script pipeline/24_proportions_attr_burd.R : 0 seconds"     
[3] "Time taken to run script pipeline/24_proportions_attr_burd.R : 51.511 seconds"
[4] "Time taken to run script pipeline/24_proportions_attr_burd.R : 1.752 seconds" 
[5] "Time taken to run script pipeline/24_proportions_attr_burd.R : 0.144 seconds" 
[1] "Running script pipeline/24_sum_higher_geog_level_age_adjust_total_burden.R on Linux"
[1] "Time taken to run script pipeline/24_proportions_attr_burd.R : 0 seconds"     
[2] "Time taken to run script pipeline/24_proportions_attr_burd.R : 0 seconds"     
[3] "Time taken to run script pipeline/24_proportions_attr_burd.R : 52.835 seconds"
[4] "Time taken to run script pipeline/24_proportions_attr_burd.R : 1.805 seconds" 
[5] "Time taken to run script pipeline/24_proportions_attr_burd.R : 0.097 seconds" 
[1] "Running script pipeline/24_sum_higher_geog_level_age_adjust_total_burden.R on Linux"
[1] "Time taken to run script pipeline/24_proportions_attr_burd.R : 0 seconds"     
[2] "Time taken to run script pipeline/24_proportions_attr_burd.R : 0 seconds"     
[3] "Time taken to run script pipeline/24_proportions_attr_burd.R : 51.675 seconds"
[4] "Time taken to run script pipeline/24_proportions_attr_burd.R : 1.778 seconds" 
[5] "Time taken to run script pipeline/24_proportions_attr_burd.R : 0.129 seconds" 
[1] "Running script pipeline/24_sum_higher_geog_level_age_adjust_total_burden.R on Linux"
[1] "Time taken to run script pipeline/24_proportions_attr_burd.R : 0 seconds"     
[2] "Time taken to run script pipeline/24_proportions_attr_burd.R : 0 seconds"     
[3] "Time taken to run script pipeline/24_proportions_attr_burd.R : 51.478 seconds"
[4] "Time taken to run script pipeline/24_proportions_attr_burd.R : 1.787 seconds" 
[5] "Time taken to run script pipeline/24_proportions_attr_burd.R : 0.112 seconds" 
[1] "Running script pipeline/24_sum_higher_geog_level_age_adjust_total_burden.R on Linux"
[1] "Time taken to run script pipeline/24_proportions_attr_burd.R : 0 seconds"     
[2] "Time taken to run script pipeline/24_proportions_attr_burd.R : 0 seconds"     
[3] "Time taken to run script pipeline/24_proportions_attr_burd.R : 52.443 seconds"
[4] "Time taken to run script pipeline/24_proportions_attr_burd.R : 1.806 seconds" 
[5] "Time taken to run script pipeline/24_proportions_attr_burd.R : 0.102 seconds" 
[1] "Running script pipeline/24_sum_higher_geog_level_age_adjust_total_burden.R on Linux"
[1] "Time taken to run script pipeline/24_proportions_attr_burd.R : 0 seconds"     
[2] "Time taken to run script pipeline/24_proportions_attr_burd.R : 0 seconds"     
[3] "Time taken to run script pipeline/24_proportions_attr_burd.R : 51.775 seconds"
[4] "Time taken to run script pipeline/24_proportions_attr_burd.R : 1.781 seconds" 
[5] "Time taken to run script pipeline/24_proportions_attr_burd.R : 0.125 seconds" 
[1] "Running script pipeline/24_sum_higher_geog_level_age_adjust_total_burden.R on Linux"
[1] "Time taken to run script pipeline/24_proportions_attr_burd.R : 0 seconds"     
[2] "Time taken to run script pipeline/24_proportions_attr_burd.R : 0 seconds"     
[3] "Time taken to run script pipeline/24_proportions_attr_burd.R : 51.525 seconds"
[4] "Time taken to run script pipeline/24_proportions_attr_burd.R : 1.776 seconds" 
[5] "Time taken to run script pipeline/24_proportions_attr_burd.R : 0.122 seconds" 
[1] "Running script pipeline/24_sum_higher_geog_level_age_adjust_total_burden.R on Linux"
- The project is out-of-sync -- use `renv::status()` for details.
- The project is out-of-sync -- use `renv::status()` for details.
- The project is out-of-sync -- use `renv::status()` for details.
- The project is out-of-sync -- use `renv::status()` for details.
- The project is out-of-sync -- use `renv::status()` for details.
- The project is out-of-sync -- use `renv::status()` for details.
- The project is out-of-sync -- use `renv::status()` for details.
- The project is out-of-sync -- use `renv::status()` for details.
- The project is out-of-sync -- use `renv::status()` for details.
- The project is out-of-sync -- use `renv::status()` for details.
- The project is out-of-sync -- use `renv::status()` for details.
- The project is out-of-sync -- use `renv::status()` for details.
- The project is out-of-sync -- use `renv::status()` for details.
- The project is out-of-sync -- use `renv::status()` for details.
- The project is out-of-sync -- use `renv::status()` for details.
- The project is out-of-sync -- use `renv::status()` for details.
- The project is out-of-sync -- use `renv::status()` for details.
- The project is out-of-sync -- use `renv::status()` for details.
- The project is out-of-sync -- use `renv::status()` for details.
- The project is out-of-sync -- use `renv::status()` for details.
- The project is out-of-sync -- use `renv::status()` for details.
- The project is out-of-sync -- use `renv::status()` for details.
- The project is out-of-sync -- use `renv::status()` for details.
- The project is out-of-sync -- use `renv::status()` for details.
- The project is out-of-sync -- use `renv::status()` for details.
- The project is out-of-sync -- use `renv::status()` for details.
- The project is out-of-sync -- use `renv::status()` for details.
[1] "Time taken to run script pipeline/24_sum_higher_geog_level_age_adjust_total_burden.R : 0.001 seconds" 
[2] "Time taken to run script pipeline/24_sum_higher_geog_level_age_adjust_total_burden.R : 0 seconds"     
[3] "Time taken to run script pipeline/24_sum_higher_geog_level_age_adjust_total_burden.R : 65.864 seconds"
[4] "Time taken to run script pipeline/24_sum_higher_geog_level_age_adjust_total_burden.R : 1.822 seconds" 
[5] "Time taken to run script pipeline/24_sum_higher_geog_level_age_adjust_total_burden.R : 0.19 seconds"  
[1] "Running script pipeline/25_summary_attr_total_burd.R on Linux"
[1] "Time taken to run script pipeline/24_sum_higher_geog_level_age_adjust_total_burden.R : 0 seconds"     
[2] "Time taken to run script pipeline/24_sum_higher_geog_level_age_adjust_total_burden.R : 0 seconds"     
[3] "Time taken to run script pipeline/24_sum_higher_geog_level_age_adjust_total_burden.R : 67.277 seconds"
[4] "Time taken to run script pipeline/24_sum_higher_geog_level_age_adjust_total_burden.R : 1.947 seconds" 
[5] "Time taken to run script pipeline/24_sum_higher_geog_level_age_adjust_total_burden.R : 0.075 seconds" 
[1] "Running script pipeline/25_summary_attr_total_burd.R on Linux"
[1] "Time taken to run script pipeline/24_sum_higher_geog_level_age_adjust_total_burden.R : 0.001 seconds" 
[2] "Time taken to run script pipeline/24_sum_higher_geog_level_age_adjust_total_burden.R : 0 seconds"     
[3] "Time taken to run script pipeline/24_sum_higher_geog_level_age_adjust_total_burden.R : 68.574 seconds"
[4] "Time taken to run script pipeline/24_sum_higher_geog_level_age_adjust_total_burden.R : 1.88 seconds"  
[5] "Time taken to run script pipeline/24_sum_higher_geog_level_age_adjust_total_burden.R : 0.153 seconds" 
[1] "Running script pipeline/25_summary_attr_total_burd.R on Linux"
[1] "Time taken to run script pipeline/24_sum_higher_geog_level_age_adjust_total_burden.R : 0 seconds"     
[2] "Time taken to run script pipeline/24_sum_higher_geog_level_age_adjust_total_burden.R : 0 seconds"     
[3] "Time taken to run script pipeline/24_sum_higher_geog_level_age_adjust_total_burden.R : 68.984 seconds"
[4] "Time taken to run script pipeline/24_sum_higher_geog_level_age_adjust_total_burden.R : 1.908 seconds" 
[5] "Time taken to run script pipeline/24_sum_higher_geog_level_age_adjust_total_burden.R : 0.131 seconds" 
[1] "Running script pipeline/25_summary_attr_total_burd.R on Linux"
[1] "Time taken to run script pipeline/24_sum_higher_geog_level_age_adjust_total_burden.R : 0 seconds"     
[2] "Time taken to run script pipeline/24_sum_higher_geog_level_age_adjust_total_burden.R : 0 seconds"     
[3] "Time taken to run script pipeline/24_sum_higher_geog_level_age_adjust_total_burden.R : 69.644 seconds"
[4] "Time taken to run script pipeline/24_sum_higher_geog_level_age_adjust_total_burden.R : 1.875 seconds" 
[5] "Time taken to run script pipeline/24_sum_higher_geog_level_age_adjust_total_burden.R : 0.152 seconds" 
[1] "Running script pipeline/25_summary_attr_total_burd.R on Linux"
[1] "Time taken to run script pipeline/24_sum_higher_geog_level_age_adjust_total_burden.R : 0 seconds"     
[2] "Time taken to run script pipeline/24_sum_higher_geog_level_age_adjust_total_burden.R : 0 seconds"     
[3] "Time taken to run script pipeline/24_sum_higher_geog_level_age_adjust_total_burden.R : 67.953 seconds"
[4] "Time taken to run script pipeline/24_sum_higher_geog_level_age_adjust_total_burden.R : 1.869 seconds" 
[5] "Time taken to run script pipeline/24_sum_higher_geog_level_age_adjust_total_burden.R : 0.148 seconds" 
[1] "Running script pipeline/25_summary_attr_total_burd.R on Linux"
[1] "Time taken to run script pipeline/24_sum_higher_geog_level_age_adjust_total_burden.R : 0 seconds"     
[2] "Time taken to run script pipeline/24_sum_higher_geog_level_age_adjust_total_burden.R : 0 seconds"     
[3] "Time taken to run script pipeline/24_sum_higher_geog_level_age_adjust_total_burden.R : 68.421 seconds"
[4] "Time taken to run script pipeline/24_sum_higher_geog_level_age_adjust_total_burden.R : 1.857 seconds" 
[5] "Time taken to run script pipeline/24_sum_higher_geog_level_age_adjust_total_burden.R : 0.169 seconds" 
[1] "Running script pipeline/25_summary_attr_total_burd.R on Linux"
[1] "Time taken to run script pipeline/24_sum_higher_geog_level_age_adjust_total_burden.R : 0 seconds"     
[2] "Time taken to run script pipeline/24_sum_higher_geog_level_age_adjust_total_burden.R : 0 seconds"     
[3] "Time taken to run script pipeline/24_sum_higher_geog_level_age_adjust_total_burden.R : 66.142 seconds"
[4] "Time taken to run script pipeline/24_sum_higher_geog_level_age_adjust_total_burden.R : 1.866 seconds" 
[5] "Time taken to run script pipeline/24_sum_higher_geog_level_age_adjust_total_burden.R : 0.146 seconds" 
[1] "Running script pipeline/25_summary_attr_total_burd.R on Linux"
[1] "Time taken to run script pipeline/24_sum_higher_geog_level_age_adjust_total_burden.R : 0.001 seconds" 
[2] "Time taken to run script pipeline/24_sum_higher_geog_level_age_adjust_total_burden.R : 0 seconds"     
[3] "Time taken to run script pipeline/24_sum_higher_geog_level_age_adjust_total_burden.R : 64.339 seconds"
[4] "Time taken to run script pipeline/24_sum_higher_geog_level_age_adjust_total_burden.R : 1.859 seconds" 
[5] "Time taken to run script pipeline/24_sum_higher_geog_level_age_adjust_total_burden.R : 0.137 seconds" 
[1] "Running script pipeline/25_summary_attr_total_burd.R on Linux"
[1] "Time taken to run script pipeline/24_sum_higher_geog_level_age_adjust_total_burden.R : 0 seconds"     
[2] "Time taken to run script pipeline/24_sum_higher_geog_level_age_adjust_total_burden.R : 0 seconds"     
[3] "Time taken to run script pipeline/24_sum_higher_geog_level_age_adjust_total_burden.R : 65.835 seconds"
[4] "Time taken to run script pipeline/24_sum_higher_geog_level_age_adjust_total_burden.R : 1.873 seconds" 
[5] "Time taken to run script pipeline/24_sum_higher_geog_level_age_adjust_total_burden.R : 0.139 seconds" 
[1] "Running script pipeline/25_summary_attr_total_burd.R on Linux"
[1] "Time taken to run script pipeline/24_sum_higher_geog_level_age_adjust_total_burden.R : 0 seconds"     
[2] "Time taken to run script pipeline/24_sum_higher_geog_level_age_adjust_total_burden.R : 0 seconds"     
[3] "Time taken to run script pipeline/24_sum_higher_geog_level_age_adjust_total_burden.R : 63.702 seconds"
[4] "Time taken to run script pipeline/24_sum_higher_geog_level_age_adjust_total_burden.R : 1.873 seconds" 
[5] "Time taken to run script pipeline/24_sum_higher_geog_level_age_adjust_total_burden.R : 0.135 seconds" 
[1] "Running script pipeline/25_summary_attr_total_burd.R on Linux"
[1] "Time taken to run script pipeline/24_sum_higher_geog_level_age_adjust_total_burden.R : 0 seconds"     
[2] "Time taken to run script pipeline/24_sum_higher_geog_level_age_adjust_total_burden.R : 0 seconds"     
[3] "Time taken to run script pipeline/24_sum_higher_geog_level_age_adjust_total_burden.R : 62.827 seconds"
[4] "Time taken to run script pipeline/24_sum_higher_geog_level_age_adjust_total_burden.R : 1.861 seconds" 
[5] "Time taken to run script pipeline/24_sum_higher_geog_level_age_adjust_total_burden.R : 0.144 seconds" 
[1] "Running script pipeline/25_summary_attr_total_burd.R on Linux"
[1] "Time taken to run script pipeline/24_sum_higher_geog_level_age_adjust_total_burden.R : 0 seconds"     
[2] "Time taken to run script pipeline/24_sum_higher_geog_level_age_adjust_total_burden.R : 0 seconds"     
[3] "Time taken to run script pipeline/24_sum_higher_geog_level_age_adjust_total_burden.R : 65.413 seconds"
[4] "Time taken to run script pipeline/24_sum_higher_geog_level_age_adjust_total_burden.R : 1.883 seconds" 
[5] "Time taken to run script pipeline/24_sum_higher_geog_level_age_adjust_total_burden.R : 0.135 seconds" 
[1] "Running script pipeline/25_summary_attr_total_burd.R on Linux"
[1] "Time taken to run script pipeline/24_sum_higher_geog_level_age_adjust_total_burden.R : 0 seconds"     
[2] "Time taken to run script pipeline/24_sum_higher_geog_level_age_adjust_total_burden.R : 0 seconds"     
[3] "Time taken to run script pipeline/24_sum_higher_geog_level_age_adjust_total_burden.R : 68.169 seconds"
[4] "Time taken to run script pipeline/24_sum_higher_geog_level_age_adjust_total_burden.R : 1.886 seconds" 
[5] "Time taken to run script pipeline/24_sum_higher_geog_level_age_adjust_total_burden.R : 0.133 seconds" 
[1] "Running script pipeline/25_summary_attr_total_burd.R on Linux"
[1] "Time taken to run script pipeline/24_sum_higher_geog_level_age_adjust_total_burden.R : 0 seconds"    
[2] "Time taken to run script pipeline/24_sum_higher_geog_level_age_adjust_total_burden.R : 0 seconds"    
[3] "Time taken to run script pipeline/24_sum_higher_geog_level_age_adjust_total_burden.R : 67.25 seconds"
[4] "Time taken to run script pipeline/24_sum_higher_geog_level_age_adjust_total_burden.R : 1.862 seconds"
[5] "Time taken to run script pipeline/24_sum_higher_geog_level_age_adjust_total_burden.R : 0.163 seconds"
[1] "Running script pipeline/25_summary_attr_total_burd.R on Linux"
[1] "Time taken to run script pipeline/24_sum_higher_geog_level_age_adjust_total_burden.R : 0 seconds"     
[2] "Time taken to run script pipeline/24_sum_higher_geog_level_age_adjust_total_burden.R : 0 seconds"     
[3] "Time taken to run script pipeline/24_sum_higher_geog_level_age_adjust_total_burden.R : 66.784 seconds"
[4] "Time taken to run script pipeline/24_sum_higher_geog_level_age_adjust_total_burden.R : 1.887 seconds" 
[5] "Time taken to run script pipeline/24_sum_higher_geog_level_age_adjust_total_burden.R : 0.127 seconds" 
[1] "Running script pipeline/25_summary_attr_total_burd.R on Linux"
[1] "Time taken to run script pipeline/24_sum_higher_geog_level_age_adjust_total_burden.R : 0 seconds"     
[2] "Time taken to run script pipeline/24_sum_higher_geog_level_age_adjust_total_burden.R : 0 seconds"     
[3] "Time taken to run script pipeline/24_sum_higher_geog_level_age_adjust_total_burden.R : 70.644 seconds"
[4] "Time taken to run script pipeline/24_sum_higher_geog_level_age_adjust_total_burden.R : 1.9 seconds"   
[5] "Time taken to run script pipeline/24_sum_higher_geog_level_age_adjust_total_burden.R : 0.134 seconds" 
[1] "Running script pipeline/25_summary_attr_total_burd.R on Linux"
[1] "Time taken to run script pipeline/24_sum_higher_geog_level_age_adjust_total_burden.R : 0 seconds"     
[2] "Time taken to run script pipeline/24_sum_higher_geog_level_age_adjust_total_burden.R : 0 seconds"     
[3] "Time taken to run script pipeline/24_sum_higher_geog_level_age_adjust_total_burden.R : 66.157 seconds"
[4] "Time taken to run script pipeline/24_sum_higher_geog_level_age_adjust_total_burden.R : 1.876 seconds" 
[5] "Time taken to run script pipeline/24_sum_higher_geog_level_age_adjust_total_burden.R : 0.14 seconds"  
[1] "Running script pipeline/25_summary_attr_total_burd.R on Linux"
[1] "Time taken to run script pipeline/24_sum_higher_geog_level_age_adjust_total_burden.R : 0 seconds"     
[2] "Time taken to run script pipeline/24_sum_higher_geog_level_age_adjust_total_burden.R : 0 seconds"     
[3] "Time taken to run script pipeline/24_sum_higher_geog_level_age_adjust_total_burden.R : 64.976 seconds"
[4] "Time taken to run script pipeline/24_sum_higher_geog_level_age_adjust_total_burden.R : 1.899 seconds" 
[5] "Time taken to run script pipeline/24_sum_higher_geog_level_age_adjust_total_burden.R : 0.122 seconds" 
[1] "Running script pipeline/25_summary_attr_total_burd.R on Linux"
[1] "Time taken to run script pipeline/24_sum_higher_geog_level_age_adjust_total_burden.R : 0 seconds"     
[2] "Time taken to run script pipeline/24_sum_higher_geog_level_age_adjust_total_burden.R : 0 seconds"     
[3] "Time taken to run script pipeline/24_sum_higher_geog_level_age_adjust_total_burden.R : 71.334 seconds"
[4] "Time taken to run script pipeline/24_sum_higher_geog_level_age_adjust_total_burden.R : 1.923 seconds" 
[5] "Time taken to run script pipeline/24_sum_higher_geog_level_age_adjust_total_burden.R : 0.141 seconds" 
[1] "Running script pipeline/25_summary_attr_total_burd.R on Linux"
[1] "Time taken to run script pipeline/24_sum_higher_geog_level_age_adjust_total_burden.R : 0.001 seconds" 
[2] "Time taken to run script pipeline/24_sum_higher_geog_level_age_adjust_total_burden.R : 0 seconds"     
[3] "Time taken to run script pipeline/24_sum_higher_geog_level_age_adjust_total_burden.R : 72.765 seconds"
[4] "Time taken to run script pipeline/24_sum_higher_geog_level_age_adjust_total_burden.R : 1.906 seconds" 
[5] "Time taken to run script pipeline/24_sum_higher_geog_level_age_adjust_total_burden.R : 0.163 seconds" 
[1] "Running script pipeline/25_summary_attr_total_burd.R on Linux"
[1] "Time taken to run script pipeline/24_sum_higher_geog_level_age_adjust_total_burden.R : 0.001 seconds" 
[2] "Time taken to run script pipeline/24_sum_higher_geog_level_age_adjust_total_burden.R : 0 seconds"     
[3] "Time taken to run script pipeline/24_sum_higher_geog_level_age_adjust_total_burden.R : 73.097 seconds"
[4] "Time taken to run script pipeline/24_sum_higher_geog_level_age_adjust_total_burden.R : 1.905 seconds" 
[5] "Time taken to run script pipeline/24_sum_higher_geog_level_age_adjust_total_burden.R : 0.174 seconds" 
[1] "Running script pipeline/25_summary_attr_total_burd.R on Linux"
[1] "Time taken to run script pipeline/24_sum_higher_geog_level_age_adjust_total_burden.R : 0 seconds"     
[2] "Time taken to run script pipeline/24_sum_higher_geog_level_age_adjust_total_burden.R : 0 seconds"     
[3] "Time taken to run script pipeline/24_sum_higher_geog_level_age_adjust_total_burden.R : 71.938 seconds"
[4] "Time taken to run script pipeline/24_sum_higher_geog_level_age_adjust_total_burden.R : 1.924 seconds" 
[5] "Time taken to run script pipeline/24_sum_higher_geog_level_age_adjust_total_burden.R : 0.144 seconds" 
[1] "Running script pipeline/25_summary_attr_total_burd.R on Linux"
[1] "Time taken to run script pipeline/24_sum_higher_geog_level_age_adjust_total_burden.R : 0 seconds"     
[2] "Time taken to run script pipeline/24_sum_higher_geog_level_age_adjust_total_burden.R : 0 seconds"     
[3] "Time taken to run script pipeline/24_sum_higher_geog_level_age_adjust_total_burden.R : 63.516 seconds"
[4] "Time taken to run script pipeline/24_sum_higher_geog_level_age_adjust_total_burden.R : 1.881 seconds" 
[5] "Time taken to run script pipeline/24_sum_higher_geog_level_age_adjust_total_burden.R : 0.148 seconds" 
[1] "Running script pipeline/25_summary_attr_total_burd.R on Linux"
[1] "Time taken to run script pipeline/24_sum_higher_geog_level_age_adjust_total_burden.R : 0 seconds"     
[2] "Time taken to run script pipeline/24_sum_higher_geog_level_age_adjust_total_burden.R : 0 seconds"     
[3] "Time taken to run script pipeline/24_sum_higher_geog_level_age_adjust_total_burden.R : 70.512 seconds"
[4] "Time taken to run script pipeline/24_sum_higher_geog_level_age_adjust_total_burden.R : 1.96 seconds"  
[5] "Time taken to run script pipeline/24_sum_higher_geog_level_age_adjust_total_burden.R : 0.102 seconds" 
[1] "Running script pipeline/25_summary_attr_total_burd.R on Linux"
[1] "Time taken to run script pipeline/24_sum_higher_geog_level_age_adjust_total_burden.R : 0 seconds"     
[2] "Time taken to run script pipeline/24_sum_higher_geog_level_age_adjust_total_burden.R : 0 seconds"     
[3] "Time taken to run script pipeline/24_sum_higher_geog_level_age_adjust_total_burden.R : 71.349 seconds"
[4] "Time taken to run script pipeline/24_sum_higher_geog_level_age_adjust_total_burden.R : 1.962 seconds" 
[5] "Time taken to run script pipeline/24_sum_higher_geog_level_age_adjust_total_burden.R : 0.118 seconds" 
[1] "Running script pipeline/25_summary_attr_total_burd.R on Linux"
[1] "Time taken to run script pipeline/24_sum_higher_geog_level_age_adjust_total_burden.R : 0 seconds"     
[2] "Time taken to run script pipeline/24_sum_higher_geog_level_age_adjust_total_burden.R : 0 seconds"     
[3] "Time taken to run script pipeline/24_sum_higher_geog_level_age_adjust_total_burden.R : 72.211 seconds"
[4] "Time taken to run script pipeline/24_sum_higher_geog_level_age_adjust_total_burden.R : 1.915 seconds" 
[5] "Time taken to run script pipeline/24_sum_higher_geog_level_age_adjust_total_burden.R : 0.178 seconds" 
[1] "Running script pipeline/25_summary_attr_total_burd.R on Linux"
