- The project is out-of-sync -- use `renv::status()` for details.
[1] "Running script pipeline/23_sum_higher_geog_level_age_adjust.R on Linux"
[1] "Running script pipeline/23_sum_higher_geog_level_age_adjust.R on Linux"
[1] "Running script pipeline/23_sum_higher_geog_level_age_adjust.R on Linux"
[1] "Running script pipeline/23_sum_higher_geog_level_age_adjust.R on Linux"
[1] "Running script pipeline/23_sum_higher_geog_level_age_adjust.R on Linux"
[1] "Running script pipeline/23_sum_higher_geog_level_age_adjust.R on Linux"
[1] "Running script pipeline/23_sum_higher_geog_level_age_adjust.R on Linux"
[1] "Running script pipeline/23_sum_higher_geog_level_age_adjust.R on Linux"
[1] "Running script pipeline/23_sum_higher_geog_level_age_adjust.R on Linux"
[1] "Running script pipeline/23_sum_higher_geog_level_age_adjust.R on Linux"
[1] "Running script pipeline/23_sum_higher_geog_level_age_adjust.R on Linux"
[1] "Running script pipeline/23_sum_higher_geog_level_age_adjust.R on Linux"
[1] "Running script pipeline/23_sum_higher_geog_level_age_adjust.R on Linux"
[1] "Running script pipeline/23_sum_higher_geog_level_age_adjust.R on Linux"
[1] "Running script pipeline/23_sum_higher_geog_level_age_adjust.R on Linux"
[1] "Running script pipeline/23_sum_higher_geog_level_age_adjust.R on Linux"
[1] "Running script pipeline/23_sum_higher_geog_level_age_adjust.R on Linux"
[1] "Running script pipeline/23_sum_higher_geog_level_age_adjust.R on Linux"
[1] "Running script pipeline/23_sum_higher_geog_level_age_adjust.R on Linux"
[1] "Running script pipeline/23_sum_higher_geog_level_age_adjust.R on Linux"
[1] "Running script pipeline/23_sum_higher_geog_level_age_adjust.R on Linux"
[1] "Running script pipeline/23_sum_higher_geog_level_age_adjust.R on Linux"
[1] "Running script pipeline/23_sum_higher_geog_level_age_adjust.R on Linux"
[1] "Running script pipeline/23_sum_higher_geog_level_age_adjust.R on Linux"
[1] "Running script pipeline/23_sum_higher_geog_level_age_adjust.R on Linux"
[1] "Running script pipeline/23_sum_higher_geog_level_age_adjust.R on Linux"
[1] "Running script pipeline/23_sum_higher_geog_level_age_adjust.R on Linux"
- The project is out-of-sync -- use `renv::status()` for details.
- The project is out-of-sync -- use `renv::status()` for details.
- The project is out-of-sync -- use `renv::status()` for details.
- The project is out-of-sync -- use `renv::status()` for details.
- The project is out-of-sync -- use `renv::status()` for details.
- The project is out-of-sync -- use `renv::status()` for details.
- The project is out-of-sync -- use `renv::status()` for details.
- The project is out-of-sync -- use `renv::status()` for details.
- The project is out-of-sync -- use `renv::status()` for details.
- The project is out-of-sync -- use `renv::status()` for details.
- The project is out-of-sync -- use `renv::status()` for details.
- The project is out-of-sync -- use `renv::status()` for details.
- The project is out-of-sync -- use `renv::status()` for details.
- The project is out-of-sync -- use `renv::status()` for details.
- The project is out-of-sync -- use `renv::status()` for details.
- The project is out-of-sync -- use `renv::status()` for details.
- The project is out-of-sync -- use `renv::status()` for details.
- The project is out-of-sync -- use `renv::status()` for details.
- The project is out-of-sync -- use `renv::status()` for details.
- The project is out-of-sync -- use `renv::status()` for details.
- The project is out-of-sync -- use `renv::status()` for details.
- The project is out-of-sync -- use `renv::status()` for details.
- The project is out-of-sync -- use `renv::status()` for details.
- The project is out-of-sync -- use `renv::status()` for details.
- The project is out-of-sync -- use `renv::status()` for details.
- The project is out-of-sync -- use `renv::status()` for details.
- The project is out-of-sync -- use `renv::status()` for details.
[1] "Time taken to run script pipeline/23_sum_higher_geog_level_age_adjust.R : 0.001 seconds"  
[2] "Time taken to run script pipeline/23_sum_higher_geog_level_age_adjust.R : 0 seconds"      
[3] "Time taken to run script pipeline/23_sum_higher_geog_level_age_adjust.R : 100.888 seconds"
[4] "Time taken to run script pipeline/23_sum_higher_geog_level_age_adjust.R : 3.711 seconds"  
[5] "Time taken to run script pipeline/23_sum_higher_geog_level_age_adjust.R : 0.229 seconds"  
[1] "Running script pipeline/24_proportions_attr_burd.R on Linux"
[1] "Time taken to run script pipeline/23_sum_higher_geog_level_age_adjust.R : 0.001 seconds"  
[2] "Time taken to run script pipeline/23_sum_higher_geog_level_age_adjust.R : 0 seconds"      
[3] "Time taken to run script pipeline/23_sum_higher_geog_level_age_adjust.R : 101.106 seconds"
[4] "Time taken to run script pipeline/23_sum_higher_geog_level_age_adjust.R : 3.676 seconds"  
[5] "Time taken to run script pipeline/23_sum_higher_geog_level_age_adjust.R : 0.261 seconds"  
[1] "Running script pipeline/24_proportions_attr_burd.R on Linux"
[1] "Time taken to run script pipeline/23_sum_higher_geog_level_age_adjust.R : 0 seconds"      
[2] "Time taken to run script pipeline/23_sum_higher_geog_level_age_adjust.R : 0.001 seconds"  
[3] "Time taken to run script pipeline/23_sum_higher_geog_level_age_adjust.R : 101.703 seconds"
[4] "Time taken to run script pipeline/23_sum_higher_geog_level_age_adjust.R : 3.676 seconds"  
[5] "Time taken to run script pipeline/23_sum_higher_geog_level_age_adjust.R : 0.261 seconds"  
[1] "Running script pipeline/24_proportions_attr_burd.R on Linux"
[1] "Time taken to run script pipeline/23_sum_higher_geog_level_age_adjust.R : 0.001 seconds"  
[2] "Time taken to run script pipeline/23_sum_higher_geog_level_age_adjust.R : 0 seconds"      
[3] "Time taken to run script pipeline/23_sum_higher_geog_level_age_adjust.R : 102.273 seconds"
[4] "Time taken to run script pipeline/23_sum_higher_geog_level_age_adjust.R : 3.654 seconds"  
[5] "Time taken to run script pipeline/23_sum_higher_geog_level_age_adjust.R : 0.283 seconds"  
[1] "Running script pipeline/24_proportions_attr_burd.R on Linux"
[1] "Time taken to run script pipeline/23_sum_higher_geog_level_age_adjust.R : 0.001 seconds"  
[2] "Time taken to run script pipeline/23_sum_higher_geog_level_age_adjust.R : 0 seconds"      
[3] "Time taken to run script pipeline/23_sum_higher_geog_level_age_adjust.R : 102.629 seconds"
[4] "Time taken to run script pipeline/23_sum_higher_geog_level_age_adjust.R : 3.715 seconds"  
[5] "Time taken to run script pipeline/23_sum_higher_geog_level_age_adjust.R : 0.236 seconds"  
[1] "Running script pipeline/24_proportions_attr_burd.R on Linux"
[1] "Time taken to run script pipeline/23_sum_higher_geog_level_age_adjust.R : 0 seconds"      
[2] "Time taken to run script pipeline/23_sum_higher_geog_level_age_adjust.R : 0 seconds"      
[3] "Time taken to run script pipeline/23_sum_higher_geog_level_age_adjust.R : 104.393 seconds"
[4] "Time taken to run script pipeline/23_sum_higher_geog_level_age_adjust.R : 3.673 seconds"  
[5] "Time taken to run script pipeline/23_sum_higher_geog_level_age_adjust.R : 0.262 seconds"  
[1] "Running script pipeline/24_proportions_attr_burd.R on Linux"
[1] "Time taken to run script pipeline/23_sum_higher_geog_level_age_adjust.R : 0 seconds"      
[2] "Time taken to run script pipeline/23_sum_higher_geog_level_age_adjust.R : 0 seconds"      
[3] "Time taken to run script pipeline/23_sum_higher_geog_level_age_adjust.R : 106.114 seconds"
[4] "Time taken to run script pipeline/23_sum_higher_geog_level_age_adjust.R : 3.657 seconds"  
[5] "Time taken to run script pipeline/23_sum_higher_geog_level_age_adjust.R : 0.288 seconds"  
[1] "Running script pipeline/24_proportions_attr_burd.R on Linux"
[1] "Time taken to run script pipeline/23_sum_higher_geog_level_age_adjust.R : 0 seconds"     
[2] "Time taken to run script pipeline/23_sum_higher_geog_level_age_adjust.R : 0 seconds"     
[3] "Time taken to run script pipeline/23_sum_higher_geog_level_age_adjust.R : 107.23 seconds"
[4] "Time taken to run script pipeline/23_sum_higher_geog_level_age_adjust.R : 3.632 seconds" 
[5] "Time taken to run script pipeline/23_sum_higher_geog_level_age_adjust.R : 0.316 seconds" 
[1] "Running script pipeline/24_proportions_attr_burd.R on Linux"
[1] "Time taken to run script pipeline/23_sum_higher_geog_level_age_adjust.R : 0 seconds"      
[2] "Time taken to run script pipeline/23_sum_higher_geog_level_age_adjust.R : 0 seconds"      
[3] "Time taken to run script pipeline/23_sum_higher_geog_level_age_adjust.R : 107.305 seconds"
[4] "Time taken to run script pipeline/23_sum_higher_geog_level_age_adjust.R : 3.636 seconds"  
[5] "Time taken to run script pipeline/23_sum_higher_geog_level_age_adjust.R : 0.299 seconds"  
[1] "Running script pipeline/24_proportions_attr_burd.R on Linux"
[1] "Time taken to run script pipeline/23_sum_higher_geog_level_age_adjust.R : 0 seconds"      
[2] "Time taken to run script pipeline/23_sum_higher_geog_level_age_adjust.R : 0 seconds"      
[3] "Time taken to run script pipeline/23_sum_higher_geog_level_age_adjust.R : 108.784 seconds"
[4] "Time taken to run script pipeline/23_sum_higher_geog_level_age_adjust.R : 3.658 seconds"  
[5] "Time taken to run script pipeline/23_sum_higher_geog_level_age_adjust.R : 0.298 seconds"  
[1] "Running script pipeline/24_proportions_attr_burd.R on Linux"
[1] "Time taken to run script pipeline/23_sum_higher_geog_level_age_adjust.R : 0 seconds"      
[2] "Time taken to run script pipeline/23_sum_higher_geog_level_age_adjust.R : 0 seconds"      
[3] "Time taken to run script pipeline/23_sum_higher_geog_level_age_adjust.R : 109.715 seconds"
[4] "Time taken to run script pipeline/23_sum_higher_geog_level_age_adjust.R : 3.687 seconds"  
[5] "Time taken to run script pipeline/23_sum_higher_geog_level_age_adjust.R : 0.28 seconds"   
[1] "Running script pipeline/24_proportions_attr_burd.R on Linux"
[1] "Time taken to run script pipeline/23_sum_higher_geog_level_age_adjust.R : 0 seconds"      
[2] "Time taken to run script pipeline/23_sum_higher_geog_level_age_adjust.R : 0 seconds"      
[3] "Time taken to run script pipeline/23_sum_higher_geog_level_age_adjust.R : 110.088 seconds"
[4] "Time taken to run script pipeline/23_sum_higher_geog_level_age_adjust.R : 3.687 seconds"  
[5] "Time taken to run script pipeline/23_sum_higher_geog_level_age_adjust.R : 0.272 seconds"  
[1] "Running script pipeline/24_proportions_attr_burd.R on Linux"
[1] "Time taken to run script pipeline/23_sum_higher_geog_level_age_adjust.R : 0 seconds"      
[2] "Time taken to run script pipeline/23_sum_higher_geog_level_age_adjust.R : 0 seconds"      
[3] "Time taken to run script pipeline/23_sum_higher_geog_level_age_adjust.R : 110.262 seconds"
[4] "Time taken to run script pipeline/23_sum_higher_geog_level_age_adjust.R : 3.658 seconds"  
[5] "Time taken to run script pipeline/23_sum_higher_geog_level_age_adjust.R : 0.276 seconds"  
[1] "Running script pipeline/24_proportions_attr_burd.R on Linux"
[1] "Time taken to run script pipeline/23_sum_higher_geog_level_age_adjust.R : 0 seconds"     
[2] "Time taken to run script pipeline/23_sum_higher_geog_level_age_adjust.R : 0 seconds"     
[3] "Time taken to run script pipeline/23_sum_higher_geog_level_age_adjust.R : 110.77 seconds"
[4] "Time taken to run script pipeline/23_sum_higher_geog_level_age_adjust.R : 3.721 seconds" 
[5] "Time taken to run script pipeline/23_sum_higher_geog_level_age_adjust.R : 0.231 seconds" 
[1] "Running script pipeline/24_proportions_attr_burd.R on Linux"
[1] "Time taken to run script pipeline/23_sum_higher_geog_level_age_adjust.R : 0 seconds"      
[2] "Time taken to run script pipeline/23_sum_higher_geog_level_age_adjust.R : 0 seconds"      
[3] "Time taken to run script pipeline/23_sum_higher_geog_level_age_adjust.R : 110.794 seconds"
[4] "Time taken to run script pipeline/23_sum_higher_geog_level_age_adjust.R : 3.648 seconds"  
[5] "Time taken to run script pipeline/23_sum_higher_geog_level_age_adjust.R : 0.304 seconds"  
[1] "Running script pipeline/24_proportions_attr_burd.R on Linux"
[1] "Time taken to run script pipeline/23_sum_higher_geog_level_age_adjust.R : 0 seconds"      
[2] "Time taken to run script pipeline/23_sum_higher_geog_level_age_adjust.R : 0 seconds"      
[3] "Time taken to run script pipeline/23_sum_higher_geog_level_age_adjust.R : 319.374 seconds"
[4] "Time taken to run script pipeline/23_sum_higher_geog_level_age_adjust.R : 4.202 seconds"  
[5] "Time taken to run script pipeline/23_sum_higher_geog_level_age_adjust.R : 0.329 seconds"  
[1] "Running script pipeline/24_proportions_attr_burd.R on Linux"
[1] "Time taken to run script pipeline/23_sum_higher_geog_level_age_adjust.R : 0.001 seconds"  
[2] "Time taken to run script pipeline/23_sum_higher_geog_level_age_adjust.R : 0 seconds"      
[3] "Time taken to run script pipeline/23_sum_higher_geog_level_age_adjust.R : 539.209 seconds"
[4] "Time taken to run script pipeline/23_sum_higher_geog_level_age_adjust.R : 13.472 seconds" 
[5] "Time taken to run script pipeline/23_sum_higher_geog_level_age_adjust.R : 33.298 seconds" 
[1] "Running script pipeline/24_proportions_attr_burd.R on Linux"
[1] "Time taken to run script pipeline/23_sum_higher_geog_level_age_adjust.R : 0.001 seconds"  
[2] "Time taken to run script pipeline/23_sum_higher_geog_level_age_adjust.R : 0 seconds"      
[3] "Time taken to run script pipeline/23_sum_higher_geog_level_age_adjust.R : 541.726 seconds"
[4] "Time taken to run script pipeline/23_sum_higher_geog_level_age_adjust.R : 12.844 seconds" 
[5] "Time taken to run script pipeline/23_sum_higher_geog_level_age_adjust.R : 33.902 seconds" 
[1] "Running script pipeline/24_proportions_attr_burd.R on Linux"
- The project is out-of-sync -- use `renv::status()` for details.
- The project is out-of-sync -- use `renv::status()` for details.
- The project is out-of-sync -- use `renv::status()` for details.
- The project is out-of-sync -- use `renv::status()` for details.
- The project is out-of-sync -- use `renv::status()` for details.
- The project is out-of-sync -- use `renv::status()` for details.
- The project is out-of-sync -- use `renv::status()` for details.
- The project is out-of-sync -- use `renv::status()` for details.
- The project is out-of-sync -- use `renv::status()` for details.
- The project is out-of-sync -- use `renv::status()` for details.
- The project is out-of-sync -- use `renv::status()` for details.
- The project is out-of-sync -- use `renv::status()` for details.
- The project is out-of-sync -- use `renv::status()` for details.
- The project is out-of-sync -- use `renv::status()` for details.
- The project is out-of-sync -- use `renv::status()` for details.
[1] "Time taken to run script pipeline/24_proportions_attr_burd.R : 0 seconds"     
[2] "Time taken to run script pipeline/24_proportions_attr_burd.R : 0 seconds"     
[3] "Time taken to run script pipeline/24_proportions_attr_burd.R : 417.93 seconds"
[4] "Time taken to run script pipeline/24_proportions_attr_burd.R : 2.831 seconds" 
[5] "Time taken to run script pipeline/24_proportions_attr_burd.R : 0.536 seconds" 
[1] "Running script pipeline/24_sum_higher_geog_level_age_adjust_total_burden.R on Linux"
[1] "Time taken to run script pipeline/24_proportions_attr_burd.R : 0 seconds"                
[2] "Time taken to run script pipeline/24_proportions_attr_burd.R : 0 seconds"                
[3] "Time taken to run script pipeline/24_proportions_attr_burd.R : 203.709 seconds"          
[4] "Time taken to run script pipeline/24_proportions_attr_burd.R : 2.792 seconds"            
[5] "Time taken to run script pipeline/24_proportions_attr_burd.R : 0.418999999999997 seconds"
[1] "Running script pipeline/24_sum_higher_geog_level_age_adjust_total_burden.R on Linux"
[1] "Time taken to run script pipeline/24_proportions_attr_burd.R : 0 seconds"                
[2] "Time taken to run script pipeline/24_proportions_attr_burd.R : 0 seconds"                
[3] "Time taken to run script pipeline/24_proportions_attr_burd.R : 201.595 seconds"          
[4] "Time taken to run script pipeline/24_proportions_attr_burd.R : 2.76 seconds"             
[5] "Time taken to run script pipeline/24_proportions_attr_burd.R : 0.460999999999999 seconds"
[1] "Running script pipeline/24_sum_higher_geog_level_age_adjust_total_burden.R on Linux"
[1] "Time taken to run script pipeline/24_proportions_attr_burd.R : 0 seconds"      
[2] "Time taken to run script pipeline/24_proportions_attr_burd.R : 0 seconds"      
[3] "Time taken to run script pipeline/24_proportions_attr_burd.R : 643.321 seconds"
[4] "Time taken to run script pipeline/24_proportions_attr_burd.R : 3.983 seconds"  
[5] "Time taken to run script pipeline/24_proportions_attr_burd.R : 0.519 seconds"  
[1] "Running script pipeline/24_sum_higher_geog_level_age_adjust_total_burden.R on Linux"
[1] "Time taken to run script pipeline/24_proportions_attr_burd.R : 0 seconds"      
[2] "Time taken to run script pipeline/24_proportions_attr_burd.R : 0 seconds"      
[3] "Time taken to run script pipeline/24_proportions_attr_burd.R : 644.542 seconds"
[4] "Time taken to run script pipeline/24_proportions_attr_burd.R : 3.968 seconds"  
[5] "Time taken to run script pipeline/24_proportions_attr_burd.R : 0.556 seconds"  
[1] "Running script pipeline/24_sum_higher_geog_level_age_adjust_total_burden.R on Linux"
[1] "Time taken to run script pipeline/24_proportions_attr_burd.R : 0 seconds"      
[2] "Time taken to run script pipeline/24_proportions_attr_burd.R : 0 seconds"      
[3] "Time taken to run script pipeline/24_proportions_attr_burd.R : 659.462 seconds"
[4] "Time taken to run script pipeline/24_proportions_attr_burd.R : 4.473 seconds"  
[5] "Time taken to run script pipeline/24_proportions_attr_burd.R : 0.629 seconds"  
[1] "Running script pipeline/24_sum_higher_geog_level_age_adjust_total_burden.R on Linux"
[1] "Time taken to run script pipeline/24_proportions_attr_burd.R : 0 seconds"      
[2] "Time taken to run script pipeline/24_proportions_attr_burd.R : 0 seconds"      
[3] "Time taken to run script pipeline/24_proportions_attr_burd.R : 659.039 seconds"
[4] "Time taken to run script pipeline/24_proportions_attr_burd.R : 4.475 seconds"  
[5] "Time taken to run script pipeline/24_proportions_attr_burd.R : 0.62 seconds"   
[1] "Running script pipeline/24_sum_higher_geog_level_age_adjust_total_burden.R on Linux"
[1] "Time taken to run script pipeline/24_proportions_attr_burd.R : 0 seconds"      
[2] "Time taken to run script pipeline/24_proportions_attr_burd.R : 0 seconds"      
[3] "Time taken to run script pipeline/24_proportions_attr_burd.R : 659.985 seconds"
[4] "Time taken to run script pipeline/24_proportions_attr_burd.R : 4.546 seconds"  
[5] "Time taken to run script pipeline/24_proportions_attr_burd.R : 0.571 seconds"  
[1] "Running script pipeline/24_sum_higher_geog_level_age_adjust_total_burden.R on Linux"
[1] "Time taken to run script pipeline/24_proportions_attr_burd.R : 0.001 seconds"
[2] "Time taken to run script pipeline/24_proportions_attr_burd.R : 0 seconds"    
[3] "Time taken to run script pipeline/24_proportions_attr_burd.R : 660.4 seconds"
[4] "Time taken to run script pipeline/24_proportions_attr_burd.R : 4.537 seconds"
[5] "Time taken to run script pipeline/24_proportions_attr_burd.R : 0.587 seconds"
[1] "Running script pipeline/24_sum_higher_geog_level_age_adjust_total_burden.R on Linux"
[1] "Time taken to run script pipeline/24_proportions_attr_burd.R : 0 seconds"      
[2] "Time taken to run script pipeline/24_proportions_attr_burd.R : 0 seconds"      
[3] "Time taken to run script pipeline/24_proportions_attr_burd.R : 660.542 seconds"
[4] "Time taken to run script pipeline/24_proportions_attr_burd.R : 4.543 seconds"  
[5] "Time taken to run script pipeline/24_proportions_attr_burd.R : 0.554 seconds"  
[1] "Running script pipeline/24_sum_higher_geog_level_age_adjust_total_burden.R on Linux"
[1] "Time taken to run script pipeline/24_proportions_attr_burd.R : 0 seconds"      
[2] "Time taken to run script pipeline/24_proportions_attr_burd.R : 0 seconds"      
[3] "Time taken to run script pipeline/24_proportions_attr_burd.R : 660.475 seconds"
[4] "Time taken to run script pipeline/24_proportions_attr_burd.R : 4.524 seconds"  
[5] "Time taken to run script pipeline/24_proportions_attr_burd.R : 0.557 seconds"  
[1] "Running script pipeline/24_sum_higher_geog_level_age_adjust_total_burden.R on Linux"
[1] "Time taken to run script pipeline/24_proportions_attr_burd.R : 0 seconds"      
[2] "Time taken to run script pipeline/24_proportions_attr_burd.R : 0 seconds"      
[3] "Time taken to run script pipeline/24_proportions_attr_burd.R : 660.158 seconds"
[4] "Time taken to run script pipeline/24_proportions_attr_burd.R : 4.404 seconds"  
[5] "Time taken to run script pipeline/24_proportions_attr_burd.R : 0.666 seconds"  
[1] "Running script pipeline/24_sum_higher_geog_level_age_adjust_total_burden.R on Linux"
[1] "Time taken to run script pipeline/24_proportions_attr_burd.R : 0 seconds"      
[2] "Time taken to run script pipeline/24_proportions_attr_burd.R : 0 seconds"      
[3] "Time taken to run script pipeline/24_proportions_attr_burd.R : 663.029 seconds"
[4] "Time taken to run script pipeline/24_proportions_attr_burd.R : 4.527 seconds"  
[5] "Time taken to run script pipeline/24_proportions_attr_burd.R : 0.541 seconds"  
[1] "Running script pipeline/24_sum_higher_geog_level_age_adjust_total_burden.R on Linux"
[1] "Time taken to run script pipeline/24_proportions_attr_burd.R : 0 seconds"    
[2] "Time taken to run script pipeline/24_proportions_attr_burd.R : 0 seconds"    
[3] "Time taken to run script pipeline/24_proportions_attr_burd.R : 665.4 seconds"
[4] "Time taken to run script pipeline/24_proportions_attr_burd.R : 4.504 seconds"
[5] "Time taken to run script pipeline/24_proportions_attr_burd.R : 0.648 seconds"
[1] "Running script pipeline/24_sum_higher_geog_level_age_adjust_total_burden.R on Linux"
[1] "Time taken to run script pipeline/24_proportions_attr_burd.R : 0 seconds"      
[2] "Time taken to run script pipeline/24_proportions_attr_burd.R : 0 seconds"      
[3] "Time taken to run script pipeline/24_proportions_attr_burd.R : 669.082 seconds"
[4] "Time taken to run script pipeline/24_proportions_attr_burd.R : 4.588 seconds"  
[5] "Time taken to run script pipeline/24_proportions_attr_burd.R : 0.665 seconds"  
[1] "Running script pipeline/24_sum_higher_geog_level_age_adjust_total_burden.R on Linux"
calculated proportions of attributable burden and parsed: 49.67 sec elapsed
[1] "Time taken to run script pipeline/24_proportions_attr_burd.R : 0 seconds"      
[2] "Time taken to run script pipeline/24_proportions_attr_burd.R : 0 seconds"      
[3] "Time taken to run script pipeline/24_proportions_attr_burd.R : 691.268 seconds"
[4] "Time taken to run script pipeline/24_proportions_attr_burd.R : 5.234 seconds"  
[5] "Time taken to run script pipeline/24_proportions_attr_burd.R : 0.764 seconds"  
[1] "Running script pipeline/24_sum_higher_geog_level_age_adjust_total_burden.R on Linux"
calculated proportions of attributable burden and parsed: 58.93 sec elapsed
[1] "Time taken to run script pipeline/24_proportions_attr_burd.R : 0 seconds"      
[2] "Time taken to run script pipeline/24_proportions_attr_burd.R : 0 seconds"      
[3] "Time taken to run script pipeline/24_proportions_attr_burd.R : 703.634 seconds"
[4] "Time taken to run script pipeline/24_proportions_attr_burd.R : 5.257 seconds"  
[5] "Time taken to run script pipeline/24_proportions_attr_burd.R : 0.831 seconds"  
[1] "Running script pipeline/24_sum_higher_geog_level_age_adjust_total_burden.R on Linux"
calculated proportions of attributable burden and parsed: 63.015 sec elapsed
[1] "Time taken to run script pipeline/24_proportions_attr_burd.R : 0 seconds"      
[2] "Time taken to run script pipeline/24_proportions_attr_burd.R : 0 seconds"      
[3] "Time taken to run script pipeline/24_proportions_attr_burd.R : 710.213 seconds"
[4] "Time taken to run script pipeline/24_proportions_attr_burd.R : 5.344 seconds"  
[5] "Time taken to run script pipeline/24_proportions_attr_burd.R : 0.821 seconds"  
[1] "Running script pipeline/24_sum_higher_geog_level_age_adjust_total_burden.R on Linux"
[1] "Time taken to run script pipeline/24_sum_higher_geog_level_age_adjust_total_burden.R : 0 seconds"                
[2] "Time taken to run script pipeline/24_sum_higher_geog_level_age_adjust_total_burden.R : 0 seconds"                
[3] "Time taken to run script pipeline/24_sum_higher_geog_level_age_adjust_total_burden.R : 106.295 seconds"          
[4] "Time taken to run script pipeline/24_sum_higher_geog_level_age_adjust_total_burden.R : 2.581 seconds"            
[5] "Time taken to run script pipeline/24_sum_higher_geog_level_age_adjust_total_burden.R : 0.273000000000003 seconds"
[1] "Running script pipeline/25_summary_attr_total_burd.R on Linux"
[1] "Time taken to run script pipeline/24_sum_higher_geog_level_age_adjust_total_burden.R : 0 seconds"      
[2] "Time taken to run script pipeline/24_sum_higher_geog_level_age_adjust_total_burden.R : 0 seconds"      
[3] "Time taken to run script pipeline/24_sum_higher_geog_level_age_adjust_total_burden.R : 106.185 seconds"
[4] "Time taken to run script pipeline/24_sum_higher_geog_level_age_adjust_total_burden.R : 2.532 seconds"  
[5] "Time taken to run script pipeline/24_sum_higher_geog_level_age_adjust_total_burden.R : 0.317 seconds"  
[1] "Running script pipeline/25_summary_attr_total_burd.R on Linux"
[1] "Time taken to run script pipeline/24_sum_higher_geog_level_age_adjust_total_burden.R : 0 seconds"      
[2] "Time taken to run script pipeline/24_sum_higher_geog_level_age_adjust_total_burden.R : 0 seconds"      
[3] "Time taken to run script pipeline/24_sum_higher_geog_level_age_adjust_total_burden.R : 108.604 seconds"
[4] "Time taken to run script pipeline/24_sum_higher_geog_level_age_adjust_total_burden.R : 2.551 seconds"  
[5] "Time taken to run script pipeline/24_sum_higher_geog_level_age_adjust_total_burden.R : 0.28 seconds"   
[1] "Running script pipeline/25_summary_attr_total_burd.R on Linux"
[1] "Time taken to run script pipeline/24_sum_higher_geog_level_age_adjust_total_burden.R : 0 seconds"      
[2] "Time taken to run script pipeline/24_sum_higher_geog_level_age_adjust_total_burden.R : 0 seconds"      
[3] "Time taken to run script pipeline/24_sum_higher_geog_level_age_adjust_total_burden.R : 112.068 seconds"
[4] "Time taken to run script pipeline/24_sum_higher_geog_level_age_adjust_total_burden.R : 2.548 seconds"  
[5] "Time taken to run script pipeline/24_sum_higher_geog_level_age_adjust_total_burden.R : 0.313 seconds"  
[1] "Running script pipeline/25_summary_attr_total_burd.R on Linux"
[1] "Time taken to run script pipeline/24_sum_higher_geog_level_age_adjust_total_burden.R : 0.001 seconds"  
[2] "Time taken to run script pipeline/24_sum_higher_geog_level_age_adjust_total_burden.R : 0 seconds"      
[3] "Time taken to run script pipeline/24_sum_higher_geog_level_age_adjust_total_burden.R : 111.568 seconds"
[4] "Time taken to run script pipeline/24_sum_higher_geog_level_age_adjust_total_burden.R : 2.616 seconds"  
[5] "Time taken to run script pipeline/24_sum_higher_geog_level_age_adjust_total_burden.R : 0.238 seconds"  
[1] "Running script pipeline/25_summary_attr_total_burd.R on Linux"
[1] "Time taken to run script pipeline/24_sum_higher_geog_level_age_adjust_total_burden.R : 0.001 seconds"  
[2] "Time taken to run script pipeline/24_sum_higher_geog_level_age_adjust_total_burden.R : 0 seconds"      
[3] "Time taken to run script pipeline/24_sum_higher_geog_level_age_adjust_total_burden.R : 111.734 seconds"
[4] "Time taken to run script pipeline/24_sum_higher_geog_level_age_adjust_total_burden.R : 2.584 seconds"  
[5] "Time taken to run script pipeline/24_sum_higher_geog_level_age_adjust_total_burden.R : 0.283 seconds"  
[1] "Running script pipeline/25_summary_attr_total_burd.R on Linux"
[1] "Time taken to run script pipeline/24_sum_higher_geog_level_age_adjust_total_burden.R : 0 seconds"      
[2] "Time taken to run script pipeline/24_sum_higher_geog_level_age_adjust_total_burden.R : 0 seconds"      
[3] "Time taken to run script pipeline/24_sum_higher_geog_level_age_adjust_total_burden.R : 112.611 seconds"
[4] "Time taken to run script pipeline/24_sum_higher_geog_level_age_adjust_total_burden.R : 2.648 seconds"  
[5] "Time taken to run script pipeline/24_sum_higher_geog_level_age_adjust_total_burden.R : 0.248 seconds"  
[1] "Running script pipeline/25_summary_attr_total_burd.R on Linux"
[1] "Time taken to run script pipeline/24_sum_higher_geog_level_age_adjust_total_burden.R : 0 seconds"      
[2] "Time taken to run script pipeline/24_sum_higher_geog_level_age_adjust_total_burden.R : 0 seconds"      
[3] "Time taken to run script pipeline/24_sum_higher_geog_level_age_adjust_total_burden.R : 114.822 seconds"
[4] "Time taken to run script pipeline/24_sum_higher_geog_level_age_adjust_total_burden.R : 2.668 seconds"  
[5] "Time taken to run script pipeline/24_sum_higher_geog_level_age_adjust_total_burden.R : 0.295 seconds"  
[1] "Running script pipeline/25_summary_attr_total_burd.R on Linux"
[1] "Time taken to run script pipeline/24_sum_higher_geog_level_age_adjust_total_burden.R : 0 seconds"      
[2] "Time taken to run script pipeline/24_sum_higher_geog_level_age_adjust_total_burden.R : 0.001 seconds"  
[3] "Time taken to run script pipeline/24_sum_higher_geog_level_age_adjust_total_burden.R : 112.762 seconds"
[4] "Time taken to run script pipeline/24_sum_higher_geog_level_age_adjust_total_burden.R : 2.629 seconds"  
[5] "Time taken to run script pipeline/24_sum_higher_geog_level_age_adjust_total_burden.R : 0.35 seconds"   
[1] "Running script pipeline/25_summary_attr_total_burd.R on Linux"
[1] "Time taken to run script pipeline/23_sum_higher_geog_level_age_adjust.R : 0.001 seconds"  
[2] "Time taken to run script pipeline/23_sum_higher_geog_level_age_adjust.R : 0 seconds"      
[3] "Time taken to run script pipeline/23_sum_higher_geog_level_age_adjust.R : 936.519 seconds"
[4] "Time taken to run script pipeline/23_sum_higher_geog_level_age_adjust.R : 20.623 seconds" 
[5] "Time taken to run script pipeline/23_sum_higher_geog_level_age_adjust.R : 56.977 seconds" 
[1] "Running script pipeline/24_proportions_attr_burd.R on Linux"
[1] "Time taken to run script pipeline/24_sum_higher_geog_level_age_adjust_total_burden.R : 0 seconds"      
[2] "Time taken to run script pipeline/24_sum_higher_geog_level_age_adjust_total_burden.R : 0 seconds"      
[3] "Time taken to run script pipeline/24_sum_higher_geog_level_age_adjust_total_burden.R : 175.148 seconds"
[4] "Time taken to run script pipeline/24_sum_higher_geog_level_age_adjust_total_burden.R : 2.727 seconds"  
[5] "Time taken to run script pipeline/24_sum_higher_geog_level_age_adjust_total_burden.R : 0.366 seconds"  
[1] "Running script pipeline/25_summary_attr_total_burd.R on Linux"
[1] "Time taken to run script pipeline/24_sum_higher_geog_level_age_adjust_total_burden.R : 0.001 seconds"  
[2] "Time taken to run script pipeline/24_sum_higher_geog_level_age_adjust_total_burden.R : 0 seconds"      
[3] "Time taken to run script pipeline/24_sum_higher_geog_level_age_adjust_total_burden.R : 171.824 seconds"
[4] "Time taken to run script pipeline/24_sum_higher_geog_level_age_adjust_total_burden.R : 2.777 seconds"  
[5] "Time taken to run script pipeline/24_sum_higher_geog_level_age_adjust_total_burden.R : 0.326 seconds"  
[1] "Running script pipeline/25_summary_attr_total_burd.R on Linux"
[1] "Time taken to run script pipeline/24_sum_higher_geog_level_age_adjust_total_burden.R : 0.001 seconds" 
[2] "Time taken to run script pipeline/24_sum_higher_geog_level_age_adjust_total_burden.R : 0 seconds"     
[3] "Time taken to run script pipeline/24_sum_higher_geog_level_age_adjust_total_burden.R : 167.17 seconds"
[4] "Time taken to run script pipeline/24_sum_higher_geog_level_age_adjust_total_burden.R : 2.728 seconds" 
[5] "Time taken to run script pipeline/24_sum_higher_geog_level_age_adjust_total_burden.R : 0.331 seconds" 
[1] "Running script pipeline/25_summary_attr_total_burd.R on Linux"
[1] "Time taken to run script pipeline/23_sum_higher_geog_level_age_adjust.R : 0.001 seconds"  
[2] "Time taken to run script pipeline/23_sum_higher_geog_level_age_adjust.R : 0 seconds"      
[3] "Time taken to run script pipeline/23_sum_higher_geog_level_age_adjust.R : 1015.15 seconds"
[4] "Time taken to run script pipeline/23_sum_higher_geog_level_age_adjust.R : 21.113 seconds" 
[5] "Time taken to run script pipeline/23_sum_higher_geog_level_age_adjust.R : 60.284 seconds" 
[1] "Running script pipeline/24_proportions_attr_burd.R on Linux"
[1] "Time taken to run script pipeline/24_proportions_attr_burd.R : 0 seconds"                
[2] "Time taken to run script pipeline/24_proportions_attr_burd.R : 0 seconds"                
[3] "Time taken to run script pipeline/24_proportions_attr_burd.R : 132.597 seconds"          
[4] "Time taken to run script pipeline/24_proportions_attr_burd.R : 2.66 seconds"             
[5] "Time taken to run script pipeline/24_proportions_attr_burd.R : 0.349000000000004 seconds"
[1] "Running script pipeline/24_sum_higher_geog_level_age_adjust_total_burden.R on Linux"
[1] "Time taken to run script pipeline/24_proportions_attr_burd.R : 0 seconds"                
[2] "Time taken to run script pipeline/24_proportions_attr_burd.R : 0 seconds"                
[3] "Time taken to run script pipeline/24_proportions_attr_burd.R : 110.821 seconds"          
[4] "Time taken to run script pipeline/24_proportions_attr_burd.R : 2.709 seconds"            
[5] "Time taken to run script pipeline/24_proportions_attr_burd.R : 0.247999999999998 seconds"
[1] "Running script pipeline/24_sum_higher_geog_level_age_adjust_total_burden.R on Linux"
[1] "Time taken to run script pipeline/23_sum_higher_geog_level_age_adjust.R : 0 seconds"      
[2] "Time taken to run script pipeline/23_sum_higher_geog_level_age_adjust.R : 0 seconds"      
[3] "Time taken to run script pipeline/23_sum_higher_geog_level_age_adjust.R : 1142.12 seconds"
[4] "Time taken to run script pipeline/23_sum_higher_geog_level_age_adjust.R : 17.461 seconds" 
[5] "Time taken to run script pipeline/23_sum_higher_geog_level_age_adjust.R : 3.439 seconds"  
[1] "Running script pipeline/24_proportions_attr_burd.R on Linux"
[1] "Time taken to run script pipeline/24_sum_higher_geog_level_age_adjust_total_burden.R : 0 seconds"                
[2] "Time taken to run script pipeline/24_sum_higher_geog_level_age_adjust_total_burden.R : 0 seconds"                
[3] "Time taken to run script pipeline/24_sum_higher_geog_level_age_adjust_total_burden.R : 110.721 seconds"          
[4] "Time taken to run script pipeline/24_sum_higher_geog_level_age_adjust_total_burden.R : 2.539 seconds"            
[5] "Time taken to run script pipeline/24_sum_higher_geog_level_age_adjust_total_burden.R : 0.255000000000003 seconds"
[1] "Running script pipeline/25_summary_attr_total_burd.R on Linux"
[1] "Time taken to run script pipeline/23_sum_higher_geog_level_age_adjust.R : 0 seconds"       
[2] "Time taken to run script pipeline/23_sum_higher_geog_level_age_adjust.R : 0 seconds"       
[3] "Time taken to run script pipeline/23_sum_higher_geog_level_age_adjust.R : 1234.954 seconds"
[4] "Time taken to run script pipeline/23_sum_higher_geog_level_age_adjust.R : 19.204 seconds"  
[5] "Time taken to run script pipeline/23_sum_higher_geog_level_age_adjust.R : 3.372 seconds"   
[1] "Running script pipeline/24_proportions_attr_burd.R on Linux"
[1] "Time taken to run script pipeline/24_sum_higher_geog_level_age_adjust_total_burden.R : 0 seconds"                
[2] "Time taken to run script pipeline/24_sum_higher_geog_level_age_adjust_total_burden.R : 0 seconds"                
[3] "Time taken to run script pipeline/24_sum_higher_geog_level_age_adjust_total_burden.R : 134.535 seconds"          
[4] "Time taken to run script pipeline/24_sum_higher_geog_level_age_adjust_total_burden.R : 2.541 seconds"            
[5] "Time taken to run script pipeline/24_sum_higher_geog_level_age_adjust_total_burden.R : 0.299000000000007 seconds"
[1] "Running script pipeline/25_summary_attr_total_burd.R on Linux"
[1] "Time taken to run script pipeline/24_proportions_attr_burd.R : 0 seconds"      
[2] "Time taken to run script pipeline/24_proportions_attr_burd.R : 0 seconds"      
[3] "Time taken to run script pipeline/24_proportions_attr_burd.R : 138.837 seconds"
[4] "Time taken to run script pipeline/24_proportions_attr_burd.R : 2.694 seconds"  
[5] "Time taken to run script pipeline/24_proportions_attr_burd.R : 0.313 seconds"  
[1] "Running script pipeline/24_sum_higher_geog_level_age_adjust_total_burden.R on Linux"
[1] "Time taken to run script pipeline/23_sum_higher_geog_level_age_adjust.R : 0 seconds"       
[2] "Time taken to run script pipeline/23_sum_higher_geog_level_age_adjust.R : 0 seconds"       
[3] "Time taken to run script pipeline/23_sum_higher_geog_level_age_adjust.R : 1297.251 seconds"
[4] "Time taken to run script pipeline/23_sum_higher_geog_level_age_adjust.R : 21.978 seconds"  
[5] "Time taken to run script pipeline/23_sum_higher_geog_level_age_adjust.R : 33.869 seconds"  
[1] "Running script pipeline/24_proportions_attr_burd.R on Linux"
[1] "Time taken to run script pipeline/24_proportions_attr_burd.R : 0 seconds"      
[2] "Time taken to run script pipeline/24_proportions_attr_burd.R : 0 seconds"      
[3] "Time taken to run script pipeline/24_proportions_attr_burd.R : 109.181 seconds"
[4] "Time taken to run script pipeline/24_proportions_attr_burd.R : 2.707 seconds"  
[5] "Time taken to run script pipeline/24_proportions_attr_burd.R : 0.226 seconds"  
[1] "Running script pipeline/24_sum_higher_geog_level_age_adjust_total_burden.R on Linux"
[1] "Time taken to run script pipeline/23_sum_higher_geog_level_age_adjust.R : 0 seconds"       
[2] "Time taken to run script pipeline/23_sum_higher_geog_level_age_adjust.R : 0 seconds"       
[3] "Time taken to run script pipeline/23_sum_higher_geog_level_age_adjust.R : 1369.231 seconds"
[4] "Time taken to run script pipeline/23_sum_higher_geog_level_age_adjust.R : 22.994 seconds"  
[5] "Time taken to run script pipeline/23_sum_higher_geog_level_age_adjust.R : 31.023 seconds"  
[1] "Running script pipeline/24_proportions_attr_burd.R on Linux"
[1] "Time taken to run script pipeline/24_sum_higher_geog_level_age_adjust_total_burden.R : 0 seconds"      
[2] "Time taken to run script pipeline/24_sum_higher_geog_level_age_adjust_total_burden.R : 0 seconds"      
[3] "Time taken to run script pipeline/24_sum_higher_geog_level_age_adjust_total_burden.R : 105.499 seconds"
[4] "Time taken to run script pipeline/24_sum_higher_geog_level_age_adjust_total_burden.R : 2.442 seconds"  
[5] "Time taken to run script pipeline/24_sum_higher_geog_level_age_adjust_total_burden.R : 0.333 seconds"  
[1] "Running script pipeline/25_summary_attr_total_burd.R on Linux"
[1] "Time taken to run script pipeline/23_sum_higher_geog_level_age_adjust.R : 0 seconds"       
[2] "Time taken to run script pipeline/23_sum_higher_geog_level_age_adjust.R : 0 seconds"       
[3] "Time taken to run script pipeline/23_sum_higher_geog_level_age_adjust.R : 1411.728 seconds"
[4] "Time taken to run script pipeline/23_sum_higher_geog_level_age_adjust.R : 21.099 seconds"  
[5] "Time taken to run script pipeline/23_sum_higher_geog_level_age_adjust.R : 21.673 seconds"  
[1] "Running script pipeline/24_proportions_attr_burd.R on Linux"
[1] "Time taken to run script pipeline/24_proportions_attr_burd.R : 0 seconds"                
[2] "Time taken to run script pipeline/24_proportions_attr_burd.R : 0 seconds"                
[3] "Time taken to run script pipeline/24_proportions_attr_burd.R : 117.35 seconds"           
[4] "Time taken to run script pipeline/24_proportions_attr_burd.R : 2.845 seconds"            
[5] "Time taken to run script pipeline/24_proportions_attr_burd.R : 0.195999999999998 seconds"
[1] "Running script pipeline/24_sum_higher_geog_level_age_adjust_total_burden.R on Linux"
[1] "Time taken to run script pipeline/24_sum_higher_geog_level_age_adjust_total_burden.R : 0 seconds"      
[2] "Time taken to run script pipeline/24_sum_higher_geog_level_age_adjust_total_burden.R : 0 seconds"      
[3] "Time taken to run script pipeline/24_sum_higher_geog_level_age_adjust_total_burden.R : 120.519 seconds"
[4] "Time taken to run script pipeline/24_sum_higher_geog_level_age_adjust_total_burden.R : 2.61 seconds"   
[5] "Time taken to run script pipeline/24_sum_higher_geog_level_age_adjust_total_burden.R : 0.3 seconds"    
[1] "Running script pipeline/25_summary_attr_total_burd.R on Linux"
[1] "Time taken to run script pipeline/23_sum_higher_geog_level_age_adjust.R : 0 seconds"       
[2] "Time taken to run script pipeline/23_sum_higher_geog_level_age_adjust.R : 0 seconds"       
[3] "Time taken to run script pipeline/23_sum_higher_geog_level_age_adjust.R : 1471.192 seconds"
[4] "Time taken to run script pipeline/23_sum_higher_geog_level_age_adjust.R : 23.653 seconds"  
[5] "Time taken to run script pipeline/23_sum_higher_geog_level_age_adjust.R : 10.178 seconds"  
[1] "Running script pipeline/24_proportions_attr_burd.R on Linux"
[1] "Time taken to run script pipeline/23_sum_higher_geog_level_age_adjust.R : 0 seconds"       
[2] "Time taken to run script pipeline/23_sum_higher_geog_level_age_adjust.R : 0 seconds"       
[3] "Time taken to run script pipeline/23_sum_higher_geog_level_age_adjust.R : 1493.136 seconds"
[4] "Time taken to run script pipeline/23_sum_higher_geog_level_age_adjust.R : 18.64 seconds"   
[5] "Time taken to run script pipeline/23_sum_higher_geog_level_age_adjust.R : 44.956 seconds"  
[1] "Running script pipeline/24_proportions_attr_burd.R on Linux"
[1] "Time taken to run script pipeline/24_sum_higher_geog_level_age_adjust_total_burden.R : 0.001 seconds"  
[2] "Time taken to run script pipeline/24_sum_higher_geog_level_age_adjust_total_burden.R : 0 seconds"      
[3] "Time taken to run script pipeline/24_sum_higher_geog_level_age_adjust_total_burden.R : 737.554 seconds"
[4] "Time taken to run script pipeline/24_sum_higher_geog_level_age_adjust_total_burden.R : 16.005 seconds" 
[5] "Time taken to run script pipeline/24_sum_higher_geog_level_age_adjust_total_burden.R : 5.003 seconds"  
[1] "Running script pipeline/25_summary_attr_total_burd.R on Linux"
[1] "Time taken to run script pipeline/24_proportions_attr_burd.R : 0 seconds"      
[2] "Time taken to run script pipeline/24_proportions_attr_burd.R : 0 seconds"      
[3] "Time taken to run script pipeline/24_proportions_attr_burd.R : 143.388 seconds"
[4] "Time taken to run script pipeline/24_proportions_attr_burd.R : 2.786 seconds"  
[5] "Time taken to run script pipeline/24_proportions_attr_burd.R : 0.262 seconds"  
[1] "Running script pipeline/24_sum_higher_geog_level_age_adjust_total_burden.R on Linux"
[1] "Time taken to run script pipeline/24_sum_higher_geog_level_age_adjust_total_burden.R : 0 seconds"                
[2] "Time taken to run script pipeline/24_sum_higher_geog_level_age_adjust_total_burden.R : 0.001 seconds"            
[3] "Time taken to run script pipeline/24_sum_higher_geog_level_age_adjust_total_burden.R : 126.082 seconds"          
[4] "Time taken to run script pipeline/24_sum_higher_geog_level_age_adjust_total_burden.R : 2.49 seconds"             
[5] "Time taken to run script pipeline/24_sum_higher_geog_level_age_adjust_total_burden.R : 0.211000000000006 seconds"
[1] "Running script pipeline/25_summary_attr_total_burd.R on Linux"
[1] "Time taken to run script pipeline/24_proportions_attr_burd.R : 0 seconds"                
[2] "Time taken to run script pipeline/24_proportions_attr_burd.R : 0 seconds"                
[3] "Time taken to run script pipeline/24_proportions_attr_burd.R : 133.041 seconds"          
[4] "Time taken to run script pipeline/24_proportions_attr_burd.R : 2.682 seconds"            
[5] "Time taken to run script pipeline/24_proportions_attr_burd.R : 0.227999999999998 seconds"
[1] "Running script pipeline/24_sum_higher_geog_level_age_adjust_total_burden.R on Linux"
[1] "Time taken to run script pipeline/25_summary_attr_total_burd.R : 0 seconds"      
[2] "Time taken to run script pipeline/25_summary_attr_total_burd.R : 0 seconds"      
[3] "Time taken to run script pipeline/25_summary_attr_total_burd.R : 698.145 seconds"
[4] "Time taken to run script pipeline/25_summary_attr_total_burd.R : 20.028 seconds" 
[5] "Time taken to run script pipeline/25_summary_attr_total_burd.R : 3.617 seconds"  
Year:  2003 agr_by:  nation[1] "Time taken to run script pipeline/24_sum_higher_geog_level_age_adjust_total_burden.R : 0 seconds"      
[2] "Time taken to run script pipeline/24_sum_higher_geog_level_age_adjust_total_burden.R : 0 seconds"      
[3] "Time taken to run script pipeline/24_sum_higher_geog_level_age_adjust_total_burden.R : 811.959 seconds"
[4] "Time taken to run script pipeline/24_sum_higher_geog_level_age_adjust_total_burden.R : 18.922 seconds" 
[5] "Time taken to run script pipeline/24_sum_higher_geog_level_age_adjust_total_burden.R : 8.543 seconds"  
[1] "Running script pipeline/25_summary_attr_total_burd.R on Linux"
[1] "Time taken to run script pipeline/24_proportions_attr_burd.R : 0 seconds"                
[2] "Time taken to run script pipeline/24_proportions_attr_burd.R : 0 seconds"                
[3] "Time taken to run script pipeline/24_proportions_attr_burd.R : 117.363 seconds"          
[4] "Time taken to run script pipeline/24_proportions_attr_burd.R : 2.515 seconds"            
[5] "Time taken to run script pipeline/24_proportions_attr_burd.R : 0.196999999999999 seconds"
[1] "Running script pipeline/24_sum_higher_geog_level_age_adjust_total_burden.R on Linux"
[1] "Time taken to run script pipeline/24_proportions_attr_burd.R : 0 seconds"                
[2] "Time taken to run script pipeline/24_proportions_attr_burd.R : 0 seconds"                
[3] "Time taken to run script pipeline/24_proportions_attr_burd.R : 106.206 seconds"          
[4] "Time taken to run script pipeline/24_proportions_attr_burd.R : 2.501 seconds"            
[5] "Time taken to run script pipeline/24_proportions_attr_burd.R : 0.169999999999995 seconds"
[1] "Running script pipeline/24_sum_higher_geog_level_age_adjust_total_burden.R on Linux"
[1] "Time taken to run script pipeline/24_sum_higher_geog_level_age_adjust_total_burden.R : 0.001 seconds"           
[2] "Time taken to run script pipeline/24_sum_higher_geog_level_age_adjust_total_burden.R : 0 seconds"               
[3] "Time taken to run script pipeline/24_sum_higher_geog_level_age_adjust_total_burden.R : 88.8590000000002 seconds"
[4] "Time taken to run script pipeline/24_sum_higher_geog_level_age_adjust_total_burden.R : 2.293 seconds"           
[5] "Time taken to run script pipeline/24_sum_higher_geog_level_age_adjust_total_burden.R : 0.163 seconds"           
[1] "Running script pipeline/25_summary_attr_total_burd.R on Linux"
[1] "Time taken to run script pipeline/24_sum_higher_geog_level_age_adjust_total_burden.R : 0 seconds"                
[2] "Time taken to run script pipeline/24_sum_higher_geog_level_age_adjust_total_burden.R : 0 seconds"                
[3] "Time taken to run script pipeline/24_sum_higher_geog_level_age_adjust_total_burden.R : 97.2269999999999 seconds" 
[4] "Time taken to run script pipeline/24_sum_higher_geog_level_age_adjust_total_burden.R : 2.405 seconds"            
[5] "Time taken to run script pipeline/24_sum_higher_geog_level_age_adjust_total_burden.R : 0.245000000000001 seconds"
[1] "Running script pipeline/25_summary_attr_total_burd.R on Linux"
[1] "Time taken to run script pipeline/25_summary_attr_total_burd.R : 0 seconds"      
[2] "Time taken to run script pipeline/25_summary_attr_total_burd.R : 0 seconds"      
[3] "Time taken to run script pipeline/25_summary_attr_total_burd.R : 667.274 seconds"
[4] "Time taken to run script pipeline/25_summary_attr_total_burd.R : 20.204 seconds" 
[5] "Time taken to run script pipeline/25_summary_attr_total_burd.R : 6.923 seconds"  
Year:  2001 agr_by:  nation[1] "Time taken to run script pipeline/24_sum_higher_geog_level_age_adjust_total_burden.R : 0 seconds"                
[2] "Time taken to run script pipeline/24_sum_higher_geog_level_age_adjust_total_burden.R : 0 seconds"                
[3] "Time taken to run script pipeline/24_sum_higher_geog_level_age_adjust_total_burden.R : 84.595 seconds"           
[4] "Time taken to run script pipeline/24_sum_higher_geog_level_age_adjust_total_burden.R : 2.408 seconds"            
[5] "Time taken to run script pipeline/24_sum_higher_geog_level_age_adjust_total_burden.R : 0.252000000000001 seconds"
[1] "Running script pipeline/25_summary_attr_total_burd.R on Linux"
[1] "Time taken to run script pipeline/24_sum_higher_geog_level_age_adjust_total_burden.R : 0 seconds"               
[2] "Time taken to run script pipeline/24_sum_higher_geog_level_age_adjust_total_burden.R : 0 seconds"               
[3] "Time taken to run script pipeline/24_sum_higher_geog_level_age_adjust_total_burden.R : 85.6479999999999 seconds"
[4] "Time taken to run script pipeline/24_sum_higher_geog_level_age_adjust_total_burden.R : 2.411 seconds"           
[5] "Time taken to run script pipeline/24_sum_higher_geog_level_age_adjust_total_burden.R : 0.238 seconds"           
[1] "Running script pipeline/25_summary_attr_total_burd.R on Linux"
[1] "Time taken to run script pipeline/25_summary_attr_total_burd.R : 0 seconds"      
[2] "Time taken to run script pipeline/25_summary_attr_total_burd.R : 0 seconds"      
[3] "Time taken to run script pipeline/25_summary_attr_total_burd.R : 832.234 seconds"
[4] "Time taken to run script pipeline/25_summary_attr_total_burd.R : 23.964 seconds" 
[5] "Time taken to run script pipeline/25_summary_attr_total_burd.R : 5.449 seconds"  
Year:  2015 agr_by:  nation[1] "Time taken to run script pipeline/25_summary_attr_total_burd.R : 0.001 seconds"  
[2] "Time taken to run script pipeline/25_summary_attr_total_burd.R : 0 seconds"      
[3] "Time taken to run script pipeline/25_summary_attr_total_burd.R : 882.512 seconds"
[4] "Time taken to run script pipeline/25_summary_attr_total_burd.R : 26.767 seconds" 
[5] "Time taken to run script pipeline/25_summary_attr_total_burd.R : 4.487 seconds"  
Year:  2010 agr_by:  nation[1] "Time taken to run script pipeline/24_sum_higher_geog_level_age_adjust_total_burden.R : 0 seconds"       
[2] "Time taken to run script pipeline/24_sum_higher_geog_level_age_adjust_total_burden.R : 0 seconds"       
[3] "Time taken to run script pipeline/24_sum_higher_geog_level_age_adjust_total_burden.R : 1147.598 seconds"
[4] "Time taken to run script pipeline/24_sum_higher_geog_level_age_adjust_total_burden.R : 27.759 seconds"  
[5] "Time taken to run script pipeline/24_sum_higher_geog_level_age_adjust_total_burden.R : 10.164 seconds"  
[1] "Running script pipeline/25_summary_attr_total_burd.R on Linux"
[1] "Time taken to run script pipeline/24_sum_higher_geog_level_age_adjust_total_burden.R : 0.001 seconds"   
[2] "Time taken to run script pipeline/24_sum_higher_geog_level_age_adjust_total_burden.R : 0 seconds"       
[3] "Time taken to run script pipeline/24_sum_higher_geog_level_age_adjust_total_burden.R : 1258.176 seconds"
[4] "Time taken to run script pipeline/24_sum_higher_geog_level_age_adjust_total_burden.R : 30.168 seconds"  
[5] "Time taken to run script pipeline/24_sum_higher_geog_level_age_adjust_total_burden.R : 6.7 seconds"     
[1] "Running script pipeline/25_summary_attr_total_burd.R on Linux"
[1] "Time taken to run script pipeline/25_summary_attr_total_burd.R : 0 seconds"       
[2] "Time taken to run script pipeline/25_summary_attr_total_burd.R : 0 seconds"       
[3] "Time taken to run script pipeline/25_summary_attr_total_burd.R : 1199.042 seconds"
[4] "Time taken to run script pipeline/25_summary_attr_total_burd.R : 35.91 seconds"   
[5] "Time taken to run script pipeline/25_summary_attr_total_burd.R : 7.283 seconds"   
Year:  2009 agr_by:  nation[1] "Time taken to run script pipeline/25_summary_attr_total_burd.R : 0 seconds"               
[2] "Time taken to run script pipeline/25_summary_attr_total_burd.R : 0 seconds"               
[3] "Time taken to run script pipeline/25_summary_attr_total_burd.R : 932.568 seconds"         
[4] "Time taken to run script pipeline/25_summary_attr_total_burd.R : 26.347 seconds"          
[5] "Time taken to run script pipeline/25_summary_attr_total_burd.R : 8.35599999999999 seconds"
Year:  2012 agr_by:  nation[1] "Time taken to run script pipeline/25_summary_attr_total_burd.R : 0 seconds"      
[2] "Time taken to run script pipeline/25_summary_attr_total_burd.R : 0 seconds"      
[3] "Time taken to run script pipeline/25_summary_attr_total_burd.R : 900.141 seconds"
[4] "Time taken to run script pipeline/25_summary_attr_total_burd.R : 26.2 seconds"   
[5] "Time taken to run script pipeline/25_summary_attr_total_burd.R : 8.169 seconds"  
Year:  2011 agr_by:  nation[1] "Time taken to run script pipeline/25_summary_attr_total_burd.R : 0.001 seconds"   
[2] "Time taken to run script pipeline/25_summary_attr_total_burd.R : 0 seconds"       
[3] "Time taken to run script pipeline/25_summary_attr_total_burd.R : 1364.112 seconds"
[4] "Time taken to run script pipeline/25_summary_attr_total_burd.R : 40.027 seconds"  
[5] "Time taken to run script pipeline/25_summary_attr_total_burd.R : 9.658 seconds"   
Year:  2013 agr_by:  nation[1] "Time taken to run script pipeline/25_summary_attr_total_burd.R : 0.001 seconds"  
[2] "Time taken to run script pipeline/25_summary_attr_total_burd.R : 0 seconds"      
[3] "Time taken to run script pipeline/25_summary_attr_total_burd.R : 804.362 seconds"
[4] "Time taken to run script pipeline/25_summary_attr_total_burd.R : 24.425 seconds" 
[5] "Time taken to run script pipeline/25_summary_attr_total_burd.R : 8.076 seconds"  
Year:  1997 agr_by:  nation[1] "Time taken to run script pipeline/25_summary_attr_total_burd.R : 0 seconds"      
[2] "Time taken to run script pipeline/25_summary_attr_total_burd.R : 0 seconds"      
[3] "Time taken to run script pipeline/25_summary_attr_total_burd.R : 767.933 seconds"
[4] "Time taken to run script pipeline/25_summary_attr_total_burd.R : 22.969 seconds" 
[5] "Time taken to run script pipeline/25_summary_attr_total_burd.R : 13.076 seconds" 
Year:  2007 agr_by:  nation[1] "Time taken to run script pipeline/25_summary_attr_total_burd.R : 0 seconds"      
[2] "Time taken to run script pipeline/25_summary_attr_total_burd.R : 0 seconds"      
[3] "Time taken to run script pipeline/25_summary_attr_total_burd.R : 1655.13 seconds"
[4] "Time taken to run script pipeline/25_summary_attr_total_burd.R : 47.818 seconds" 
[5] "Time taken to run script pipeline/25_summary_attr_total_burd.R : 14.899 seconds" 
Year:  1992 agr_by:  nation[1] "Time taken to run script pipeline/25_summary_attr_total_burd.R : 0 seconds"       
[2] "Time taken to run script pipeline/25_summary_attr_total_burd.R : 0 seconds"       
[3] "Time taken to run script pipeline/25_summary_attr_total_burd.R : 1768.854 seconds"
[4] "Time taken to run script pipeline/25_summary_attr_total_burd.R : 52.329 seconds"  
[5] "Time taken to run script pipeline/25_summary_attr_total_burd.R : 22.719 seconds"  
Year:  2016 agr_by:  nation[1] "Time taken to run script pipeline/25_summary_attr_total_burd.R : 0 seconds"       
[2] "Time taken to run script pipeline/25_summary_attr_total_burd.R : 0 seconds"       
[3] "Time taken to run script pipeline/25_summary_attr_total_burd.R : 1342.812 seconds"
[4] "Time taken to run script pipeline/25_summary_attr_total_burd.R : 48.711 seconds"  
[5] "Time taken to run script pipeline/25_summary_attr_total_burd.R : 19.146 seconds"  
Year:  1991 agr_by:  nation[1] "Time taken to run script pipeline/24_sum_higher_geog_level_age_adjust_total_burden.R : 0 seconds"       
[2] "Time taken to run script pipeline/24_sum_higher_geog_level_age_adjust_total_burden.R : 0 seconds"       
[3] "Time taken to run script pipeline/24_sum_higher_geog_level_age_adjust_total_burden.R : 2142.493 seconds"
[4] "Time taken to run script pipeline/24_sum_higher_geog_level_age_adjust_total_burden.R : 55.91 seconds"   
[5] "Time taken to run script pipeline/24_sum_higher_geog_level_age_adjust_total_burden.R : 11.936 seconds"  
[1] "Running script pipeline/25_summary_attr_total_burd.R on Linux"
[1] "Time taken to run script pipeline/25_summary_attr_total_burd.R : 0.001 seconds"   
[2] "Time taken to run script pipeline/25_summary_attr_total_burd.R : 0 seconds"       
[3] "Time taken to run script pipeline/25_summary_attr_total_burd.R : 1646.837 seconds"
[4] "Time taken to run script pipeline/25_summary_attr_total_burd.R : 58.979 seconds"  
[5] "Time taken to run script pipeline/25_summary_attr_total_burd.R : 18.527 seconds"  
Year:  1998 agr_by:  nation[1] "Time taken to run script pipeline/25_summary_attr_total_burd.R : 0 seconds"       
[2] "Time taken to run script pipeline/25_summary_attr_total_burd.R : 0 seconds"       
[3] "Time taken to run script pipeline/25_summary_attr_total_burd.R : 2172.826 seconds"
[4] "Time taken to run script pipeline/25_summary_attr_total_burd.R : 72.419 seconds"  
[5] "Time taken to run script pipeline/25_summary_attr_total_burd.R : 47.654 seconds"  
Year:  2000 agr_by:  nation[1] "Time taken to run script pipeline/25_summary_attr_total_burd.R : 0.001 seconds"   
[2] "Time taken to run script pipeline/25_summary_attr_total_burd.R : 0 seconds"       
[3] "Time taken to run script pipeline/25_summary_attr_total_burd.R : 2274.283 seconds"
[4] "Time taken to run script pipeline/25_summary_attr_total_burd.R : 77.198 seconds"  
[5] "Time taken to run script pipeline/25_summary_attr_total_burd.R : 55.385 seconds"  
Year:  2005 agr_by:  nation[1] "Time taken to run script pipeline/25_summary_attr_total_burd.R : 0 seconds"       
[2] "Time taken to run script pipeline/25_summary_attr_total_burd.R : 0 seconds"       
[3] "Time taken to run script pipeline/25_summary_attr_total_burd.R : 2503.957 seconds"
[4] "Time taken to run script pipeline/25_summary_attr_total_burd.R : 89.707 seconds"  
[5] "Time taken to run script pipeline/25_summary_attr_total_burd.R : 36.85 seconds"   
Year:  2002 agr_by:  nation[1] "Time taken to run script pipeline/25_summary_attr_total_burd.R : 0 seconds"      
[2] "Time taken to run script pipeline/25_summary_attr_total_burd.R : 0 seconds"      
[3] "Time taken to run script pipeline/25_summary_attr_total_burd.R : 2498.31 seconds"
[4] "Time taken to run script pipeline/25_summary_attr_total_burd.R : 89.105 seconds" 
[5] "Time taken to run script pipeline/25_summary_attr_total_burd.R : 36.609 seconds" 
Year:  2014 agr_by:  nation[1] "Time taken to run script pipeline/25_summary_attr_total_burd.R : 0 seconds"       
[2] "Time taken to run script pipeline/25_summary_attr_total_burd.R : 0 seconds"       
[3] "Time taken to run script pipeline/25_summary_attr_total_burd.R : 2127.569 seconds"
[4] "Time taken to run script pipeline/25_summary_attr_total_burd.R : 97.603 seconds"  
[5] "Time taken to run script pipeline/25_summary_attr_total_burd.R : 32.183 seconds"  
Year:  1996 agr_by:  nation[1] "Time taken to run script pipeline/25_summary_attr_total_burd.R : 0.001 seconds"   
[2] "Time taken to run script pipeline/25_summary_attr_total_burd.R : 0 seconds"       
[3] "Time taken to run script pipeline/25_summary_attr_total_burd.R : 2225.092 seconds"
[4] "Time taken to run script pipeline/25_summary_attr_total_burd.R : 106.208 seconds" 
[5] "Time taken to run script pipeline/25_summary_attr_total_burd.R : 27.691 seconds"  
Year:  2008 agr_by:  nation[1] "Time taken to run script pipeline/25_summary_attr_total_burd.R : 0 seconds"       
[2] "Time taken to run script pipeline/25_summary_attr_total_burd.R : 0 seconds"       
[3] "Time taken to run script pipeline/25_summary_attr_total_burd.R : 1932.282 seconds"
[4] "Time taken to run script pipeline/25_summary_attr_total_burd.R : 111.127 seconds" 
[5] "Time taken to run script pipeline/25_summary_attr_total_burd.R : 31.58 seconds"   
Year:  1995 agr_by:  nation[1] "Time taken to run script pipeline/25_summary_attr_total_burd.R : 0 seconds"       
[2] "Time taken to run script pipeline/25_summary_attr_total_burd.R : 0 seconds"       
[3] "Time taken to run script pipeline/25_summary_attr_total_burd.R : 1991.342 seconds"
[4] "Time taken to run script pipeline/25_summary_attr_total_burd.R : 125.303 seconds" 
[5] "Time taken to run script pipeline/25_summary_attr_total_burd.R : 27.593 seconds"  
Year:  1994 agr_by:  nation[1] "Time taken to run script pipeline/25_summary_attr_total_burd.R : 0 seconds"       
[2] "Time taken to run script pipeline/25_summary_attr_total_burd.R : 0 seconds"       
[3] "Time taken to run script pipeline/25_summary_attr_total_burd.R : 2545.543 seconds"
[4] "Time taken to run script pipeline/25_summary_attr_total_burd.R : 171.369 seconds" 
[5] "Time taken to run script pipeline/25_summary_attr_total_burd.R : 40.091 seconds"  
Year:  1990 agr_by:  nation[1] "Time taken to run script pipeline/25_summary_attr_total_burd.R : 0 seconds"       
[2] "Time taken to run script pipeline/25_summary_attr_total_burd.R : 0 seconds"       
[3] "Time taken to run script pipeline/25_summary_attr_total_burd.R : 2808.577 seconds"
[4] "Time taken to run script pipeline/25_summary_attr_total_burd.R : 232.729 seconds" 
[5] "Time taken to run script pipeline/25_summary_attr_total_burd.R : 48.624 seconds"  
Year:  2004 agr_by:  nationmarginalised svi and rural_urban class info to total_burden: 3296.735 sec elapsed
summed up county level estimates to  nation in year  1999: 0.779 sec elapsed
age standardised attributable burden: 4.486 sec elapsed
[1] "Time taken to run script pipeline/24_sum_higher_geog_level_age_adjust_total_burden.R : 0 seconds"       
[2] "Time taken to run script pipeline/24_sum_higher_geog_level_age_adjust_total_burden.R : 0.001 seconds"   
[3] "Time taken to run script pipeline/24_sum_higher_geog_level_age_adjust_total_burden.R : 3864.844 seconds"
[4] "Time taken to run script pipeline/24_sum_higher_geog_level_age_adjust_total_burden.R : 230.816 seconds" 
[5] "Time taken to run script pipeline/24_sum_higher_geog_level_age_adjust_total_burden.R : 10.1 seconds"    
[1] "Running script pipeline/25_summary_attr_total_burd.R on Linux"
[1] "Time taken to run script pipeline/25_summary_attr_total_burd.R : 0 seconds"       
[2] "Time taken to run script pipeline/25_summary_attr_total_burd.R : 0 seconds"       
[3] "Time taken to run script pipeline/25_summary_attr_total_burd.R : 3074.744 seconds"
[4] "Time taken to run script pipeline/25_summary_attr_total_burd.R : 302.077 seconds" 
[5] "Time taken to run script pipeline/25_summary_attr_total_burd.R : 52.612 seconds"  
Year:  2006 agr_by:  nationsummarized all burden and attributable burden data: 2041.757 sec elapsed
[1] "Time taken to run script pipeline/25_summary_attr_total_burd.R : 0 seconds"       
[2] "Time taken to run script pipeline/25_summary_attr_total_burd.R : 0 seconds"       
[3] "Time taken to run script pipeline/25_summary_attr_total_burd.R : 2103.526 seconds"
[4] "Time taken to run script pipeline/25_summary_attr_total_burd.R : 359.08 seconds"  
[5] "Time taken to run script pipeline/25_summary_attr_total_burd.R : 105.476 seconds" 
Year:  1993 agr_by:  nationsummarized all burden and attributable burden data: 545.23 sec elapsed
[1] "Time taken to run script pipeline/25_summary_attr_total_burd.R : 0 seconds"               
[2] "Time taken to run script pipeline/25_summary_attr_total_burd.R : 0.001 seconds"           
[3] "Time taken to run script pipeline/25_summary_attr_total_burd.R : 553.701999999999 seconds"
[4] "Time taken to run script pipeline/25_summary_attr_total_burd.R : 344.83 seconds"          
[5] "Time taken to run script pipeline/25_summary_attr_total_burd.R : 34.79 seconds"           
Year:  1999 agr_by:  nation